     1 00000000                                 [FORMAT "WCOFF"]
     2 00000000                                 [INSTRSET "i486p"]
     3 00000000                                 [OPTIMIZE 1]
     4 00000000                                 [OPTION 1]
     5 00000000                                 [BITS 32]
     6 00000000                                 	EXTERN	_api_putstr0
     7 00000000                                 	EXTERN	_api_end
     8 00000000                                 [FILE "iroha.c"]
     9                                          [SECTION .data]
    10 00000000                                 LC0:
    11 00000000 C8 D5 CE C4 D7 D6 BF E2 D2 D1   	DB	0xC8,0xD5,0xCE,0xC4,0xD7,0xD6,0xBF,0xE2,0xD2,0xD1,0xBE,0xAD,0xB2,0xBB,0xB1,0xBB,0xBC,0xD3,0xD4,0xD8,0xC1,0xCB,0xA3,0xAC,0xB4,0xCB,0xB3,0xCC,0xD0,0xF2,0xC3,0xBB,0xD3,0xD0,0xCA,0xB5,0xD6,0xCA,0xD7,0xF7,0xD3,0xC3,0xA1,0xA3,0xD0,0xBB,0xD0,0xBB,0xA1,0xA3,0x00
       0000000A BE AD B2 BB B1 BB BC D3 D4 D8 
       00000014 C1 CB A3 AC B4 CB B3 CC D0 F2 
       0000001E C3 BB D3 D0 CA B5 D6 CA D7 F7 
       00000028 D3 C3 A1 A3 D0 BB D0 BB A1 A3 
       00000032 00 
    12                                          [SECTION .text]
    13 00000000                                 	GLOBAL	_HariMain
    14 00000000                                 _HariMain:
    15 00000000 55                              	PUSH	EBP
    16 00000001 89 E5                           	MOV	EBP,ESP
    17 00000003 68 [00000000]                   	PUSH	LC0
    18 00000008 E8 [00000000]                   	CALL	_api_putstr0
    19 0000000D 58                              	POP	EAX
    20 0000000E C9                              	LEAVE
    21 0000000F E9 [00000000]                   	JMP	_api_end
