     1 00000000                                 [FORMAT "WCOFF"]
     2 00000000                                 [INSTRSET "i486p"]
     3 00000000                                 [OPTIMIZE 1]
     4 00000000                                 [OPTION 1]
     5 00000000                                 [BITS 32]
     6 00000000                                 	EXTERN	_api_initmalloc
     7 00000000                                 	EXTERN	_api_malloc
     8 00000000                                 	EXTERN	_api_openwin
     9 00000000                                 	EXTERN	_api_putstrwin
    10 00000000                                 	EXTERN	_api_getkey
    11 00000000                                 	EXTERN	_api_end
    12 00000000                                 [FILE "ver.c"]
    13                                          [SECTION .data]
    14 00000000                                 LC0:
    15 00000000 B0 E6 B1 BE 00                  	DB	0xB0,0xE6,0xB1,0xBE,0x00
    16 00000005                                 LC1:
    17 00000005 50 6F 6A 6F 73 20 6F 73 20 31   	DB	"Pojos os 1.0-pre1",0x00
       0000000F 2E 30 2D 70 72 65 31 00 
    18                                          [SECTION .text]
    19 00000000                                 	GLOBAL	_HariMain
    20 00000000                                 _HariMain:
    21 00000000 55                              	PUSH	EBP
    22 00000001 89 E5                           	MOV	EBP,ESP
    23 00000003 E8 [00000000]                   	CALL	_api_initmalloc
    24 00000008 68 00007530                     	PUSH	30000
    25 0000000D E8 [00000000]                   	CALL	_api_malloc
    26 00000012 68 [00000000]                   	PUSH	LC0
    27 00000017 6A FF                           	PUSH	-1
    28 00000019 6A 32                           	PUSH	50
    29 0000001B 68 000000B9                     	PUSH	185
    30 00000020 50                              	PUSH	EAX
    31 00000021 E8 [00000000]                   	CALL	_api_openwin
    32 00000026 68 [00000005]                   	PUSH	LC1
    33 0000002B 6A 0C                           	PUSH	12
    34 0000002D 6A 00                           	PUSH	0
    35 0000002F 6A 1C                           	PUSH	28
    36 00000031 6A 1C                           	PUSH	28
    37 00000033 50                              	PUSH	EAX
    38 00000034 E8 [00000000]                   	CALL	_api_putstrwin
    39 00000039 83 C4 30                        	ADD	ESP,48
    40 0000003C                                 L2:
    41 0000003C 6A 01                           	PUSH	1
    42 0000003E E8 [00000000]                   	CALL	_api_getkey
    43 00000043 5A                              	POP	EDX
    44 00000044 83 F8 0A                        	CMP	EAX,10
    45 00000047 75 F3                           	JNE	L2
    46 00000049 C9                              	LEAVE
    47 0000004A E9 [00000000]                   	JMP	_api_end
