     1 00000000                                 [FORMAT "WCOFF"]
     2 00000000                                 [INSTRSET "i486p"]
     3 00000000                                 [OPTIMIZE 1]
     4 00000000                                 [OPTION 1]
     5 00000000                                 [BITS 32]
     6 00000000                                 	EXTERN	_api_getlang
     7 00000000                                 	EXTERN	_api_end
     8 00000000                                 	EXTERN	_api_putstr0
     9 00000000                                 	EXTERN	_s1.0
    10 00000000                                 [FILE "chklang.c"]
    11                                          [SECTION .data]
    12 00000000                                 _s1.0:
    13 00000000 93                              	DB	-109
    14 00000001 FA                              	DB	-6
    15 00000002 96                              	DB	-106
    16 00000003 7B                              	DB	123
    17 00000004 8C                              	DB	-116
    18 00000005 EA                              	DB	-22
    19 00000006 83                              	DB	-125
    20 00000007 56                              	DB	86
    21 00000008 83                              	DB	-125
    22 00000009 74                              	DB	116
    23 0000000A 83                              	DB	-125
    24 0000000B 67                              	DB	103
    25 0000000C 4A                              	DB	74
    26 0000000D 49                              	DB	73
    27 0000000E 53                              	DB	83
    28 0000000F 83                              	DB	-125
    29 00000010 82                              	DB	-126
    30 00000011 81                              	DB	-127
    31 00000012 5B                              	DB	91
    32 00000013 83                              	DB	-125
    33 00000014 68                              	DB	104
    34 00000015 0A                              	DB	10
    35 00000016 00                              	DB	0
    36 00000017                                 LC1:
    37 00000017 D6 D0 CE C4 47 42 32 33 31 32   	DB	0xD6,0xD0,0xCE,0xC4,"GB2312",0xC4,0xA3,0xCA,0xBD,0x0A,0x00
       00000021 C4 A3 CA BD 0A 00 
    38 00000027                                 LC0:
    39 00000027 45 6E 67 6C 69 73 68 20 41 53   	DB	"English ASCII mode",0x0A,0x00
       00000031 43 49 49 20 6D 6F 64 65 0A 00 
    40                                          [SECTION .text]
    41 00000000                                 	GLOBAL	_HariMain
    42 00000000                                 _HariMain:
    43 00000000 55                              	PUSH	EBP
    44 00000001 89 E5                           	MOV	EBP,ESP
    45 00000003 53                              	PUSH	EBX
    46 00000004 E8 [00000000]                   	CALL	_api_getlang
    47 00000009 89 C3                           	MOV	EBX,EAX
    48 0000000B 85 C0                           	TEST	EAX,EAX
    49 0000000D 74 2D                           	JE	L5
    50 0000000F                                 L2:
    51 0000000F 83 FB 01                        	CMP	EBX,1
    52 00000012 74 1B                           	JE	L6
    53 00000014                                 L3:
    54 00000014 83 FB 02                        	CMP	EBX,2
    55 00000017 74 09                           	JE	L7
    56 00000019                                 L4:
    57 00000019 8B 5D FC                        	MOV	EBX,DWORD [-4+EBP]
    58 0000001C C9                              	LEAVE
    59 0000001D E9 [00000000]                   	JMP	_api_end
    60 00000022                                 L7:
    61 00000022 68 [00000017]                   	PUSH	LC1
    62 00000027 E8 [00000000]                   	CALL	_api_putstr0
    63 0000002C 58                              	POP	EAX
    64 0000002D EB EA                           	JMP	L4
    65 0000002F                                 L6:
    66 0000002F 68 [00000000]                   	PUSH	_s1.0
    67 00000034 E8 [00000000]                   	CALL	_api_putstr0
    68 00000039 5A                              	POP	EDX
    69 0000003A EB D8                           	JMP	L3
    70 0000003C                                 L5:
    71 0000003C 68 [00000027]                   	PUSH	LC0
    72 00000041 E8 [00000000]                   	CALL	_api_putstr0
    73 00000046 59                              	POP	ECX
    74 00000047 EB C6                           	JMP	L2
