     1 00000000                                 [FORMAT "WCOFF"]
     2 00000000                                 [INSTRSET "i486p"]
     3 00000000                                 [OPTIMIZE 1]
     4 00000000                                 [OPTION 1]
     5 00000000                                 [BITS 32]
     6 00000000                                 	EXTERN	_init_gdtidt
     7 00000000                                 	EXTERN	_init_pic
     8 00000000                                 	EXTERN	_io_sti
     9 00000000                                 	EXTERN	_fifo32_init
    10 00000000                                 	EXTERN	_init_pit
    11 00000000                                 	EXTERN	_init_keyboard
    12 00000000                                 	EXTERN	_enable_mouse
    13 00000000                                 	EXTERN	_io_out8
    14 00000000                                 	EXTERN	_memtest
    15 00000000                                 	EXTERN	_memman_init
    16 00000000                                 	EXTERN	_memman_free
    17 00000000                                 	EXTERN	_shtctl_init
    18 00000000                                 	EXTERN	_task_init
    19 00000000                                 	EXTERN	_task_run
    20 00000000                                 	EXTERN	_sheet_alloc
    21 00000000                                 	EXTERN	_memman_alloc_4k
    22 00000000                                 	EXTERN	_sheet_setbuf
    23 00000000                                 	EXTERN	_init_screen8
    24 00000000                                 	EXTERN	_init_mouse_cursor8
    25 00000000                                 	EXTERN	_sheet_slide
    26 00000000                                 	EXTERN	_sheet_updown
    27 00000000                                 	EXTERN	_fifo32_put
    28 00000000                                 	EXTERN	_file_readfat
    29 00000000                                 	EXTERN	_file_search
    30 00000000                                 	EXTERN	_file_loadfile2
    31 00000000                                 	EXTERN	_memman_free_4k
    32 00000000                                 	EXTERN	_fifo32_status
    33 00000000                                 	EXTERN	_io_cli
    34 00000000                                 	EXTERN	_fifo32_get
    35 00000000                                 	EXTERN	_keytable0.0
    36 00000000                                 	EXTERN	_get_day_of_week
    37 00000000                                 	EXTERN	_get_day_of_month
    38 00000000                                 	EXTERN	_get_mon_hex
    39 00000000                                 	EXTERN	_get_year
    40 00000000                                 	EXTERN	_sprintf
    41 00000000                                 	EXTERN	_putfonts8_asc_sht
    42 00000000                                 	EXTERN	_get_min_hex
    43 00000000                                 	EXTERN	_get_hour_hex
    44 00000000                                 	EXTERN	_sheet_refresh
    45 00000000                                 	EXTERN	_wait_KBC_sendready
    46 00000000                                 	EXTERN	_cons_putstr0
    47 00000000                                 	EXTERN	_asm_end_app
    48 00000000                                 	EXTERN	_keytable1.1
    49 00000000                                 	EXTERN	_mouse_decode
    50 00000000                                 	EXTERN	_taskctl
    51 00000000                                 	EXTERN	_sheet_free
    52 00000000                                 	EXTERN	_task_sleep
    53 00000000                                 	EXTERN	_hankaku
    54 00000000                                 	EXTERN	_change_wtitle8
    55 00000000                                 	EXTERN	_task_alloc
    56 00000000                                 	EXTERN	_console_task
    57 00000000                                 	EXTERN	_make_window8
    58 00000000                                 	EXTERN	_make_textbox8
    59 00000000                                 [FILE "bootpack.c"]
    60                                          [SECTION .data]
    61 00000000                                 _keytable0.0:
    62 00000000 00                              	DB	0
    63 00000001 00                              	DB	0
    64 00000002 31                              	DB	49
    65 00000003 32                              	DB	50
    66 00000004 33                              	DB	51
    67 00000005 34                              	DB	52
    68 00000006 35                              	DB	53
    69 00000007 36                              	DB	54
    70 00000008 37                              	DB	55
    71 00000009 38                              	DB	56
    72 0000000A 39                              	DB	57
    73 0000000B 30                              	DB	48
    74 0000000C 2D                              	DB	45
    75 0000000D 3D                              	DB	61
    76 0000000E 08                              	DB	8
    77 0000000F 00                              	DB	0
    78 00000010 51                              	DB	81
    79 00000011 57                              	DB	87
    80 00000012 45                              	DB	69
    81 00000013 52                              	DB	82
    82 00000014 54                              	DB	84
    83 00000015 59                              	DB	89
    84 00000016 55                              	DB	85
    85 00000017 49                              	DB	73
    86 00000018 4F                              	DB	79
    87 00000019 50                              	DB	80
    88 0000001A 5B                              	DB	91
    89 0000001B 5D                              	DB	93
    90 0000001C 0A                              	DB	10
    91 0000001D 00                              	DB	0
    92 0000001E 41                              	DB	65
    93 0000001F 53                              	DB	83
    94 00000020 44                              	DB	68
    95 00000021 46                              	DB	70
    96 00000022 47                              	DB	71
    97 00000023 48                              	DB	72
    98 00000024 4A                              	DB	74
    99 00000025 4B                              	DB	75
   100 00000026 4C                              	DB	76
   101 00000027 3B                              	DB	59
   102 00000028 27                              	DB	39
   103 00000029 60                              	DB	96
   104 0000002A 00                              	DB	0
   105 0000002B 5C                              	DB	92
   106 0000002C 5A                              	DB	90
   107 0000002D 58                              	DB	88
   108 0000002E 43                              	DB	67
   109 0000002F 56                              	DB	86
   110 00000030 42                              	DB	66
   111 00000031 4E                              	DB	78
   112 00000032 4D                              	DB	77
   113 00000033 2C                              	DB	44
   114 00000034 2E                              	DB	46
   115 00000035 2F                              	DB	47
   116 00000036 00                              	DB	0
   117 00000037 2A                              	DB	42
   118 00000038 00                              	DB	0
   119 00000039 20                              	DB	32
   120 0000003A 00                              	DB	0
   121 0000003B 00                              	DB	0
   122 0000003C 00                              	DB	0
   123 0000003D 00                              	DB	0
   124 0000003E 00                              	DB	0
   125 0000003F 00                              	DB	0
   126 00000040 00                              	DB	0
   127 00000041 00                              	DB	0
   128 00000042 00                              	DB	0
   129 00000043 00                              	DB	0
   130 00000044 00                              	DB	0
   131 00000045 00                              	DB	0
   132 00000046 00                              	DB	0
   133 00000047 37                              	DB	55
   134 00000048 00                              	DB	0
   135 00000049 39                              	DB	57
   136 0000004A 2D                              	DB	45
   137 0000004B 34                              	DB	52
   138 0000004C 35                              	DB	53
   139 0000004D 36                              	DB	54
   140 0000004E 2B                              	DB	43
   141 0000004F 31                              	DB	49
   142 00000050 00                              	DB	0
   143 00000051 33                              	DB	51
   144 00000052 30                              	DB	48
   145 00000053 2E                              	DB	46
   146 00000054 00                              	DB	0
   147 00000055 00                              	DB	0
   148 00000056 00                              	DB	0
   149 00000057 00                              	DB	0
   150 00000058 00                              	DB	0
   151 00000059 00                              	DB	0
   152 0000005A 00                              	DB	0
   153 0000005B 00                              	DB	0
   154 0000005C 00                              	DB	0
   155 0000005D 00                              	DB	0
   156 0000005E 00                              	DB	0
   157 0000005F 00                              	DB	0
   158 00000060 00                              	DB	0
   159 00000061 00                              	DB	0
   160 00000062 00                              	DB	0
   161 00000063 00                              	DB	0
   162 00000064 00                              	DB	0
   163 00000065 00                              	DB	0
   164 00000066 00                              	DB	0
   165 00000067 00                              	DB	0
   166 00000068 00                              	DB	0
   167 00000069 00                              	DB	0
   168 0000006A 00                              	DB	0
   169 0000006B 00                              	DB	0
   170 0000006C 00                              	DB	0
   171 0000006D 00                              	DB	0
   172 0000006E 00                              	DB	0
   173 0000006F 00                              	DB	0
   174 00000070 00                              	DB	0
   175 00000071 00                              	DB	0
   176 00000072 00                              	DB	0
   177 00000073 5C                              	DB	92
   178 00000074 00                              	DB	0
   179 00000075 00                              	DB	0
   180 00000076 00                              	DB	0
   181 00000077 00                              	DB	0
   182 00000078 00                              	DB	0
   183 00000079 00                              	DB	0
   184 0000007A 00                              	DB	0
   185 0000007B 00                              	DB	0
   186 0000007C 00                              	DB	0
   187 0000007D 5C                              	DB	92
   188 0000007E 00                              	DB	0
   189 0000007F 00                              	DB	0
   190 00000080                                 _keytable1.1:
   191 00000080 00                              	DB	0
   192 00000081 00                              	DB	0
   193 00000082 21                              	DB	33
   194 00000083 40                              	DB	64
   195 00000084 23                              	DB	35
   196 00000085 24                              	DB	36
   197 00000086 25                              	DB	37
   198 00000087 5E                              	DB	94
   199 00000088 26                              	DB	38
   200 00000089 2A                              	DB	42
   201 0000008A 28                              	DB	40
   202 0000008B 29                              	DB	41
   203 0000008C 5F                              	DB	95
   204 0000008D 2B                              	DB	43
   205 0000008E 08                              	DB	8
   206 0000008F 00                              	DB	0
   207 00000090 51                              	DB	81
   208 00000091 57                              	DB	87
   209 00000092 45                              	DB	69
   210 00000093 52                              	DB	82
   211 00000094 54                              	DB	84
   212 00000095 59                              	DB	89
   213 00000096 55                              	DB	85
   214 00000097 49                              	DB	73
   215 00000098 4F                              	DB	79
   216 00000099 50                              	DB	80
   217 0000009A 7B                              	DB	123
   218 0000009B 7D                              	DB	125
   219 0000009C 0A                              	DB	10
   220 0000009D 00                              	DB	0
   221 0000009E 41                              	DB	65
   222 0000009F 53                              	DB	83
   223 000000A0 44                              	DB	68
   224 000000A1 46                              	DB	70
   225 000000A2 47                              	DB	71
   226 000000A3 48                              	DB	72
   227 000000A4 4A                              	DB	74
   228 000000A5 4B                              	DB	75
   229 000000A6 4C                              	DB	76
   230 000000A7 3A                              	DB	58
   231 000000A8 22                              	DB	34
   232 000000A9 7E                              	DB	126
   233 000000AA 00                              	DB	0
   234 000000AB 7C                              	DB	124
   235 000000AC 5A                              	DB	90
   236 000000AD 58                              	DB	88
   237 000000AE 43                              	DB	67
   238 000000AF 56                              	DB	86
   239 000000B0 42                              	DB	66
   240 000000B1 4E                              	DB	78
   241 000000B2 4D                              	DB	77
   242 000000B3 3C                              	DB	60
   243 000000B4 3E                              	DB	62
   244 000000B5 3F                              	DB	63
   245 000000B6 00                              	DB	0
   246 000000B7 2A                              	DB	42
   247 000000B8 00                              	DB	0
   248 000000B9 20                              	DB	32
   249 000000BA 00                              	DB	0
   250 000000BB 00                              	DB	0
   251 000000BC 00                              	DB	0
   252 000000BD 00                              	DB	0
   253 000000BE 00                              	DB	0
   254 000000BF 00                              	DB	0
   255 000000C0 00                              	DB	0
   256 000000C1 00                              	DB	0
   257 000000C2 00                              	DB	0
   258 000000C3 00                              	DB	0
   259 000000C4 00                              	DB	0
   260 000000C5 00                              	DB	0
   261 000000C6 00                              	DB	0
   262 000000C7 37                              	DB	55
   263 000000C8 38                              	DB	56
   264 000000C9 39                              	DB	57
   265 000000CA 2D                              	DB	45
   266 000000CB 34                              	DB	52
   267 000000CC 35                              	DB	53
   268 000000CD 36                              	DB	54
   269 000000CE 2B                              	DB	43
   270 000000CF 31                              	DB	49
   271 000000D0 32                              	DB	50
   272 000000D1 33                              	DB	51
   273 000000D2 30                              	DB	48
   274 000000D3 2E                              	DB	46
   275 000000D4 00                              	DB	0
   276 000000D5 00                              	DB	0
   277 000000D6 00                              	DB	0
   278 000000D7 00                              	DB	0
   279 000000D8 00                              	DB	0
   280 000000D9 00                              	DB	0
   281 000000DA 00                              	DB	0
   282 000000DB 00                              	DB	0
   283 000000DC 00                              	DB	0
   284 000000DD 00                              	DB	0
   285 000000DE 00                              	DB	0
   286 000000DF 00                              	DB	0
   287 000000E0 00                              	DB	0
   288 000000E1 00                              	DB	0
   289 000000E2 00                              	DB	0
   290 000000E3 00                              	DB	0
   291 000000E4 00                              	DB	0
   292 000000E5 00                              	DB	0
   293 000000E6 00                              	DB	0
   294 000000E7 00                              	DB	0
   295 000000E8 00                              	DB	0
   296 000000E9 00                              	DB	0
   297 000000EA 00                              	DB	0
   298 000000EB 00                              	DB	0
   299 000000EC 00                              	DB	0
   300 000000ED 00                              	DB	0
   301 000000EE 00                              	DB	0
   302 000000EF 00                              	DB	0
   303 000000F0 00                              	DB	0
   304 000000F1 00                              	DB	0
   305 000000F2 00                              	DB	0
   306 000000F3 5F                              	DB	95
   307 000000F4 00                              	DB	0
   308 000000F5 00                              	DB	0
   309 000000F6 00                              	DB	0
   310 000000F7 00                              	DB	0
   311 000000F8 00                              	DB	0
   312 000000F9 00                              	DB	0
   313 000000FA 00                              	DB	0
   314 000000FB 00                              	DB	0
   315 000000FC 00                              	DB	0
   316 000000FD 7C                              	DB	124
   317 000000FE 00                              	DB	0
   318 000000FF 00                              	DB	0
   319 00000100                                 LC3:
   320 00000100 D6 DC C8 D5 00                  	DB	0xD6,0xDC,0xC8,0xD5,0x00
   321 00000105                                 LC4:
   322 00000105 D6 DC D2 BB 00                  	DB	0xD6,0xDC,0xD2,0xBB,0x00
   323 0000010A                                 LC5:
   324 0000010A D6 DC B6 FE 00                  	DB	0xD6,0xDC,0xB6,0xFE,0x00
   325 0000010F                                 LC6:
   326 0000010F D6 DC C8 FD 00                  	DB	0xD6,0xDC,0xC8,0xFD,0x00
   327 00000114                                 LC7:
   328 00000114 D6 DC CB C4 00                  	DB	0xD6,0xDC,0xCB,0xC4,0x00
   329 00000119                                 LC8:
   330 00000119 D6 DC CE E5 00                  	DB	0xD6,0xDC,0xCE,0xE5,0x00
   331 0000011E                                 LC9:
   332 0000011E D6 DC C1 F9 00                  	DB	0xD6,0xDC,0xC1,0xF9,0x00
   333 00000123 00                              	ALIGNB	4
   334 00000124                                 LC10:
   335 00000124 [00000100]                      	DD	LC3
   336 00000128 [00000105]                      	DD	LC4
   337 0000012C [0000010A]                      	DD	LC5
   338 00000130 [0000010F]                      	DD	LC6
   339 00000134 [00000114]                      	DD	LC7
   340 00000138 [00000119]                      	DD	LC8
   341 0000013C [0000011E]                      	DD	LC9
   342 00000140                                 LC0:
   343 00000140 48 5A 4B 31 36 2E 66 6E 74 00   	DB	"HZK16.fnt",0x00
   344 0000014A                                 LC11:
   345 0000014A 25 64 2D 25 64 2D 25 64 20 25   	DB	"%d-%d-%d %s",0x00
       00000154 73 00 
   346 00000156                                 LC12:
   347 00000156 25 64 3A 25 64 00               	DB	"%d:%d",0x00
   348 0000015C                                 LC1:
   349 0000015C 0A 42 72 65 61 6B 28 6B 65 79   	DB	0x0A,"Break(key) :",0x0A,0x00
       00000166 29 20 3A 0A 00 
   350 0000016B                                 LC2:
   351 0000016B 0A 42 72 65 61 6B 28 6D 6F 75   	DB	0x0A,"Break(mouse) :",0x0A,0x00
       00000175 73 65 29 20 3A 0A 00 
   352                                          [SECTION .text]
   353 00000000                                 	GLOBAL	_HariMain
   354 00000000                                 _HariMain:
   355 00000000 55                              	PUSH	EBP
   356 00000001 89 E5                           	MOV	EBP,ESP
   357 00000003 57                              	PUSH	EDI
   358 00000004 56                              	PUSH	ESI
   359 00000005 53                              	PUSH	EBX
   360 00000006 8D 75 84                        	LEA	ESI,DWORD [-124+EBP]
   361 00000009 81 EC 0000077C                  	SUB	ESP,1916
   362 0000000F 8D 5D A4                        	LEA	EBX,DWORD [-92+EBP]
   363 00000012 C7 85 FFFFF8C0 FFFFFFFF         	MOV	DWORD [-1856+EBP],-1
   364 0000001C C7 85 FFFFF8BC 00000000         	MOV	DWORD [-1860+EBP],0
   365 00000026 C7 85 FFFFF8B8 7FFFFFFF         	MOV	DWORD [-1864+EBP],2147483647
   366 00000030 C7 85 FFFFF8B4 00000000         	MOV	DWORD [-1868+EBP],0
   367 0000003A C7 85 FFFFF8A0 00000000         	MOV	DWORD [-1888+EBP],0
   368 00000044 A0 00000FF1                     	MOV	AL,BYTE [4081]
   369 00000049 C0 F8 04                        	SAR	AL,4
   370 0000004C 89 C2                           	MOV	EDX,EAX
   371 0000004E 83 E2 07                        	AND	EDX,7
   372 00000051 89 95 FFFFF89C                  	MOV	DWORD [-1892+EBP],EDX
   373 00000057 C7 85 FFFFF898 FFFFFFFF         	MOV	DWORD [-1896+EBP],-1
   374 00000061 C7 85 FFFFF894 FFFFFFFF         	MOV	DWORD [-1900+EBP],-1
   375 0000006B C7 85 FFFFF890 FFFFFFFF         	MOV	DWORD [-1904+EBP],-1
   376 00000075 C7 85 FFFFF88C 00000000         	MOV	DWORD [-1908+EBP],0
   377 0000007F C7 85 FFFFF888 00000000         	MOV	DWORD [-1912+EBP],0
   378 00000089 E8 [00000000]                   	CALL	_init_gdtidt
   379 0000008E E8 [00000000]                   	CALL	_init_pic
   380 00000093 E8 [00000000]                   	CALL	_io_sti
   381 00000098 8D 85 FFFFFD84                  	LEA	EAX,DWORD [-636+EBP]
   382 0000009E 6A 00                           	PUSH	0
   383 000000A0 50                              	PUSH	EAX
   384 000000A1 68 00000080                     	PUSH	128
   385 000000A6 53                              	PUSH	EBX
   386 000000A7 E8 [00000000]                   	CALL	_fifo32_init
   387 000000AC 89 1D 00000FEC                  	MOV	DWORD [4076],EBX
   388 000000B2 E8 [00000000]                   	CALL	_init_pit
   389 000000B7 68 00000100                     	PUSH	256
   390 000000BC 53                              	PUSH	EBX
   391 000000BD E8 [00000000]                   	CALL	_init_keyboard
   392 000000C2 8D 85 FFFFFCF4                  	LEA	EAX,DWORD [-780+EBP]
   393 000000C8 50                              	PUSH	EAX
   394 000000C9 68 00000200                     	PUSH	512
   395 000000CE 53                              	PUSH	EBX
   396 000000CF E8 [00000000]                   	CALL	_enable_mouse
   397 000000D4 83 C4 24                        	ADD	ESP,36
   398 000000D7 68 000000F8                     	PUSH	248
   399 000000DC 6A 21                           	PUSH	33
   400 000000DE E8 [00000000]                   	CALL	_io_out8
   401 000000E3 68 000000EF                     	PUSH	239
   402 000000E8 68 000000A1                     	PUSH	161
   403 000000ED E8 [00000000]                   	CALL	_io_out8
   404 000000F2 8D 85 FFFFFD04                  	LEA	EAX,DWORD [-764+EBP]
   405 000000F8 6A 00                           	PUSH	0
   406 000000FA 50                              	PUSH	EAX
   407 000000FB 6A 20                           	PUSH	32
   408 000000FD 56                              	PUSH	ESI
   409 000000FE E8 [00000000]                   	CALL	_fifo32_init
   410 00000103 83 C4 20                        	ADD	ESP,32
   411 00000106 68 BFFFFFFF                     	PUSH	-1073741825
   412 0000010B 68 00400000                     	PUSH	4194304
   413 00000110 E8 [00000000]                   	CALL	_memtest
   414 00000115 68 003C0000                     	PUSH	3932160
   415 0000011A 89 85 FFFFF8B0                  	MOV	DWORD [-1872+EBP],EAX
   416 00000120 E8 [00000000]                   	CALL	_memman_init
   417 00000125 68 0009E000                     	PUSH	647168
   418 0000012A 68 00001000                     	PUSH	4096
   419 0000012F 68 003C0000                     	PUSH	3932160
   420 00000134 E8 [00000000]                   	CALL	_memman_free
   421 00000139 8B 85 FFFFF8B0                  	MOV	EAX,DWORD [-1872+EBP]
   422 0000013F 2D 00400000                     	SUB	EAX,4194304
   423 00000144 50                              	PUSH	EAX
   424 00000145 68 00400000                     	PUSH	4194304
   425 0000014A 68 003C0000                     	PUSH	3932160
   426 0000014F E8 [00000000]                   	CALL	_memman_free
   427 00000154 83 C4 24                        	ADD	ESP,36
   428 00000157 0F BF 05 00000FF6               	MOVSX	EAX,WORD [4086]
   429 0000015E 50                              	PUSH	EAX
   430 0000015F 0F BF 05 00000FF4               	MOVSX	EAX,WORD [4084]
   431 00000166 50                              	PUSH	EAX
   432 00000167 FF 35 00000FF8                  	PUSH	DWORD [4088]
   433 0000016D 68 003C0000                     	PUSH	3932160
   434 00000172 E8 [00000000]                   	CALL	_shtctl_init
   435 00000177 68 003C0000                     	PUSH	3932160
   436 0000017C 89 85 FFFFF8CC                  	MOV	DWORD [-1844+EBP],EAX
   437 00000182 E8 [00000000]                   	CALL	_task_init
   438 00000187 6A 02                           	PUSH	2
   439 00000189 6A 01                           	PUSH	1
   440 0000018B 89 85 FFFFF8A4                  	MOV	DWORD [-1884+EBP],EAX
   441 00000191 50                              	PUSH	EAX
   442 00000192 89 45 BC                        	MOV	DWORD [-68+EBP],EAX
   443 00000195 E8 [00000000]                   	CALL	_task_run
   444 0000019A 83 C4 20                        	ADD	ESP,32
   445 0000019D 8B 95 FFFFF8A4                  	MOV	EDX,DWORD [-1884+EBP]
   446 000001A3 8B 85 FFFFF8CC                  	MOV	EAX,DWORD [-1844+EBP]
   447 000001A9 A3 00000FE4                     	MOV	DWORD [4068],EAX
   448 000001AE C6 82 000000BC 02               	MOV	BYTE [188+EDX],2
   449 000001B5 50                              	PUSH	EAX
   450 000001B6 E8 [00000000]                   	CALL	_sheet_alloc
   451 000001BB 0F BF 15 00000FF6               	MOVSX	EDX,WORD [4086]
   452 000001C2 89 85 FFFFF8AC                  	MOV	DWORD [-1876+EBP],EAX
   453 000001C8 0F BF 05 00000FF4               	MOVSX	EAX,WORD [4084]
   454 000001CF 0F AF C2                        	IMUL	EAX,EDX
   455 000001D2 C1 E0 02                        	SAL	EAX,2
   456 000001D5 50                              	PUSH	EAX
   457 000001D6 68 003C0000                     	PUSH	3932160
   458 000001DB E8 [00000000]                   	CALL	_memman_alloc_4k
   459 000001E0 6A FF                           	PUSH	-1
   460 000001E2 89 C3                           	MOV	EBX,EAX
   461 000001E4 0F BF 05 00000FF6               	MOVSX	EAX,WORD [4086]
   462 000001EB 50                              	PUSH	EAX
   463 000001EC 0F BF 05 00000FF4               	MOVSX	EAX,WORD [4084]
   464 000001F3 50                              	PUSH	EAX
   465 000001F4 53                              	PUSH	EBX
   466 000001F5 FF B5 FFFFF8AC                  	PUSH	DWORD [-1876+EBP]
   467 000001FB E8 [00000000]                   	CALL	_sheet_setbuf
   468 00000200 83 C4 20                        	ADD	ESP,32
   469 00000203 0F BF 05 00000FF6               	MOVSX	EAX,WORD [4086]
   470 0000020A 50                              	PUSH	EAX
   471 0000020B 0F BF 05 00000FF4               	MOVSX	EAX,WORD [4084]
   472 00000212 50                              	PUSH	EAX
   473 00000213 53                              	PUSH	EBX
   474 00000214 8D 9D FFFFF8F4                  	LEA	EBX,DWORD [-1804+EBP]
   475 0000021A E8 [00000000]                   	CALL	_init_screen8
   476 0000021F FF B5 FFFFF8B0                  	PUSH	DWORD [-1872+EBP]
   477 00000225 FF B5 FFFFF8CC                  	PUSH	DWORD [-1844+EBP]
   478 0000022B E8 00000C3F                     	CALL	_open_console
   479 00000230 FF B5 FFFFF8CC                  	PUSH	DWORD [-1844+EBP]
   480 00000236 89 85 FFFFF884                  	MOV	DWORD [-1916+EBP],EAX
   481 0000023C E8 [00000000]                   	CALL	_sheet_alloc
   482 00000241 6A 63                           	PUSH	99
   483 00000243 6A 10                           	PUSH	16
   484 00000245 89 85 FFFFF8A8                  	MOV	DWORD [-1880+EBP],EAX
   485 0000024B 6A 10                           	PUSH	16
   486 0000024D 53                              	PUSH	EBX
   487 0000024E 50                              	PUSH	EAX
   488 0000024F E8 [00000000]                   	CALL	_sheet_setbuf
   489 00000254 83 C4 2C                        	ADD	ESP,44
   490 00000257 6A 63                           	PUSH	99
   491 00000259 53                              	PUSH	EBX
   492 0000025A BB 00000002                     	MOV	EBX,2
   493 0000025F E8 [00000000]                   	CALL	_init_mouse_cursor8
   494 00000264 0F BF 05 00000FF4               	MOVSX	EAX,WORD [4084]
   495 0000026B 8D 48 F0                        	LEA	ECX,DWORD [-16+EAX]
   496 0000026E 89 C8                           	MOV	EAX,ECX
   497 00000270 99                              	CDQ
   498 00000271 F7 FB                           	IDIV	EBX
   499 00000273 89 85 FFFFF8C8                  	MOV	DWORD [-1848+EBP],EAX
   500 00000279 0F BF 05 00000FF6               	MOVSX	EAX,WORD [4086]
   501 00000280 6A 00                           	PUSH	0
   502 00000282 8D 48 D4                        	LEA	ECX,DWORD [-44+EAX]
   503 00000285 6A 00                           	PUSH	0
   504 00000287 89 C8                           	MOV	EAX,ECX
   505 00000289 99                              	CDQ
   506 0000028A F7 FB                           	IDIV	EBX
   507 0000028C FF B5 FFFFF8AC                  	PUSH	DWORD [-1876+EBP]
   508 00000292 89 85 FFFFF8C4                  	MOV	DWORD [-1852+EBP],EAX
   509 00000298 E8 [00000000]                   	CALL	_sheet_slide
   510 0000029D 6A 04                           	PUSH	4
   511 0000029F 6A 20                           	PUSH	32
   512 000002A1 FF B5 FFFFF884                  	PUSH	DWORD [-1916+EBP]
   513 000002A7 E8 [00000000]                   	CALL	_sheet_slide
   514 000002AC 83 C4 20                        	ADD	ESP,32
   515 000002AF FF B5 FFFFF8C4                  	PUSH	DWORD [-1852+EBP]
   516 000002B5 FF B5 FFFFF8C8                  	PUSH	DWORD [-1848+EBP]
   517 000002BB FF B5 FFFFF8A8                  	PUSH	DWORD [-1880+EBP]
   518 000002C1 E8 [00000000]                   	CALL	_sheet_slide
   519 000002C6 6A 00                           	PUSH	0
   520 000002C8 FF B5 FFFFF8AC                  	PUSH	DWORD [-1876+EBP]
   521 000002CE E8 [00000000]                   	CALL	_sheet_updown
   522 000002D3 6A 01                           	PUSH	1
   523 000002D5 FF B5 FFFFF884                  	PUSH	DWORD [-1916+EBP]
   524 000002DB E8 [00000000]                   	CALL	_sheet_updown
   525 000002E0 6A 02                           	PUSH	2
   526 000002E2 FF B5 FFFFF8A8                  	PUSH	DWORD [-1880+EBP]
   527 000002E8 E8 [00000000]                   	CALL	_sheet_updown
   528 000002ED 83 C4 24                        	ADD	ESP,36
   529 000002F0 FF B5 FFFFF884                  	PUSH	DWORD [-1916+EBP]
   530 000002F6 E8 00000AA0                     	CALL	_keywin_on
   531 000002FB 68 000000ED                     	PUSH	237
   532 00000300 56                              	PUSH	ESI
   533 00000301 E8 [00000000]                   	CALL	_fifo32_put
   534 00000306 FF B5 FFFFF89C                  	PUSH	DWORD [-1892+EBP]
   535 0000030C 56                              	PUSH	ESI
   536 0000030D E8 [00000000]                   	CALL	_fifo32_put
   537 00000312 68 000BABA0                     	PUSH	764832
   538 00000317 68 003C0000                     	PUSH	3932160
   539 0000031C E8 [00000000]                   	CALL	_memman_alloc_4k
   540 00000321 68 00002D00                     	PUSH	11520
   541 00000326 68 003C0000                     	PUSH	3932160
   542 0000032B E8 [00000000]                   	CALL	_memman_alloc_4k
   543 00000330 83 C4 24                        	ADD	ESP,36
   544 00000333 89 C3                           	MOV	EBX,EAX
   545 00000335 68 00100200                     	PUSH	1049088
   546 0000033A 50                              	PUSH	EAX
   547 0000033B E8 [00000000]                   	CALL	_file_readfat
   548 00000340 68 000000E0                     	PUSH	224
   549 00000345 68 00102600                     	PUSH	1058304
   550 0000034A 68 [00000140]                   	PUSH	LC0
   551 0000034F E8 [00000000]                   	CALL	_file_search
   552 00000354 83 C4 14                        	ADD	ESP,20
   553 00000357 89 C2                           	MOV	EDX,EAX
   554 00000359 85 C0                           	TEST	EAX,EAX
   555 0000035B 0F 84 000009A2                  	JE	L2
   556 00000361 8B 40 1C                        	MOV	EAX,DWORD [28+EAX]
   557 00000364 53                              	PUSH	EBX
   558 00000365 89 85 FFFFF8D0                  	MOV	DWORD [-1840+EBP],EAX
   559 0000036B 8D 85 FFFFF8D0                  	LEA	EAX,DWORD [-1840+EBP]
   560 00000371 50                              	PUSH	EAX
   561 00000372 0F B7 42 1A                     	MOVZX	EAX,WORD [26+EDX]
   562 00000376 50                              	PUSH	EAX
   563 00000377 E8 [00000000]                   	CALL	_file_loadfile2
   564 0000037C 83 C4 0C                        	ADD	ESP,12
   565 0000037F 89 C1                           	MOV	ECX,EAX
   566 00000381                                 L3:
   567 00000381 89 0D 00000FE8                  	MOV	DWORD [4072],ECX
   568 00000387 68 00002D00                     	PUSH	11520
   569 0000038C 53                              	PUSH	EBX
   570 0000038D 68 003C0000                     	PUSH	3932160
   571 00000392 E8 [00000000]                   	CALL	_memman_free_4k
   572 00000397                                 L89:
   573 00000397 83 C4 0C                        	ADD	ESP,12
   574 0000039A                                 L14:
   575 0000039A 8D 5D 84                        	LEA	EBX,DWORD [-124+EBP]
   576 0000039D 53                              	PUSH	EBX
   577 0000039E E8 [00000000]                   	CALL	_fifo32_status
   578 000003A3 5A                              	POP	EDX
   579 000003A4 85 C0                           	TEST	EAX,EAX
   580 000003A6 7E 0D                           	JLE	L17
   581 000003A8 83 BD FFFFF898 00               	CMP	DWORD [-1896+EBP],0
   582 000003AF 0F 88 00000928                  	JS	L92
   583 000003B5                                 L17:
   584 000003B5 8D 5D A4                        	LEA	EBX,DWORD [-92+EBP]
   585 000003B8 E8 [00000000]                   	CALL	_io_cli
   586 000003BD 53                              	PUSH	EBX
   587 000003BE E8 [00000000]                   	CALL	_fifo32_status
   588 000003C3 5F                              	POP	EDI
   589 000003C4 85 C0                           	TEST	EAX,EAX
   590 000003C6 0F 84 00000890                  	JE	L93
   591 000003CC 53                              	PUSH	EBX
   592 000003CD E8 [00000000]                   	CALL	_fifo32_get
   593 000003D2 89 85 FFFFF8D0                  	MOV	DWORD [-1840+EBP],EAX
   594 000003D8 E8 [00000000]                   	CALL	_io_sti
   595 000003DD 5B                              	POP	EBX
   596 000003DE 83 BD FFFFF884 00               	CMP	DWORD [-1916+EBP],0
   597 000003E5 74 3B                           	JE	L24
   598 000003E7 8B 95 FFFFF884                  	MOV	EDX,DWORD [-1916+EBP]
   599 000003ED 83 7A 1C 00                     	CMP	DWORD [28+EDX],0
   600 000003F1 75 2F                           	JNE	L24
   601 000003F3 8B 95 FFFFF8CC                  	MOV	EDX,DWORD [-1844+EBP]
   602 000003F9 C7 85 FFFFF884 00000000         	MOV	DWORD [-1916+EBP],0
   603 00000403 8B 42 10                        	MOV	EAX,DWORD [16+EDX]
   604 00000406 83 F8 01                        	CMP	EAX,1
   605 00000409 74 17                           	JE	L24
   606 0000040B 8B 95 FFFFF8CC                  	MOV	EDX,DWORD [-1844+EBP]
   607 00000411 8B 44 82 10                     	MOV	EAX,DWORD [16+EDX+EAX*4]
   608 00000415 50                              	PUSH	EAX
   609 00000416 89 85 FFFFF884                  	MOV	DWORD [-1916+EBP],EAX
   610 0000041C E8 0000097A                     	CALL	_keywin_on
   611 00000421 59                              	POP	ECX
   612 00000422                                 L24:
   613 00000422 8B 95 FFFFF8D0                  	MOV	EDX,DWORD [-1840+EBP]
   614 00000428 8D 82 FFFFFF00                  	LEA	EAX,DWORD [-256+EDX]
   615 0000042E 3D 000000FF                     	CMP	EAX,255
   616 00000433 0F 87 00000462                  	JA	L27
   617 00000439 81 FA 0000017F                  	CMP	EDX,383
   618 0000043F 0F 8F 0000044D                  	JG	L28
   619 00000445 83 BD FFFFF8A0 00               	CMP	DWORD [-1888+EBP],0
   620 0000044C 0F 85 00000435                  	JNE	L29
   621 00000452 8A 82 [FFFFFF00]                	MOV	AL,BYTE [_keytable0.0-256+EDX]
   622 00000458                                 L90:
   623 00000458 88 45 C4                        	MOV	BYTE [-60+EBP],AL
   624 0000045B                                 L31:
   625 0000045B 8A 55 C4                        	MOV	DL,BYTE [-60+EBP]
   626 0000045E 8D 42 BF                        	LEA	EAX,DWORD [-65+EDX]
   627 00000461 3C 19                           	CMP	AL,25
   628 00000463 77 1D                           	JA	L32
   629 00000465 F7 85 FFFFF89C 00000004         	TEST	DWORD [-1892+EBP],4
   630 0000046F 0F 85 00000403                  	JNE	L87
   631 00000475 83 BD FFFFF8A0 00               	CMP	DWORD [-1888+EBP],0
   632 0000047C 0F 84 000003EB                  	JE	L34
   633 00000482                                 L32:
   634 00000482 8A 45 C4                        	MOV	AL,BYTE [-60+EBP]
   635 00000485 84 C0                           	TEST	AL,AL
   636 00000487 74 26                           	JE	L36
   637 00000489 83 BD FFFFF884 00               	CMP	DWORD [-1916+EBP],0
   638 00000490 74 1D                           	JE	L36
   639 00000492 0F BE C0                        	MOVSX	EAX,AL
   640 00000495 8B 95 FFFFF884                  	MOV	EDX,DWORD [-1916+EBP]
   641 0000049B 05 00000100                     	ADD	EAX,256
   642 000004A0 50                              	PUSH	EAX
   643 000004A1 8B 42 24                        	MOV	EAX,DWORD [36+EDX]
   644 000004A4 83 C0 10                        	ADD	EAX,16
   645 000004A7 50                              	PUSH	EAX
   646 000004A8 E8 [00000000]                   	CALL	_fifo32_put
   647 000004AD 58                              	POP	EAX
   648 000004AE 5A                              	POP	EDX
   649 000004AF                                 L36:
   650 000004AF 81 BD FFFFF8D0 0000010F         	CMP	DWORD [-1840+EBP],271
   651 000004B9 0F 84 00000363                  	JE	L94
   652 000004BF                                 L37:
   653 000004BF 8B 85 FFFFF8D0                  	MOV	EAX,DWORD [-1840+EBP]
   654 000004C5 3D 0000012A                     	CMP	EAX,298
   655 000004CA 0F 84 00000346                  	JE	L95
   656 000004D0                                 L39:
   657 000004D0 3D 00000136                     	CMP	EAX,310
   658 000004D5 0F 84 0000032F                  	JE	L96
   659 000004DB                                 L40:
   660 000004DB 3D 000001AA                     	CMP	EAX,426
   661 000004E0 0F 84 00000318                  	JE	L97
   662 000004E6                                 L41:
   663 000004E6 3D 000001B6                     	CMP	EAX,438
   664 000004EB 0F 84 00000301                  	JE	L98
   665 000004F1                                 L42:
   666 000004F1 3D 0000013A                     	CMP	EAX,314
   667 000004F6 0F 84 000002CD                  	JE	L99
   668 000004FC                                 L43:
   669 000004FC 81 BD FFFFF8D0 00000145         	CMP	DWORD [-1840+EBP],325
   670 00000506 0F 84 00000294                  	JE	L100
   671 0000050C                                 L44:
   672 0000050C 81 BD FFFFF8D0 00000146         	CMP	DWORD [-1840+EBP],326
   673 00000516 0F 84 0000025B                  	JE	L101
   674 0000051C                                 L45:
   675 0000051C 81 BD FFFFF8D0 0000013B         	CMP	DWORD [-1840+EBP],315
   676 00000526 0F 84 000001DD                  	JE	L102
   677 0000052C                                 L46:
   678 0000052C 81 BD FFFFF8D0 0000013C         	CMP	DWORD [-1840+EBP],316
   679 00000536 0F 84 00000163                  	JE	L103
   680 0000053C                                 L48:
   681 0000053C 81 BD FFFFF8D0 00000157         	CMP	DWORD [-1840+EBP],343
   682 00000546 0F 84 00000139                  	JE	L104
   683 0000054C                                 L50:
   684 0000054C 8B 85 FFFFF8D0                  	MOV	EAX,DWORD [-1840+EBP]
   685 00000552 3D 000001FA                     	CMP	EAX,506
   686 00000557 0F 84 00000119                  	JE	L105
   687 0000055D                                 L51:
   688 0000055D 3D 000001FE                     	CMP	EAX,510
   689 00000562 0F 84 000000F5                  	JE	L106
   690 00000568                                 L53:
   691 00000568 FC                              	CLD
   692 00000569 8D BD FFFFF8D4                  	LEA	EDI,DWORD [-1836+EBP]
   693 0000056F BE [00000124]                   	MOV	ESI,LC10
   694 00000574 B9 00000007                     	MOV	ECX,7
   695 00000579 8D 5D C4                        	LEA	EBX,DWORD [-60+EBP]
   696 0000057C F3                              	REP
   697 0000057D A5                              	MOVSD
   698 0000057E E8 [00000000]                   	CALL	_get_day_of_week
   699 00000583 FF B4 85 FFFFF8D4               	PUSH	DWORD [-1836+EBP+EAX*4]
   700 0000058A E8 [00000000]                   	CALL	_get_day_of_month
   701 0000058F 50                              	PUSH	EAX
   702 00000590 E8 [00000000]                   	CALL	_get_mon_hex
   703 00000595 50                              	PUSH	EAX
   704 00000596 E8 [00000000]                   	CALL	_get_year
   705 0000059B 50                              	PUSH	EAX
   706 0000059C 68 [0000014A]                   	PUSH	LC11
   707 000005A1 53                              	PUSH	EBX
   708 000005A2 E8 [00000000]                   	CALL	_sprintf
   709 000005A7 6A 0F                           	PUSH	15
   710 000005A9 53                              	PUSH	EBX
   711 000005AA 68 00F5F5F5                     	PUSH	16119285
   712 000005AF 6A 00                           	PUSH	0
   713 000005B1 0F BF 05 00000FF6               	MOVSX	EAX,WORD [4086]
   714 000005B8 83 E8 14                        	SUB	EAX,20
   715 000005BB 50                              	PUSH	EAX
   716 000005BC 0F BF 05 00000FF4               	MOVSX	EAX,WORD [4084]
   717 000005C3 2D 000000B4                     	SUB	EAX,180
   718 000005C8 50                              	PUSH	EAX
   719 000005C9 FF B5 FFFFF8AC                  	PUSH	DWORD [-1876+EBP]
   720 000005CF E8 [00000000]                   	CALL	_putfonts8_asc_sht
   721 000005D4 83 C4 34                        	ADD	ESP,52
   722 000005D7 E8 [00000000]                   	CALL	_get_min_hex
   723 000005DC 50                              	PUSH	EAX
   724 000005DD E8 [00000000]                   	CALL	_get_hour_hex
   725 000005E2 50                              	PUSH	EAX
   726 000005E3 68 [00000156]                   	PUSH	LC12
   727 000005E8 53                              	PUSH	EBX
   728 000005E9 E8 [00000000]                   	CALL	_sprintf
   729 000005EE 6A 05                           	PUSH	5
   730 000005F0 53                              	PUSH	EBX
   731 000005F1 68 00F5F5F5                     	PUSH	16119285
   732 000005F6 6A 00                           	PUSH	0
   733 000005F8 0F BF 05 00000FF6               	MOVSX	EAX,WORD [4086]
   734 000005FF 83 E8 14                        	SUB	EAX,20
   735 00000602 50                              	PUSH	EAX
   736 00000603 0F BF 05 00000FF4               	MOVSX	EAX,WORD [4084]
   737 0000060A 83 E8 2D                        	SUB	EAX,45
   738 0000060D 50                              	PUSH	EAX
   739 0000060E FF B5 FFFFF8AC                  	PUSH	DWORD [-1876+EBP]
   740 00000614 E8 [00000000]                   	CALL	_putfonts8_asc_sht
   741 00000619 83 C4 2C                        	ADD	ESP,44
   742 0000061C 0F BF 05 00000FF6               	MOVSX	EAX,WORD [4086]
   743 00000623 83 E8 22                        	SUB	EAX,34
   744 00000626 50                              	PUSH	EAX
   745 00000627 0F BF 05 00000FF4               	MOVSX	EAX,WORD [4084]
   746 0000062E 83 E8 05                        	SUB	EAX,5
   747 00000631 50                              	PUSH	EAX
   748 00000632 0F BF 05 00000FF6               	MOVSX	EAX,WORD [4086]
   749 00000639 83 E8 14                        	SUB	EAX,20
   750 0000063C 50                              	PUSH	EAX
   751 0000063D 0F BF 05 00000FF4               	MOVSX	EAX,WORD [4084]
   752 00000644 2D 00000082                     	SUB	EAX,130
   753 00000649 50                              	PUSH	EAX
   754 0000064A FF B5 FFFFF8AC                  	PUSH	DWORD [-1876+EBP]
   755 00000650 E8 [00000000]                   	CALL	_sheet_refresh
   756 00000655 83 C4 14                        	ADD	ESP,20
   757 00000658 E9 FFFFFD3D                     	JMP	L14
   758 0000065D                                 L106:
   759 0000065D E8 [00000000]                   	CALL	_wait_KBC_sendready
   760 00000662 FF B5 FFFFF898                  	PUSH	DWORD [-1896+EBP]
   761 00000668 6A 60                           	PUSH	96
   762 0000066A E8 [00000000]                   	CALL	_io_out8
   763 0000066F 5B                              	POP	EBX
   764 00000670 5E                              	POP	ESI
   765 00000671 E9 FFFFFEF2                     	JMP	L53
   766 00000676                                 L105:
   767 00000676 C7 85 FFFFF898 FFFFFFFF         	MOV	DWORD [-1896+EBP],-1
   768 00000680 E9 FFFFFED8                     	JMP	L51
   769 00000685                                 L104:
   770 00000685 8B 95 FFFFF8CC                  	MOV	EDX,DWORD [-1844+EBP]
   771 0000068B 8B 42 10                        	MOV	EAX,DWORD [16+EDX]
   772 0000068E 48                              	DEC	EAX
   773 0000068F 50                              	PUSH	EAX
   774 00000690 FF 72 18                        	PUSH	DWORD [24+EDX]
   775 00000693 E8 [00000000]                   	CALL	_sheet_updown
   776 00000698 5F                              	POP	EDI
   777 00000699 58                              	POP	EAX
   778 0000069A E9 FFFFFEAD                     	JMP	L50
   779 0000069F                                 L103:
   780 0000069F 83 BD FFFFF8A0 00               	CMP	DWORD [-1888+EBP],0
   781 000006A6 0F 84 FFFFFE90                  	JE	L48
   782 000006AC 83 BD FFFFF884 00               	CMP	DWORD [-1916+EBP],0
   783 000006B3 74 0C                           	JE	L49
   784 000006B5 FF B5 FFFFF884                  	PUSH	DWORD [-1916+EBP]
   785 000006BB E8 000006AD                     	CALL	_keywin_off
   786 000006C0 58                              	POP	EAX
   787 000006C1                                 L49:
   788 000006C1 FF B5 FFFFF8B0                  	PUSH	DWORD [-1872+EBP]
   789 000006C7 FF B5 FFFFF8CC                  	PUSH	DWORD [-1844+EBP]
   790 000006CD E8 0000079D                     	CALL	_open_console
   791 000006D2 6A 04                           	PUSH	4
   792 000006D4 6A 20                           	PUSH	32
   793 000006D6 50                              	PUSH	EAX
   794 000006D7 89 85 FFFFF884                  	MOV	DWORD [-1916+EBP],EAX
   795 000006DD E8 [00000000]                   	CALL	_sheet_slide
   796 000006E2 8B 85 FFFFF8CC                  	MOV	EAX,DWORD [-1844+EBP]
   797 000006E8 FF 70 10                        	PUSH	DWORD [16+EAX]
   798 000006EB FF B5 FFFFF884                  	PUSH	DWORD [-1916+EBP]
   799 000006F1 E8 [00000000]                   	CALL	_sheet_updown
   800 000006F6 FF B5 FFFFF884                  	PUSH	DWORD [-1916+EBP]
   801 000006FC E8 0000069A                     	CALL	_keywin_on
   802 00000701 83 C4 20                        	ADD	ESP,32
   803 00000704 E9 FFFFFE33                     	JMP	L48
   804 00000709                                 L102:
   805 00000709 83 BD FFFFF8A0 00               	CMP	DWORD [-1888+EBP],0
   806 00000710 0F 84 FFFFFE16                  	JE	L46
   807 00000716 83 BD FFFFF884 00               	CMP	DWORD [-1916+EBP],0
   808 0000071D 0F 84 FFFFFE09                  	JE	L46
   809 00000723 8B 95 FFFFF884                  	MOV	EDX,DWORD [-1916+EBP]
   810 00000729 8B 5A 24                        	MOV	EBX,DWORD [36+EDX]
   811 0000072C 85 DB                           	TEST	EBX,EBX
   812 0000072E 0F 84 FFFFFDF8                  	JE	L46
   813 00000734 83 7B 34 00                     	CMP	DWORD [52+EBX],0
   814 00000738 0F 84 FFFFFDEE                  	JE	L46
   815 0000073E 68 [0000015C]                   	PUSH	LC1
   816 00000743 FF B3 000000A4                  	PUSH	DWORD [164+EBX]
   817 00000749 E8 [00000000]                   	CALL	_cons_putstr0
   818 0000074E E8 [00000000]                   	CALL	_io_cli
   819 00000753 8D 43 30                        	LEA	EAX,DWORD [48+EBX]
   820 00000756 89 43 54                        	MOV	DWORD [84+EBX],EAX
   821 00000759 C7 43 4C [00000000]             	MOV	DWORD [76+EBX],_asm_end_app
   822 00000760 E8 [00000000]                   	CALL	_io_sti
   823 00000765 6A 00                           	PUSH	0
   824 00000767 6A FF                           	PUSH	-1
   825 00000769 53                              	PUSH	EBX
   826 0000076A E8 [00000000]                   	CALL	_task_run
   827 0000076F 83 C4 14                        	ADD	ESP,20
   828 00000772 E9 FFFFFDB5                     	JMP	L46
   829 00000777                                 L101:
   830 00000777 68 000000ED                     	PUSH	237
   831 0000077C 8D 5D 84                        	LEA	EBX,DWORD [-124+EBP]
   832 0000077F 53                              	PUSH	EBX
   833 00000780 83 B5 FFFFF89C 01               	XOR	DWORD [-1892+EBP],1
   834 00000787 E8 [00000000]                   	CALL	_fifo32_put
   835 0000078C FF B5 FFFFF89C                  	PUSH	DWORD [-1892+EBP]
   836 00000792 53                              	PUSH	EBX
   837 00000793 E8 [00000000]                   	CALL	_fifo32_put
   838 00000798 83 C4 10                        	ADD	ESP,16
   839 0000079B E9 FFFFFD7C                     	JMP	L45
   840 000007A0                                 L100:
   841 000007A0 68 000000ED                     	PUSH	237
   842 000007A5 8D 5D 84                        	LEA	EBX,DWORD [-124+EBP]
   843 000007A8 53                              	PUSH	EBX
   844 000007A9 83 B5 FFFFF89C 02               	XOR	DWORD [-1892+EBP],2
   845 000007B0 E8 [00000000]                   	CALL	_fifo32_put
   846 000007B5 FF B5 FFFFF89C                  	PUSH	DWORD [-1892+EBP]
   847 000007BB 53                              	PUSH	EBX
   848 000007BC E8 [00000000]                   	CALL	_fifo32_put
   849 000007C1 83 C4 10                        	ADD	ESP,16
   850 000007C4 E9 FFFFFD43                     	JMP	L44
   851 000007C9                                 L99:
   852 000007C9 68 000000ED                     	PUSH	237
   853 000007CE 8D 5D 84                        	LEA	EBX,DWORD [-124+EBP]
   854 000007D1 53                              	PUSH	EBX
   855 000007D2 83 B5 FFFFF89C 04               	XOR	DWORD [-1892+EBP],4
   856 000007D9 E8 [00000000]                   	CALL	_fifo32_put
   857 000007DE FF B5 FFFFF89C                  	PUSH	DWORD [-1892+EBP]
   858 000007E4 53                              	PUSH	EBX
   859 000007E5 E8 [00000000]                   	CALL	_fifo32_put
   860 000007EA 83 C4 10                        	ADD	ESP,16
   861 000007ED E9 FFFFFD0A                     	JMP	L43
   862 000007F2                                 L98:
   863 000007F2 83 A5 FFFFF8A0 FD               	AND	DWORD [-1888+EBP],-3
   864 000007F9 E9 FFFFFCF3                     	JMP	L42
   865 000007FE                                 L97:
   866 000007FE 83 A5 FFFFF8A0 FE               	AND	DWORD [-1888+EBP],-2
   867 00000805 E9 FFFFFCDC                     	JMP	L41
   868 0000080A                                 L96:
   869 0000080A 83 8D FFFFF8A0 02               	OR	DWORD [-1888+EBP],2
   870 00000811 E9 FFFFFCC5                     	JMP	L40
   871 00000816                                 L95:
   872 00000816 83 8D FFFFF8A0 01               	OR	DWORD [-1888+EBP],1
   873 0000081D E9 FFFFFCAE                     	JMP	L39
   874 00000822                                 L94:
   875 00000822 83 BD FFFFF884 00               	CMP	DWORD [-1916+EBP],0
   876 00000829 0F 84 FFFFFC90                  	JE	L37
   877 0000082F FF B5 FFFFF884                  	PUSH	DWORD [-1916+EBP]
   878 00000835 E8 00000533                     	CALL	_keywin_off
   879 0000083A 58                              	POP	EAX
   880 0000083B 8B 85 FFFFF884                  	MOV	EAX,DWORD [-1916+EBP]
   881 00000841 8B 58 18                        	MOV	EBX,DWORD [24+EAX]
   882 00000844 4B                              	DEC	EBX
   883 00000845 75 0A                           	JNE	L38
   884 00000847 8B 95 FFFFF8CC                  	MOV	EDX,DWORD [-1844+EBP]
   885 0000084D 8B 5A 10                        	MOV	EBX,DWORD [16+EDX]
   886 00000850 4B                              	DEC	EBX
   887 00000851                                 L38:
   888 00000851 8B 85 FFFFF8CC                  	MOV	EAX,DWORD [-1844+EBP]
   889 00000857 8B 5C 98 14                     	MOV	EBX,DWORD [20+EAX+EBX*4]
   890 0000085B 53                              	PUSH	EBX
   891 0000085C 89 9D FFFFF884                  	MOV	DWORD [-1916+EBP],EBX
   892 00000862 E8 00000534                     	CALL	_keywin_on
   893 00000867 58                              	POP	EAX
   894 00000868 E9 FFFFFC52                     	JMP	L37
   895 0000086D                                 L34:
   896 0000086D 8D 42 20                        	LEA	EAX,DWORD [32+EDX]
   897 00000870 88 45 C4                        	MOV	BYTE [-60+EBP],AL
   898 00000873 E9 FFFFFC0A                     	JMP	L32
   899 00000878                                 L87:
   900 00000878 83 BD FFFFF8A0 00               	CMP	DWORD [-1888+EBP],0
   901 0000087F 0F 84 FFFFFBFD                  	JE	L32
   902 00000885 EB E6                           	JMP	L34
   903 00000887                                 L29:
   904 00000887 8A 82 [FFFFFF80]                	MOV	AL,BYTE [_keytable1.1-256+EDX]
   905 0000088D E9 FFFFFBC6                     	JMP	L90
   906 00000892                                 L28:
   907 00000892 C6 45 C4 00                     	MOV	BYTE [-60+EBP],0
   908 00000896 E9 FFFFFBC0                     	JMP	L31
   909 0000089B                                 L27:
   910 0000089B 8D 82 FFFFFE00                  	LEA	EAX,DWORD [-512+EDX]
   911 000008A1 3D 000000FF                     	CMP	EAX,255
   912 000008A6 0F 87 0000031D                  	JA	L54
   913 000008AC 0F B6 85 FFFFF8D0               	MOVZX	EAX,BYTE [-1840+EBP]
   914 000008B3 50                              	PUSH	EAX
   915 000008B4 8D 85 FFFFFCF4                  	LEA	EAX,DWORD [-780+EBP]
   916 000008BA 50                              	PUSH	EAX
   917 000008BB E8 [00000000]                   	CALL	_mouse_decode
   918 000008C0 5A                              	POP	EDX
   919 000008C1 59                              	POP	ECX
   920 000008C2 85 C0                           	TEST	EAX,EAX
   921 000008C4 0F 84 FFFFFC9E                  	JE	L53
   922 000008CA 8B 85 FFFFFCFC                  	MOV	EAX,DWORD [-772+EBP]
   923 000008D0 8B 95 FFFFFCF8                  	MOV	EDX,DWORD [-776+EBP]
   924 000008D6 01 85 FFFFF8C4                  	ADD	DWORD [-1852+EBP],EAX
   925 000008DC 01 95 FFFFF8C8                  	ADD	DWORD [-1848+EBP],EDX
   926 000008E2 0F 88 000002D2                  	JS	L107
   927 000008E8                                 L56:
   928 000008E8 83 BD FFFFF8C4 00               	CMP	DWORD [-1852+EBP],0
   929 000008EF 0F 88 000002B6                  	JS	L108
   930 000008F5                                 L57:
   931 000008F5 0F BF 05 00000FF4               	MOVSX	EAX,WORD [4084]
   932 000008FC 48                              	DEC	EAX
   933 000008FD 39 85 FFFFF8C8                  	CMP	DWORD [-1848+EBP],EAX
   934 00000903 7E 06                           	JLE	L58
   935 00000905 89 85 FFFFF8C8                  	MOV	DWORD [-1848+EBP],EAX
   936 0000090B                                 L58:
   937 0000090B 0F BF 05 00000FF6               	MOVSX	EAX,WORD [4086]
   938 00000912 48                              	DEC	EAX
   939 00000913 39 85 FFFFF8C4                  	CMP	DWORD [-1852+EBP],EAX
   940 00000919 7E 06                           	JLE	L59
   941 0000091B 89 85 FFFFF8C4                  	MOV	DWORD [-1852+EBP],EAX
   942 00000921                                 L59:
   943 00000921 8B 85 FFFFF8C8                  	MOV	EAX,DWORD [-1848+EBP]
   944 00000927 8B 95 FFFFF8C4                  	MOV	EDX,DWORD [-1852+EBP]
   945 0000092D 89 85 FFFFF8C0                  	MOV	DWORD [-1856+EBP],EAX
   946 00000933 89 95 FFFFF8BC                  	MOV	DWORD [-1860+EBP],EDX
   947 00000939 F7 85 FFFFFD00 00000001         	TEST	DWORD [-768+EBP],1
   948 00000943 0F 84 0000021F                  	JE	L60
   949 00000949 83 BD FFFFF894 00               	CMP	DWORD [-1900+EBP],0
   950 00000950 78 46                           	JS	L109
   951 00000952 8B B5 FFFFF8C8                  	MOV	ESI,DWORD [-1848+EBP]
   952 00000958 8B 85 FFFFF88C                  	MOV	EAX,DWORD [-1908+EBP]
   953 0000095E 2B B5 FFFFF894                  	SUB	ESI,DWORD [-1900+EBP]
   954 00000964 8B BD FFFFF8C4                  	MOV	EDI,DWORD [-1852+EBP]
   955 0000096A 2B BD FFFFF890                  	SUB	EDI,DWORD [-1904+EBP]
   956 00000970 8B 95 FFFFF8C4                  	MOV	EDX,DWORD [-1852+EBP]
   957 00000976 8D 74 06 02                     	LEA	ESI,DWORD [2+ESI+EAX*1]
   958 0000097A 89 95 FFFFF890                  	MOV	DWORD [-1904+EBP],EDX
   959 00000980 89 B5 FFFFF8B8                  	MOV	DWORD [-1864+EBP],ESI
   960 00000986 01 BD FFFFF8B4                  	ADD	DWORD [-1868+EBP],EDI
   961 0000098C 83 A5 FFFFF8B8 FC               	AND	DWORD [-1864+EBP],-4
   962 00000993 E9 FFFFFBD0                     	JMP	L53
   963 00000998                                 L109:
   964 00000998 8B 85 FFFFF8CC                  	MOV	EAX,DWORD [-1844+EBP]
   965 0000099E 8B 40 10                        	MOV	EAX,DWORD [16+EAX]
   966 000009A1 89 C3                           	MOV	EBX,EAX
   967 000009A3 89 85 FFFFF87C                  	MOV	DWORD [-1924+EBP],EAX
   968 000009A9 4B                              	DEC	EBX
   969 000009AA 85 DB                           	TEST	EBX,EBX
   970 000009AC 0F 8E FFFFFBB6                  	JLE	L53
   971 000009B2                                 L73:
   972 000009B2 8B 95 FFFFF8CC                  	MOV	EDX,DWORD [-1844+EBP]
   973 000009B8 8B BD FFFFF8C4                  	MOV	EDI,DWORD [-1852+EBP]
   974 000009BE 8B B5 FFFFF8C8                  	MOV	ESI,DWORD [-1848+EBP]
   975 000009C4 8B 54 9A 14                     	MOV	EDX,DWORD [20+EDX+EBX*4]
   976 000009C8 89 95 FFFFF888                  	MOV	DWORD [-1912+EBP],EDX
   977 000009CE 2B 7A 10                        	SUB	EDI,DWORD [16+EDX]
   978 000009D1 2B 72 0C                        	SUB	ESI,DWORD [12+EDX]
   979 000009D4 78 2B                           	JS	L64
   980 000009D6 8B 42 04                        	MOV	EAX,DWORD [4+EDX]
   981 000009D9 39 C6                           	CMP	ESI,EAX
   982 000009DB 7D 24                           	JGE	L64
   983 000009DD 85 FF                           	TEST	EDI,EDI
   984 000009DF 78 20                           	JS	L64
   985 000009E1 3B 7A 08                        	CMP	EDI,DWORD [8+EDX]
   986 000009E4 7D 1B                           	JGE	L64
   987 000009E6 0F AF C7                        	IMUL	EAX,EDI
   988 000009E9 01 F0                           	ADD	EAX,ESI
   989 000009EB 8B 0A                           	MOV	ECX,DWORD [EDX]
   990 000009ED 89 85 FFFFF878                  	MOV	DWORD [-1928+EBP],EAX
   991 000009F3 8B 52 14                        	MOV	EDX,DWORD [20+EDX]
   992 000009F6 8B 85 FFFFF878                  	MOV	EAX,DWORD [-1928+EBP]
   993 000009FC 39 14 81                        	CMP	DWORD [ECX+EAX*4],EDX
   994 000009FF 75 0A                           	JNE	L110
   995 00000A01                                 L64:
   996 00000A01 4B                              	DEC	EBX
   997 00000A02 85 DB                           	TEST	EBX,EBX
   998 00000A04 7F AC                           	JG	L73
   999 00000A06 E9 FFFFFB5D                     	JMP	L53
  1000 00000A0B                                 L110:
  1001 00000A0B 8B 85 FFFFF87C                  	MOV	EAX,DWORD [-1924+EBP]
  1002 00000A11 48                              	DEC	EAX
  1003 00000A12 50                              	PUSH	EAX
  1004 00000A13 FF B5 FFFFF888                  	PUSH	DWORD [-1912+EBP]
  1005 00000A19 E8 [00000000]                   	CALL	_sheet_updown
  1006 00000A1E 8B 95 FFFFF884                  	MOV	EDX,DWORD [-1916+EBP]
  1007 00000A24 5B                              	POP	EBX
  1008 00000A25 39 95 FFFFF888                  	CMP	DWORD [-1912+EBP],EDX
  1009 00000A2B 58                              	POP	EAX
  1010 00000A2C 74 1A                           	JE	L68
  1011 00000A2E 52                              	PUSH	EDX
  1012 00000A2F E8 00000339                     	CALL	_keywin_off
  1013 00000A34 8B 85 FFFFF888                  	MOV	EAX,DWORD [-1912+EBP]
  1014 00000A3A 50                              	PUSH	EAX
  1015 00000A3B 89 85 FFFFF884                  	MOV	DWORD [-1916+EBP],EAX
  1016 00000A41 E8 00000355                     	CALL	_keywin_on
  1017 00000A46 5A                              	POP	EDX
  1018 00000A47 59                              	POP	ECX
  1019 00000A48                                 L68:
  1020 00000A48 83 FE 02                        	CMP	ESI,2
  1021 00000A4B 7E 50                           	JLE	L69
  1022 00000A4D 8B 95 FFFFF888                  	MOV	EDX,DWORD [-1912+EBP]
  1023 00000A53 8B 42 04                        	MOV	EAX,DWORD [4+EDX]
  1024 00000A56 83 E8 03                        	SUB	EAX,3
  1025 00000A59 39 C6                           	CMP	ESI,EAX
  1026 00000A5B 7D 40                           	JGE	L69
  1027 00000A5D 83 FF 02                        	CMP	EDI,2
  1028 00000A60 7E 3B                           	JLE	L69
  1029 00000A62 83 FF 14                        	CMP	EDI,20
  1030 00000A65 7F 36                           	JG	L69
  1031 00000A67 8B 85 FFFFF8C8                  	MOV	EAX,DWORD [-1848+EBP]
  1032 00000A6D 8B 95 FFFFF8C4                  	MOV	EDX,DWORD [-1852+EBP]
  1033 00000A73 89 85 FFFFF894                  	MOV	DWORD [-1900+EBP],EAX
  1034 00000A79 89 95 FFFFF890                  	MOV	DWORD [-1904+EBP],EDX
  1035 00000A7F 8B 85 FFFFF888                  	MOV	EAX,DWORD [-1912+EBP]
  1036 00000A85 8B 95 FFFFF888                  	MOV	EDX,DWORD [-1912+EBP]
  1037 00000A8B 8B 40 0C                        	MOV	EAX,DWORD [12+EAX]
  1038 00000A8E 8B 52 10                        	MOV	EDX,DWORD [16+EDX]
  1039 00000A91 89 85 FFFFF88C                  	MOV	DWORD [-1908+EBP],EAX
  1040 00000A97 89 95 FFFFF8B4                  	MOV	DWORD [-1868+EBP],EDX
  1041 00000A9D                                 L69:
  1042 00000A9D 8B 85 FFFFF888                  	MOV	EAX,DWORD [-1912+EBP]
  1043 00000AA3 8B 50 04                        	MOV	EDX,DWORD [4+EAX]
  1044 00000AA6 8D 42 EB                        	LEA	EAX,DWORD [-21+EDX]
  1045 00000AA9 39 F0                           	CMP	EAX,ESI
  1046 00000AAB 0F 8F FFFFFAB7                  	JG	L53
  1047 00000AB1 8D 42 FB                        	LEA	EAX,DWORD [-5+EDX]
  1048 00000AB4 39 C6                           	CMP	ESI,EAX
  1049 00000AB6 0F 8D FFFFFAAC                  	JGE	L53
  1050 00000ABC 83 FF 04                        	CMP	EDI,4
  1051 00000ABF 0F 8E FFFFFAA3                  	JLE	L53
  1052 00000AC5 83 FF 12                        	CMP	EDI,18
  1053 00000AC8 0F 8F FFFFFA9A                  	JG	L53
  1054 00000ACE 8B 95 FFFFF888                  	MOV	EDX,DWORD [-1912+EBP]
  1055 00000AD4 F6 42 1C 10                     	TEST	BYTE [28+EDX],16
  1056 00000AD8 75 4C                           	JNE	L88
  1057 00000ADA 8B 5A 24                        	MOV	EBX,DWORD [36+EDX]
  1058 00000ADD 6A FF                           	PUSH	-1
  1059 00000ADF 52                              	PUSH	EDX
  1060 00000AE0 E8 [00000000]                   	CALL	_sheet_updown
  1061 00000AE5 FF B5 FFFFF884                  	PUSH	DWORD [-1916+EBP]
  1062 00000AEB E8 0000027D                     	CALL	_keywin_off
  1063 00000AF0 8B 95 FFFFF8CC                  	MOV	EDX,DWORD [-1844+EBP]
  1064 00000AF6 8B 42 10                        	MOV	EAX,DWORD [16+EDX]
  1065 00000AF9 8B 44 82 10                     	MOV	EAX,DWORD [16+EDX+EAX*4]
  1066 00000AFD 50                              	PUSH	EAX
  1067 00000AFE 89 85 FFFFF884                  	MOV	DWORD [-1916+EBP],EAX
  1068 00000B04 E8 00000292                     	CALL	_keywin_on
  1069 00000B09 E8 [00000000]                   	CALL	_io_cli
  1070 00000B0E 8D 43 10                        	LEA	EAX,DWORD [16+EBX]
  1071 00000B11 6A 04                           	PUSH	4
  1072 00000B13 50                              	PUSH	EAX
  1073 00000B14 E8 [00000000]                   	CALL	_fifo32_put
  1074 00000B19 E8 [00000000]                   	CALL	_io_sti
  1075 00000B1E 83 C4 18                        	ADD	ESP,24
  1076 00000B21 E9 FFFFFA42                     	JMP	L53
  1077 00000B26                                 L88:
  1078 00000B26 8B 85 FFFFF888                  	MOV	EAX,DWORD [-1912+EBP]
  1079 00000B2C 8B 58 24                        	MOV	EBX,DWORD [36+EAX]
  1080 00000B2F 68 [0000016B]                   	PUSH	LC2
  1081 00000B34 FF B3 000000A4                  	PUSH	DWORD [164+EBX]
  1082 00000B3A E8 [00000000]                   	CALL	_cons_putstr0
  1083 00000B3F E8 [00000000]                   	CALL	_io_cli
  1084 00000B44 8D 43 30                        	LEA	EAX,DWORD [48+EBX]
  1085 00000B47 89 43 54                        	MOV	DWORD [84+EBX],EAX
  1086 00000B4A C7 43 4C [00000000]             	MOV	DWORD [76+EBX],_asm_end_app
  1087 00000B51 E8 [00000000]                   	CALL	_io_sti
  1088 00000B56 6A 00                           	PUSH	0
  1089 00000B58 6A FF                           	PUSH	-1
  1090 00000B5A 53                              	PUSH	EBX
  1091 00000B5B E8 [00000000]                   	CALL	_task_run
  1092 00000B60 83 C4 14                        	ADD	ESP,20
  1093 00000B63 E9 FFFFFA00                     	JMP	L53
  1094 00000B68                                 L60:
  1095 00000B68 C7 85 FFFFF894 FFFFFFFF         	MOV	DWORD [-1900+EBP],-1
  1096 00000B72 81 BD FFFFF8B8 7FFFFFFF         	CMP	DWORD [-1864+EBP],2147483647
  1097 00000B7C 0F 84 FFFFF9E6                  	JE	L53
  1098 00000B82 FF B5 FFFFF8B4                  	PUSH	DWORD [-1868+EBP]
  1099 00000B88 FF B5 FFFFF8B8                  	PUSH	DWORD [-1864+EBP]
  1100 00000B8E FF B5 FFFFF888                  	PUSH	DWORD [-1912+EBP]
  1101 00000B94 E8 [00000000]                   	CALL	_sheet_slide
  1102 00000B99 83 C4 0C                        	ADD	ESP,12
  1103 00000B9C C7 85 FFFFF8B8 7FFFFFFF         	MOV	DWORD [-1864+EBP],2147483647
  1104 00000BA6 E9 FFFFF9BD                     	JMP	L53
  1105 00000BAB                                 L108:
  1106 00000BAB C7 85 FFFFF8C4 00000000         	MOV	DWORD [-1852+EBP],0
  1107 00000BB5 E9 FFFFFD3B                     	JMP	L57
  1108 00000BBA                                 L107:
  1109 00000BBA C7 85 FFFFF8C8 00000000         	MOV	DWORD [-1848+EBP],0
  1110 00000BC4 E9 FFFFFD1F                     	JMP	L56
  1111 00000BC9                                 L54:
  1112 00000BC9 8D 82 FFFFFD00                  	LEA	EAX,DWORD [-768+EDX]
  1113 00000BCF 3D 000000FF                     	CMP	EAX,255
  1114 00000BD4 77 1C                           	JA	L78
  1115 00000BD6 6B C2 28                        	IMUL	EAX,EDX,40
  1116 00000BD9 8B 95 FFFFF8CC                  	MOV	EDX,DWORD [-1844+EBP]
  1117 00000BDF 8D 84 10 FFFF8C14               	LEA	EAX,DWORD [-29676+EAX+EDX*1]
  1118 00000BE6 50                              	PUSH	EAX
  1119 00000BE7 E8 00000345                     	CALL	_close_console
  1120 00000BEC                                 L91:
  1121 00000BEC 58                              	POP	EAX
  1122 00000BED E9 FFFFF976                     	JMP	L53
  1123 00000BF2                                 L78:
  1124 00000BF2 8D 82 FFFFFC00                  	LEA	EAX,DWORD [-1024+EDX]
  1125 00000BF8 3D 000003E7                     	CMP	EAX,999
  1126 00000BFD 77 1A                           	JA	L80
  1127 00000BFF 69 D2 000000C0                  	IMUL	EDX,EDX,192
  1128 00000C05 03 15 [00000000]                	ADD	EDX,DWORD [_taskctl]
  1129 00000C0B 8D 82 FFFD0FF8                  	LEA	EAX,DWORD [-192520+EDX]
  1130 00000C11 50                              	PUSH	EAX
  1131 00000C12 E8 000002DA                     	CALL	_close_constask
  1132 00000C17 EB D3                           	JMP	L91
  1133 00000C19                                 L80:
  1134 00000C19 8D 82 FFFFF818                  	LEA	EAX,DWORD [-2024+EDX]
  1135 00000C1F 3D 000000FF                     	CMP	EAX,255
  1136 00000C24 0F 87 FFFFF93E                  	JA	L53
  1137 00000C2A 6B C2 28                        	IMUL	EAX,EDX,40
  1138 00000C2D 03 85 FFFFF8CC                  	ADD	EAX,DWORD [-1844+EBP]
  1139 00000C33 68 0000A500                     	PUSH	42240
  1140 00000C38 FF B0 FFFEC7D4                  	PUSH	DWORD [-79916+EAX]
  1141 00000C3E 68 003C0000                     	PUSH	3932160
  1142 00000C43 8D 98 FFFEC7D4                  	LEA	EBX,DWORD [-79916+EAX]
  1143 00000C49 E8 [00000000]                   	CALL	_memman_free_4k
  1144 00000C4E 53                              	PUSH	EBX
  1145 00000C4F E8 [00000000]                   	CALL	_sheet_free
  1146 00000C54 83 C4 10                        	ADD	ESP,16
  1147 00000C57 E9 FFFFF90C                     	JMP	L53
  1148 00000C5C                                 L93:
  1149 00000C5C 83 BD FFFFF8C0 00               	CMP	DWORD [-1856+EBP],0
  1150 00000C63 79 4D                           	JNS	L111
  1151 00000C65 81 BD FFFFF8B8 7FFFFFFF         	CMP	DWORD [-1864+EBP],2147483647
  1152 00000C6F 75 16                           	JNE	L112
  1153 00000C71 FF B5 FFFFF8A4                  	PUSH	DWORD [-1884+EBP]
  1154 00000C77 E8 [00000000]                   	CALL	_task_sleep
  1155 00000C7C E8 [00000000]                   	CALL	_io_sti
  1156 00000C81 5E                              	POP	ESI
  1157 00000C82 E9 FFFFF713                     	JMP	L14
  1158 00000C87                                 L112:
  1159 00000C87 E8 [00000000]                   	CALL	_io_sti
  1160 00000C8C FF B5 FFFFF8B4                  	PUSH	DWORD [-1868+EBP]
  1161 00000C92 FF B5 FFFFF8B8                  	PUSH	DWORD [-1864+EBP]
  1162 00000C98 FF B5 FFFFF888                  	PUSH	DWORD [-1912+EBP]
  1163 00000C9E E8 [00000000]                   	CALL	_sheet_slide
  1164 00000CA3 C7 85 FFFFF8B8 7FFFFFFF         	MOV	DWORD [-1864+EBP],2147483647
  1165 00000CAD E9 FFFFF6E5                     	JMP	L89
  1166 00000CB2                                 L111:
  1167 00000CB2 E8 [00000000]                   	CALL	_io_sti
  1168 00000CB7 FF B5 FFFFF8BC                  	PUSH	DWORD [-1860+EBP]
  1169 00000CBD FF B5 FFFFF8C0                  	PUSH	DWORD [-1856+EBP]
  1170 00000CC3 FF B5 FFFFF8A8                  	PUSH	DWORD [-1880+EBP]
  1171 00000CC9 E8 [00000000]                   	CALL	_sheet_slide
  1172 00000CCE C7 85 FFFFF8C0 FFFFFFFF         	MOV	DWORD [-1856+EBP],-1
  1173 00000CD8 E9 FFFFF6BA                     	JMP	L89
  1174 00000CDD                                 L92:
  1175 00000CDD 53                              	PUSH	EBX
  1176 00000CDE E8 [00000000]                   	CALL	_fifo32_get
  1177 00000CE3 89 85 FFFFF898                  	MOV	DWORD [-1896+EBP],EAX
  1178 00000CE9 E8 [00000000]                   	CALL	_wait_KBC_sendready
  1179 00000CEE FF B5 FFFFF898                  	PUSH	DWORD [-1896+EBP]
  1180 00000CF4 6A 60                           	PUSH	96
  1181 00000CF6 E8 [00000000]                   	CALL	_io_out8
  1182 00000CFB 83 C4 0C                        	ADD	ESP,12
  1183 00000CFE E9 FFFFF6B2                     	JMP	L17
  1184 00000D03                                 L2:
  1185 00000D03 68 00023840                     	PUSH	145472
  1186 00000D08 68 003C0000                     	PUSH	3932160
  1187 00000D0D E8 [00000000]                   	CALL	_memman_alloc_4k
  1188 00000D12 31 D2                           	XOR	EDX,EDX
  1189 00000D14 5E                              	POP	ESI
  1190 00000D15 89 C1                           	MOV	ECX,EAX
  1191 00000D17 C7 85 FFFFF8D0 00000000         	MOV	DWORD [-1840+EBP],0
  1192 00000D21 5F                              	POP	EDI
  1193 00000D22                                 L8:
  1194 00000D22 8A 82 [00000000]                	MOV	AL,BYTE [_hankaku+EDX]
  1195 00000D28 88 04 0A                        	MOV	BYTE [EDX+ECX*1],AL
  1196 00000D2B 8B 85 FFFFF8D0                  	MOV	EAX,DWORD [-1840+EBP]
  1197 00000D31 40                              	INC	EAX
  1198 00000D32 89 85 FFFFF8D0                  	MOV	DWORD [-1840+EBP],EAX
  1199 00000D38 89 C2                           	MOV	EDX,EAX
  1200 00000D3A 3D 00000FFF                     	CMP	EAX,4095
  1201 00000D3F 7E E1                           	JLE	L8
  1202 00000D41 C7 85 FFFFF8D0 00001000         	MOV	DWORD [-1840+EBP],4096
  1203 00000D4B B8 00001000                     	MOV	EAX,4096
  1204 00000D50                                 L13:
  1205 00000D50 C6 04 08 FF                     	MOV	BYTE [EAX+ECX*1],-1
  1206 00000D54 8B 85 FFFFF8D0                  	MOV	EAX,DWORD [-1840+EBP]
  1207 00000D5A 40                              	INC	EAX
  1208 00000D5B 89 85 FFFFF8D0                  	MOV	DWORD [-1840+EBP],EAX
  1209 00000D61 3D 0002383F                     	CMP	EAX,145471
  1210 00000D66 7E E8                           	JLE	L13
  1211 00000D68 E9 FFFFF614                     	JMP	L3
  1212 00000D6D                                 	GLOBAL	_keywin_off
  1213 00000D6D                                 _keywin_off:
  1214 00000D6D 55                              	PUSH	EBP
  1215 00000D6E 89 E5                           	MOV	EBP,ESP
  1216 00000D70 53                              	PUSH	EBX
  1217 00000D71 6A 00                           	PUSH	0
  1218 00000D73 8B 5D 08                        	MOV	EBX,DWORD [8+EBP]
  1219 00000D76 53                              	PUSH	EBX
  1220 00000D77 E8 [00000000]                   	CALL	_change_wtitle8
  1221 00000D7C F6 43 1C 20                     	TEST	BYTE [28+EBX],32
  1222 00000D80 59                              	POP	ECX
  1223 00000D81 58                              	POP	EAX
  1224 00000D82 75 05                           	JNE	L115
  1225 00000D84                                 L113:
  1226 00000D84 8B 5D FC                        	MOV	EBX,DWORD [-4+EBP]
  1227 00000D87 C9                              	LEAVE
  1228 00000D88 C3                              	RET
  1229 00000D89                                 L115:
  1230 00000D89 6A 03                           	PUSH	3
  1231 00000D8B 8B 43 24                        	MOV	EAX,DWORD [36+EBX]
  1232 00000D8E 83 C0 10                        	ADD	EAX,16
  1233 00000D91 50                              	PUSH	EAX
  1234 00000D92 E8 [00000000]                   	CALL	_fifo32_put
  1235 00000D97 58                              	POP	EAX
  1236 00000D98 5A                              	POP	EDX
  1237 00000D99 EB E9                           	JMP	L113
  1238 00000D9B                                 	GLOBAL	_keywin_on
  1239 00000D9B                                 _keywin_on:
  1240 00000D9B 55                              	PUSH	EBP
  1241 00000D9C 89 E5                           	MOV	EBP,ESP
  1242 00000D9E 53                              	PUSH	EBX
  1243 00000D9F 6A 01                           	PUSH	1
  1244 00000DA1 8B 5D 08                        	MOV	EBX,DWORD [8+EBP]
  1245 00000DA4 53                              	PUSH	EBX
  1246 00000DA5 E8 [00000000]                   	CALL	_change_wtitle8
  1247 00000DAA F6 43 1C 20                     	TEST	BYTE [28+EBX],32
  1248 00000DAE 59                              	POP	ECX
  1249 00000DAF 58                              	POP	EAX
  1250 00000DB0 75 05                           	JNE	L118
  1251 00000DB2                                 L116:
  1252 00000DB2 8B 5D FC                        	MOV	EBX,DWORD [-4+EBP]
  1253 00000DB5 C9                              	LEAVE
  1254 00000DB6 C3                              	RET
  1255 00000DB7                                 L118:
  1256 00000DB7 6A 02                           	PUSH	2
  1257 00000DB9 8B 43 24                        	MOV	EAX,DWORD [36+EBX]
  1258 00000DBC 83 C0 10                        	ADD	EAX,16
  1259 00000DBF 50                              	PUSH	EAX
  1260 00000DC0 E8 [00000000]                   	CALL	_fifo32_put
  1261 00000DC5 58                              	POP	EAX
  1262 00000DC6 5A                              	POP	EDX
  1263 00000DC7 EB E9                           	JMP	L116
  1264 00000DC9                                 	GLOBAL	_open_constask
  1265 00000DC9                                 _open_constask:
  1266 00000DC9 55                              	PUSH	EBP
  1267 00000DCA 89 E5                           	MOV	EBP,ESP
  1268 00000DCC 56                              	PUSH	ESI
  1269 00000DCD 53                              	PUSH	EBX
  1270 00000DCE E8 [00000000]                   	CALL	_task_alloc
  1271 00000DD3 68 00000200                     	PUSH	512
  1272 00000DD8 68 003C0000                     	PUSH	3932160
  1273 00000DDD 89 C3                           	MOV	EBX,EAX
  1274 00000DDF E8 [00000000]                   	CALL	_memman_alloc_4k
  1275 00000DE4 68 00010000                     	PUSH	65536
  1276 00000DE9 68 003C0000                     	PUSH	3932160
  1277 00000DEE 89 C6                           	MOV	ESI,EAX
  1278 00000DF0 E8 [00000000]                   	CALL	_memman_alloc_4k
  1279 00000DF5 8B 55 08                        	MOV	EDX,DWORD [8+EBP]
  1280 00000DF8 C7 43 4C [00000000]             	MOV	DWORD [76+EBX],_console_task
  1281 00000DFF 89 83 000000AC                  	MOV	DWORD [172+EBX],EAX
  1282 00000E05 05 0000FFF4                     	ADD	EAX,65524
  1283 00000E0A 89 43 64                        	MOV	DWORD [100+EBX],EAX
  1284 00000E0D C7 43 74 00000008               	MOV	DWORD [116+EBX],8
  1285 00000E14 C7 43 78 00000010               	MOV	DWORD [120+EBX],16
  1286 00000E1B C7 43 7C 00000008               	MOV	DWORD [124+EBX],8
  1287 00000E22 C7 83 00000080 00000008         	MOV	DWORD [128+EBX],8
  1288 00000E2C C7 83 00000084 00000008         	MOV	DWORD [132+EBX],8
  1289 00000E36 C7 83 00000088 00000008         	MOV	DWORD [136+EBX],8
  1290 00000E40 89 50 04                        	MOV	DWORD [4+EAX],EDX
  1291 00000E43 8B 53 64                        	MOV	EDX,DWORD [100+EBX]
  1292 00000E46 8B 45 0C                        	MOV	EAX,DWORD [12+EBP]
  1293 00000E49 89 42 08                        	MOV	DWORD [8+EDX],EAX
  1294 00000E4C 6A 02                           	PUSH	2
  1295 00000E4E 6A 02                           	PUSH	2
  1296 00000E50 53                              	PUSH	EBX
  1297 00000E51 E8 [00000000]                   	CALL	_task_run
  1298 00000E56 8D 43 10                        	LEA	EAX,DWORD [16+EBX]
  1299 00000E59 53                              	PUSH	EBX
  1300 00000E5A 56                              	PUSH	ESI
  1301 00000E5B 68 00000080                     	PUSH	128
  1302 00000E60 50                              	PUSH	EAX
  1303 00000E61 E8 [00000000]                   	CALL	_fifo32_init
  1304 00000E66 8D 65 F8                        	LEA	ESP,DWORD [-8+EBP]
  1305 00000E69 89 D8                           	MOV	EAX,EBX
  1306 00000E6B 5B                              	POP	EBX
  1307 00000E6C 5E                              	POP	ESI
  1308 00000E6D 5D                              	POP	EBP
  1309 00000E6E C3                              	RET
  1310                                          [SECTION .data]
  1311 0000017C                                 LC13:
  1312 0000017C 50 6F 4A 6F 73 20 2D 43 6F 6D   	DB	"PoJos -Command",0x00
       00000186 6D 61 6E 64 00 
  1313                                          [SECTION .text]
  1314 00000E6F                                 	GLOBAL	_open_console
  1315 00000E6F                                 _open_console:
  1316 00000E6F 55                              	PUSH	EBP
  1317 00000E70 89 E5                           	MOV	EBP,ESP
  1318 00000E72 56                              	PUSH	ESI
  1319 00000E73 53                              	PUSH	EBX
  1320 00000E74 FF 75 08                        	PUSH	DWORD [8+EBP]
  1321 00000E77 E8 [00000000]                   	CALL	_sheet_alloc
  1322 00000E7C 68 0003D653                     	PUSH	251475
  1323 00000E81 68 003C0000                     	PUSH	3932160
  1324 00000E86 89 C3                           	MOV	EBX,EAX
  1325 00000E88 E8 [00000000]                   	CALL	_memman_alloc_4k
  1326 00000E8D 68 000000FF                     	PUSH	255
  1327 00000E92 68 000001DF                     	PUSH	479
  1328 00000E97 89 C6                           	MOV	ESI,EAX
  1329 00000E99 68 0000020D                     	PUSH	525
  1330 00000E9E 50                              	PUSH	EAX
  1331 00000E9F 53                              	PUSH	EBX
  1332 00000EA0 E8 [00000000]                   	CALL	_sheet_setbuf
  1333 00000EA5 83 C4 20                        	ADD	ESP,32
  1334 00000EA8 6A 00                           	PUSH	0
  1335 00000EAA 68 [0000017C]                   	PUSH	LC13
  1336 00000EAF 68 000001DF                     	PUSH	479
  1337 00000EB4 68 0000020D                     	PUSH	525
  1338 00000EB9 56                              	PUSH	ESI
  1339 00000EBA E8 [00000000]                   	CALL	_make_window8
  1340 00000EBF 6A 00                           	PUSH	0
  1341 00000EC1 68 000001C4                     	PUSH	452
  1342 00000EC6 68 00000207                     	PUSH	519
  1343 00000ECB 6A 18                           	PUSH	24
  1344 00000ECD 6A 03                           	PUSH	3
  1345 00000ECF 53                              	PUSH	EBX
  1346 00000ED0 E8 [00000000]                   	CALL	_make_textbox8
  1347 00000ED5 83 C4 2C                        	ADD	ESP,44
  1348 00000ED8 FF 75 0C                        	PUSH	DWORD [12+EBP]
  1349 00000EDB 53                              	PUSH	EBX
  1350 00000EDC E8 FFFFFEE8                     	CALL	_open_constask
  1351 00000EE1 83 4B 1C 20                     	OR	DWORD [28+EBX],32
  1352 00000EE5 89 43 24                        	MOV	DWORD [36+EBX],EAX
  1353 00000EE8 8D 65 F8                        	LEA	ESP,DWORD [-8+EBP]
  1354 00000EEB 89 D8                           	MOV	EAX,EBX
  1355 00000EED 5B                              	POP	EBX
  1356 00000EEE 5E                              	POP	ESI
  1357 00000EEF 5D                              	POP	EBP
  1358 00000EF0 C3                              	RET
  1359 00000EF1                                 	GLOBAL	_close_constask
  1360 00000EF1                                 _close_constask:
  1361 00000EF1 55                              	PUSH	EBP
  1362 00000EF2 89 E5                           	MOV	EBP,ESP
  1363 00000EF4 53                              	PUSH	EBX
  1364 00000EF5 8B 5D 08                        	MOV	EBX,DWORD [8+EBP]
  1365 00000EF8 53                              	PUSH	EBX
  1366 00000EF9 E8 [00000000]                   	CALL	_task_sleep
  1367 00000EFE 68 00010000                     	PUSH	65536
  1368 00000F03 FF B3 000000AC                  	PUSH	DWORD [172+EBX]
  1369 00000F09 68 003C0000                     	PUSH	3932160
  1370 00000F0E E8 [00000000]                   	CALL	_memman_free_4k
  1371 00000F13 68 00000200                     	PUSH	512
  1372 00000F18 FF 73 10                        	PUSH	DWORD [16+EBX]
  1373 00000F1B 68 003C0000                     	PUSH	3932160
  1374 00000F20 E8 [00000000]                   	CALL	_memman_free_4k
  1375 00000F25 C7 43 04 00000000               	MOV	DWORD [4+EBX],0
  1376 00000F2C 8B 5D FC                        	MOV	EBX,DWORD [-4+EBP]
  1377 00000F2F C9                              	LEAVE
  1378 00000F30 C3                              	RET
  1379 00000F31                                 	GLOBAL	_close_console
  1380 00000F31                                 _close_console:
  1381 00000F31 55                              	PUSH	EBP
  1382 00000F32 89 E5                           	MOV	EBP,ESP
  1383 00000F34 56                              	PUSH	ESI
  1384 00000F35 53                              	PUSH	EBX
  1385 00000F36 8B 5D 08                        	MOV	EBX,DWORD [8+EBP]
  1386 00000F39 8B 73 24                        	MOV	ESI,DWORD [36+EBX]
  1387 00000F3C 68 00029400                     	PUSH	168960
  1388 00000F41 FF 33                           	PUSH	DWORD [EBX]
  1389 00000F43 68 003C0000                     	PUSH	3932160
  1390 00000F48 E8 [00000000]                   	CALL	_memman_free_4k
  1391 00000F4D 53                              	PUSH	EBX
  1392 00000F4E E8 [00000000]                   	CALL	_sheet_free
  1393 00000F53 89 75 08                        	MOV	DWORD [8+EBP],ESI
  1394 00000F56 83 C4 10                        	ADD	ESP,16
  1395 00000F59 8D 65 F8                        	LEA	ESP,DWORD [-8+EBP]
  1396 00000F5C 5B                              	POP	EBX
  1397 00000F5D 5E                              	POP	ESI
  1398 00000F5E 5D                              	POP	EBP
  1399 00000F5F EB 90                           	JMP	_close_constask
