     1 00000000                                 [FORMAT "WCOFF"]
     2 00000000                                 [INSTRSET "i486p"]
     3 00000000                                 [OPTIMIZE 1]
     4 00000000                                 [OPTION 1]
     5 00000000                                 [BITS 32]
     6 00000000                                 	EXTERN	_io_out8
     7 00000000                                 	EXTERN	_io_in8
     8 00000000                                 	EXTERN	_io_cli
     9 00000000                                 	EXTERN	_io_sti
    10 00000000                                 [FILE "cmos.c"]
    11                                          [SECTION .text]
    12 00000000                                 	GLOBAL	_read_cmos
    13 00000000                                 _read_cmos:
    14 00000000 55                              	PUSH	EBP
    15 00000001 89 E5                           	MOV	EBP,ESP
    16 00000003 53                              	PUSH	EBX
    17 00000004 0F B6 45 08                     	MOVZX	EAX,BYTE [8+EBP]
    18 00000008 50                              	PUSH	EAX
    19 00000009 6A 70                           	PUSH	112
    20 0000000B E8 [00000000]                   	CALL	_io_out8
    21 00000010 6A 71                           	PUSH	113
    22 00000012 E8 [00000000]                   	CALL	_io_in8
    23 00000017 68 00000080                     	PUSH	128
    24 0000001C 88 C3                           	MOV	BL,AL
    25 0000001E 6A 70                           	PUSH	112
    26 00000020 E8 [00000000]                   	CALL	_io_out8
    27 00000025 0F B6 C3                        	MOVZX	EAX,BL
    28 00000028 8B 5D FC                        	MOV	EBX,DWORD [-4+EBP]
    29 0000002B C9                              	LEAVE
    30 0000002C C3                              	RET
    31 0000002D                                 	GLOBAL	_get_hour_hex
    32 0000002D                                 _get_hour_hex:
    33 0000002D 55                              	PUSH	EBP
    34 0000002E 89 E5                           	MOV	EBP,ESP
    35 00000030 53                              	PUSH	EBX
    36 00000031 6A 04                           	PUSH	4
    37 00000033 E8 FFFFFFC8                     	CALL	_read_cmos
    38 00000038 6A 04                           	PUSH	4
    39 0000003A C0 E8 04                        	SHR	AL,4
    40 0000003D 0F B6 C0                        	MOVZX	EAX,AL
    41 00000040 6B D8 0A                        	IMUL	EBX,EAX,10
    42 00000043 E8 FFFFFFB8                     	CALL	_read_cmos
    43 00000048 83 E0 0F                        	AND	EAX,15
    44 0000004B 8D 04 18                        	LEA	EAX,DWORD [EAX+EBX*1]
    45 0000004E 8B 5D FC                        	MOV	EBX,DWORD [-4+EBP]
    46 00000051 C9                              	LEAVE
    47 00000052 C3                              	RET
    48 00000053                                 	GLOBAL	_get_min_hex
    49 00000053                                 _get_min_hex:
    50 00000053 55                              	PUSH	EBP
    51 00000054 89 E5                           	MOV	EBP,ESP
    52 00000056 53                              	PUSH	EBX
    53 00000057 6A 02                           	PUSH	2
    54 00000059 E8 FFFFFFA2                     	CALL	_read_cmos
    55 0000005E 6A 02                           	PUSH	2
    56 00000060 C0 E8 04                        	SHR	AL,4
    57 00000063 0F B6 C0                        	MOVZX	EAX,AL
    58 00000066 6B D8 0A                        	IMUL	EBX,EAX,10
    59 00000069 E8 FFFFFF92                     	CALL	_read_cmos
    60 0000006E 83 E0 0F                        	AND	EAX,15
    61 00000071 8D 04 18                        	LEA	EAX,DWORD [EAX+EBX*1]
    62 00000074 8B 5D FC                        	MOV	EBX,DWORD [-4+EBP]
    63 00000077 C9                              	LEAVE
    64 00000078 C3                              	RET
    65 00000079                                 	GLOBAL	_get_sec_hex
    66 00000079                                 _get_sec_hex:
    67 00000079 55                              	PUSH	EBP
    68 0000007A 89 E5                           	MOV	EBP,ESP
    69 0000007C 53                              	PUSH	EBX
    70 0000007D 6A 00                           	PUSH	0
    71 0000007F E8 FFFFFF7C                     	CALL	_read_cmos
    72 00000084 6A 00                           	PUSH	0
    73 00000086 C0 E8 04                        	SHR	AL,4
    74 00000089 0F B6 C0                        	MOVZX	EAX,AL
    75 0000008C 6B D8 0A                        	IMUL	EBX,EAX,10
    76 0000008F E8 FFFFFF6C                     	CALL	_read_cmos
    77 00000094 83 E0 0F                        	AND	EAX,15
    78 00000097 8D 04 18                        	LEA	EAX,DWORD [EAX+EBX*1]
    79 0000009A 8B 5D FC                        	MOV	EBX,DWORD [-4+EBP]
    80 0000009D C9                              	LEAVE
    81 0000009E C3                              	RET
    82 0000009F                                 	GLOBAL	_get_day_of_month
    83 0000009F                                 _get_day_of_month:
    84 0000009F 55                              	PUSH	EBP
    85 000000A0 89 E5                           	MOV	EBP,ESP
    86 000000A2 53                              	PUSH	EBX
    87 000000A3 6A 07                           	PUSH	7
    88 000000A5 E8 FFFFFF56                     	CALL	_read_cmos
    89 000000AA 6A 07                           	PUSH	7
    90 000000AC C0 E8 04                        	SHR	AL,4
    91 000000AF 0F B6 C0                        	MOVZX	EAX,AL
    92 000000B2 6B D8 0A                        	IMUL	EBX,EAX,10
    93 000000B5 E8 FFFFFF46                     	CALL	_read_cmos
    94 000000BA 83 E0 0F                        	AND	EAX,15
    95 000000BD 8D 04 18                        	LEA	EAX,DWORD [EAX+EBX*1]
    96 000000C0 8B 5D FC                        	MOV	EBX,DWORD [-4+EBP]
    97 000000C3 C9                              	LEAVE
    98 000000C4 C3                              	RET
    99 000000C5                                 	GLOBAL	_get_day_of_week
   100 000000C5                                 _get_day_of_week:
   101 000000C5 55                              	PUSH	EBP
   102 000000C6 89 E5                           	MOV	EBP,ESP
   103 000000C8 53                              	PUSH	EBX
   104 000000C9 6A 06                           	PUSH	6
   105 000000CB E8 FFFFFF30                     	CALL	_read_cmos
   106 000000D0 6A 06                           	PUSH	6
   107 000000D2 C0 E8 04                        	SHR	AL,4
   108 000000D5 0F B6 C0                        	MOVZX	EAX,AL
   109 000000D8 6B D8 0A                        	IMUL	EBX,EAX,10
   110 000000DB E8 FFFFFF20                     	CALL	_read_cmos
   111 000000E0 83 E0 0F                        	AND	EAX,15
   112 000000E3 8D 04 18                        	LEA	EAX,DWORD [EAX+EBX*1]
   113 000000E6 8B 5D FC                        	MOV	EBX,DWORD [-4+EBP]
   114 000000E9 C9                              	LEAVE
   115 000000EA C3                              	RET
   116 000000EB                                 	GLOBAL	_get_mon_hex
   117 000000EB                                 _get_mon_hex:
   118 000000EB 55                              	PUSH	EBP
   119 000000EC 89 E5                           	MOV	EBP,ESP
   120 000000EE 53                              	PUSH	EBX
   121 000000EF 6A 08                           	PUSH	8
   122 000000F1 E8 FFFFFF0A                     	CALL	_read_cmos
   123 000000F6 6A 08                           	PUSH	8
   124 000000F8 C0 E8 04                        	SHR	AL,4
   125 000000FB 0F B6 C0                        	MOVZX	EAX,AL
   126 000000FE 6B D8 0A                        	IMUL	EBX,EAX,10
   127 00000101 E8 FFFFFEFA                     	CALL	_read_cmos
   128 00000106 83 E0 0F                        	AND	EAX,15
   129 00000109 8D 04 18                        	LEA	EAX,DWORD [EAX+EBX*1]
   130 0000010C 8B 5D FC                        	MOV	EBX,DWORD [-4+EBP]
   131 0000010F C9                              	LEAVE
   132 00000110 C3                              	RET
   133 00000111                                 	GLOBAL	_get_year
   134 00000111                                 _get_year:
   135 00000111 55                              	PUSH	EBP
   136 00000112 89 E5                           	MOV	EBP,ESP
   137 00000114 53                              	PUSH	EBX
   138 00000115 6A 32                           	PUSH	50
   139 00000117 E8 FFFFFEE4                     	CALL	_read_cmos
   140 0000011C 6A 32                           	PUSH	50
   141 0000011E C0 E8 04                        	SHR	AL,4
   142 00000121 0F B6 C0                        	MOVZX	EAX,AL
   143 00000124 6B D8 0A                        	IMUL	EBX,EAX,10
   144 00000127 E8 FFFFFED4                     	CALL	_read_cmos
   145 0000012C 6A 09                           	PUSH	9
   146 0000012E 83 E0 0F                        	AND	EAX,15
   147 00000131 6B C0 64                        	IMUL	EAX,EAX,100
   148 00000134 01 C3                           	ADD	EBX,EAX
   149 00000136 E8 FFFFFEC5                     	CALL	_read_cmos
   150 0000013B C0 E8 04                        	SHR	AL,4
   151 0000013E 6A 09                           	PUSH	9
   152 00000140 0F B6 C0                        	MOVZX	EAX,AL
   153 00000143 6B C0 0A                        	IMUL	EAX,EAX,10
   154 00000146 01 C3                           	ADD	EBX,EAX
   155 00000148 E8 FFFFFEB3                     	CALL	_read_cmos
   156 0000014D 83 E0 0F                        	AND	EAX,15
   157 00000150 8D 84 18 000007BC               	LEA	EAX,DWORD [1980+EAX+EBX*1]
   158 00000157 8B 5D FC                        	MOV	EBX,DWORD [-4+EBP]
   159 0000015A C9                              	LEAVE
   160 0000015B C3                              	RET
   161 0000015C                                 	GLOBAL	_get_rtc_register
   162 0000015C                                 _get_rtc_register:
   163 0000015C 55                              	PUSH	EBP
   164 0000015D 89 E5                           	MOV	EBP,ESP
   165 0000015F 53                              	PUSH	EBX
   166 00000160 0F BE 5D 08                     	MOVSX	EBX,BYTE [8+EBP]
   167 00000164 E8 [00000000]                   	CALL	_io_cli
   168 00000169 53                              	PUSH	EBX
   169 0000016A 6A 70                           	PUSH	112
   170 0000016C E8 [00000000]                   	CALL	_io_out8
   171 00000171 6A 71                           	PUSH	113
   172 00000173 E8 [00000000]                   	CALL	_io_in8
   173 00000178 89 C3                           	MOV	EBX,EAX
   174 0000017A E8 [00000000]                   	CALL	_io_sti
   175 0000017F 89 D8                           	MOV	EAX,EBX
   176 00000181 8B 5D FC                        	MOV	EBX,DWORD [-4+EBP]
   177 00000184 C9                              	LEAVE
   178 00000185 C3                              	RET
