     1 00000000                                 [FORMAT "WCOFF"]
     2 00000000                                 [INSTRSET "i486p"]
     3 00000000                                 [OPTIMIZE 1]
     4 00000000                                 [OPTION 1]
     5 00000000                                 [BITS 32]
     6 00000000                                 	EXTERN	_memman_alloc_4k
     7 00000000                                 	EXTERN	_memman_free_4k
     8 00000000                                 [FILE "sheet.c"]
     9                                          [SECTION .text]
    10 00000000                                 	GLOBAL	_shtctl_init
    11 00000000                                 _shtctl_init:
    12 00000000 55                              	PUSH	EBP
    13 00000001 89 E5                           	MOV	EBP,ESP
    14 00000003 57                              	PUSH	EDI
    15 00000004 56                              	PUSH	ESI
    16 00000005 53                              	PUSH	EBX
    17 00000006 8B 75 08                        	MOV	ESI,DWORD [8+EBP]
    18 00000009 68 00002C14                     	PUSH	11284
    19 0000000E 8B 7D 10                        	MOV	EDI,DWORD [16+EBP]
    20 00000011 56                              	PUSH	ESI
    21 00000012 E8 [00000000]                   	CALL	_memman_alloc_4k
    22 00000017 89 C3                           	MOV	EBX,EAX
    23 00000019 58                              	POP	EAX
    24 0000001A 5A                              	POP	EDX
    25 0000001B 85 DB                           	TEST	EBX,EBX
    26 0000001D 74 4D                           	JE	L3
    27 0000001F 8B 45 14                        	MOV	EAX,DWORD [20+EBP]
    28 00000022 0F AF C7                        	IMUL	EAX,EDI
    29 00000025 C1 E0 02                        	SAL	EAX,2
    30 00000028 50                              	PUSH	EAX
    31 00000029 56                              	PUSH	ESI
    32 0000002A E8 [00000000]                   	CALL	_memman_alloc_4k
    33 0000002F 85 C0                           	TEST	EAX,EAX
    34 00000031 89 43 04                        	MOV	DWORD [4+EBX],EAX
    35 00000034 5A                              	POP	EDX
    36 00000035 59                              	POP	ECX
    37 00000036 74 3E                           	JE	L11
    38 00000038 8B 45 0C                        	MOV	EAX,DWORD [12+EBP]
    39 0000003B 89 7B 08                        	MOV	DWORD [8+EBX],EDI
    40 0000003E 89 03                           	MOV	DWORD [EBX],EAX
    41 00000040 8D 93 000027D8                  	LEA	EDX,DWORD [10200+EBX]
    42 00000046 8B 45 14                        	MOV	EAX,DWORD [20+EBP]
    43 00000049 89 43 0C                        	MOV	DWORD [12+EBX],EAX
    44 0000004C 89 D8                           	MOV	EAX,EBX
    45 0000004E C7 43 10 FFFFFFFF               	MOV	DWORD [16+EBX],-1
    46 00000055                                 L9:
    47 00000055 C7 80 00000430 00000000         	MOV	DWORD [1072+EAX],0
    48 0000005F 89 98 00000434                  	MOV	DWORD [1076+EAX],EBX
    49 00000065 83 C0 28                        	ADD	EAX,40
    50 00000068 39 D0                           	CMP	EAX,EDX
    51 0000006A 7E E9                           	JLE	L9
    52 0000006C                                 L3:
    53 0000006C 8D 65 F4                        	LEA	ESP,DWORD [-12+EBP]
    54 0000006F 89 D8                           	MOV	EAX,EBX
    55 00000071 5B                              	POP	EBX
    56 00000072 5E                              	POP	ESI
    57 00000073 5F                              	POP	EDI
    58 00000074 5D                              	POP	EBP
    59 00000075 C3                              	RET
    60 00000076                                 L11:
    61 00000076 68 00002C14                     	PUSH	11284
    62 0000007B 53                              	PUSH	EBX
    63 0000007C 56                              	PUSH	ESI
    64 0000007D E8 [00000000]                   	CALL	_memman_free_4k
    65 00000082 83 C4 0C                        	ADD	ESP,12
    66 00000085 EB E5                           	JMP	L3
    67 00000087                                 	GLOBAL	_sheet_alloc
    68 00000087                                 _sheet_alloc:
    69 00000087 55                              	PUSH	EBP
    70 00000088 31 D2                           	XOR	EDX,EDX
    71 0000008A 89 E5                           	MOV	EBP,ESP
    72 0000008C 8B 45 08                        	MOV	EAX,DWORD [8+EBP]
    73 0000008F 05 00000414                     	ADD	EAX,1044
    74 00000094                                 L18:
    75 00000094 83 78 1C 00                     	CMP	DWORD [28+EAX],0
    76 00000098 74 10                           	JE	L21
    77 0000009A 42                              	INC	EDX
    78 0000009B 83 C0 28                        	ADD	EAX,40
    79 0000009E 81 FA 000000FF                  	CMP	EDX,255
    80 000000A4 7E EE                           	JLE	L18
    81 000000A6 31 C0                           	XOR	EAX,EAX
    82 000000A8                                 L12:
    83 000000A8 5D                              	POP	EBP
    84 000000A9 C3                              	RET
    85 000000AA                                 L21:
    86 000000AA C7 40 1C 00000001               	MOV	DWORD [28+EAX],1
    87 000000B1 C7 40 18 FFFFFFFF               	MOV	DWORD [24+EAX],-1
    88 000000B8 C7 40 24 00000000               	MOV	DWORD [36+EAX],0
    89 000000BF EB E7                           	JMP	L12
    90 000000C1                                 	GLOBAL	_sheet_setbuf
    91 000000C1                                 _sheet_setbuf:
    92 000000C1 55                              	PUSH	EBP
    93 000000C2 89 E5                           	MOV	EBP,ESP
    94 000000C4 8B 55 08                        	MOV	EDX,DWORD [8+EBP]
    95 000000C7 8B 45 0C                        	MOV	EAX,DWORD [12+EBP]
    96 000000CA 89 02                           	MOV	DWORD [EDX],EAX
    97 000000CC 8B 45 10                        	MOV	EAX,DWORD [16+EBP]
    98 000000CF 89 42 04                        	MOV	DWORD [4+EDX],EAX
    99 000000D2 8B 45 14                        	MOV	EAX,DWORD [20+EBP]
   100 000000D5 89 42 08                        	MOV	DWORD [8+EDX],EAX
   101 000000D8 8B 45 18                        	MOV	EAX,DWORD [24+EBP]
   102 000000DB 89 42 14                        	MOV	DWORD [20+EDX],EAX
   103 000000DE 5D                              	POP	EBP
   104 000000DF C3                              	RET
   105 000000E0                                 	GLOBAL	_sheet_refreshmap
   106 000000E0                                 _sheet_refreshmap:
   107 000000E0 55                              	PUSH	EBP
   108 000000E1 89 E5                           	MOV	EBP,ESP
   109 000000E3 57                              	PUSH	EDI
   110 000000E4 56                              	PUSH	ESI
   111 000000E5 53                              	PUSH	EBX
   112 000000E6 83 EC 28                        	SUB	ESP,40
   113 000000E9 8B 45 08                        	MOV	EAX,DWORD [8+EBP]
   114 000000EC 83 7D 0C 00                     	CMP	DWORD [12+EBP],0
   115 000000F0 8B 40 04                        	MOV	EAX,DWORD [4+EAX]
   116 000000F3 89 45 D8                        	MOV	DWORD [-40+EBP],EAX
   117 000000F6 0F 88 00000179                  	JS	L68
   118 000000FC                                 L24:
   119 000000FC 83 7D 10 00                     	CMP	DWORD [16+EBP],0
   120 00000100 0F 88 00000163                  	JS	L69
   121 00000106                                 L25:
   122 00000106 8B 55 08                        	MOV	EDX,DWORD [8+EBP]
   123 00000109 8B 42 08                        	MOV	EAX,DWORD [8+EDX]
   124 0000010C 39 45 14                        	CMP	DWORD [20+EBP],EAX
   125 0000010F 7E 03                           	JLE	L26
   126 00000111 89 45 14                        	MOV	DWORD [20+EBP],EAX
   127 00000114                                 L26:
   128 00000114 8B 5D 08                        	MOV	EBX,DWORD [8+EBP]
   129 00000117 8B 43 0C                        	MOV	EAX,DWORD [12+EBX]
   130 0000011A 39 45 18                        	CMP	DWORD [24+EBP],EAX
   131 0000011D 7E 03                           	JLE	L27
   132 0000011F 89 45 18                        	MOV	DWORD [24+EBP],EAX
   133 00000122                                 L27:
   134 00000122 8B 45 08                        	MOV	EAX,DWORD [8+EBP]
   135 00000125 8B 75 1C                        	MOV	ESI,DWORD [28+EBP]
   136 00000128 89 75 F0                        	MOV	DWORD [-16+EBP],ESI
   137 0000012B 3B 70 10                        	CMP	ESI,DWORD [16+EAX]
   138 0000012E 0F 8F 000000D7                  	JG	L61
   139 00000134                                 L59:
   140 00000134 8B 5D 08                        	MOV	EBX,DWORD [8+EBP]
   141 00000137 8B 55 F0                        	MOV	EDX,DWORD [-16+EBP]
   142 0000013A 8B 4D 10                        	MOV	ECX,DWORD [16+EBP]
   143 0000013D 8B 7C 93 14                     	MOV	EDI,DWORD [20+EBX+EDX*4]
   144 00000141 89 F8                           	MOV	EAX,EDI
   145 00000143 29 D8                           	SUB	EAX,EBX
   146 00000145 8B 37                           	MOV	ESI,DWORD [EDI]
   147 00000147 2D 00000414                     	SUB	EAX,1044
   148 0000014C 8B 57 10                        	MOV	EDX,DWORD [16+EDI]
   149 0000014F C1 F8 03                        	SAR	EAX,3
   150 00000152 89 75 DC                        	MOV	DWORD [-36+EBP],ESI
   151 00000155 69 C0 CCCCCCCD                  	IMUL	EAX,EAX,-858993459
   152 0000015B 8B 75 18                        	MOV	ESI,DWORD [24+EBP]
   153 0000015E 29 D1                           	SUB	ECX,EDX
   154 00000160 29 D6                           	SUB	ESI,EDX
   155 00000162 89 45 D4                        	MOV	DWORD [-44+EBP],EAX
   156 00000165 8B 5D 14                        	MOV	EBX,DWORD [20+EBP]
   157 00000168 8B 55 0C                        	MOV	EDX,DWORD [12+EBP]
   158 0000016B 8B 47 0C                        	MOV	EAX,DWORD [12+EDI]
   159 0000016E 89 75 E0                        	MOV	DWORD [-32+EBP],ESI
   160 00000171 29 C3                           	SUB	EBX,EAX
   161 00000173 29 C2                           	SUB	EDX,EAX
   162 00000175 89 5D E4                        	MOV	DWORD [-28+EBP],EBX
   163 00000178 89 55 E8                        	MOV	DWORD [-24+EBP],EDX
   164 0000017B 0F 88 000000DC                  	JS	L70
   165 00000181                                 L32:
   166 00000181 85 C9                           	TEST	ECX,ECX
   167 00000183 0F 88 000000CD                  	JS	L71
   168 00000189                                 L33:
   169 00000189 8B 47 04                        	MOV	EAX,DWORD [4+EDI]
   170 0000018C 39 45 E4                        	CMP	DWORD [-28+EBP],EAX
   171 0000018F 7E 03                           	JLE	L34
   172 00000191 89 45 E4                        	MOV	DWORD [-28+EBP],EAX
   173 00000194                                 L34:
   174 00000194 8B 47 08                        	MOV	EAX,DWORD [8+EDI]
   175 00000197 39 45 E0                        	CMP	DWORD [-32+EBP],EAX
   176 0000019A 7E 03                           	JLE	L35
   177 0000019C 89 45 E0                        	MOV	DWORD [-32+EBP],EAX
   178 0000019F                                 L35:
   179 0000019F 83 7F 14 FF                     	CMP	DWORD [20+EDI],-1
   180 000001A3 74 6E                           	JE	L72
   181 000001A5 89 CB                           	MOV	EBX,ECX
   182 000001A7 3B 4D E0                        	CMP	ECX,DWORD [-32+EBP]
   183 000001AA 7D 4D                           	JGE	L30
   184 000001AC                                 L58:
   185 000001AC 8B 77 10                        	MOV	ESI,DWORD [16+EDI]
   186 000001AF 8B 4D E8                        	MOV	ECX,DWORD [-24+EBP]
   187 000001B2 01 DE                           	ADD	ESI,EBX
   188 000001B4 3B 4D E4                        	CMP	ECX,DWORD [-28+EBP]
   189 000001B7 89 75 EC                        	MOV	DWORD [-20+EBP],ESI
   190 000001BA 7D 37                           	JGE	L67
   191 000001BC                                 L57:
   192 000001BC 8B 47 0C                        	MOV	EAX,DWORD [12+EDI]
   193 000001BF 8B 55 DC                        	MOV	EDX,DWORD [-36+EBP]
   194 000001C2 01 C8                           	ADD	EAX,ECX
   195 000001C4 8B 77 14                        	MOV	ESI,DWORD [20+EDI]
   196 000001C7 89 45 CC                        	MOV	DWORD [-52+EBP],EAX
   197 000001CA 89 D8                           	MOV	EAX,EBX
   198 000001CC 0F AF 47 04                     	IMUL	EAX,DWORD [4+EDI]
   199 000001D0 01 C8                           	ADD	EAX,ECX
   200 000001D2 39 34 82                        	CMP	DWORD [EDX+EAX*4],ESI
   201 000001D5 74 16                           	JE	L54
   202 000001D7 8B 55 08                        	MOV	EDX,DWORD [8+EBP]
   203 000001DA 8B 45 EC                        	MOV	EAX,DWORD [-20+EBP]
   204 000001DD 8B 75 D8                        	MOV	ESI,DWORD [-40+EBP]
   205 000001E0 0F AF 42 08                     	IMUL	EAX,DWORD [8+EDX]
   206 000001E4 03 45 CC                        	ADD	EAX,DWORD [-52+EBP]
   207 000001E7 8B 55 D4                        	MOV	EDX,DWORD [-44+EBP]
   208 000001EA 89 14 86                        	MOV	DWORD [ESI+EAX*4],EDX
   209 000001ED                                 L54:
   210 000001ED 41                              	INC	ECX
   211 000001EE 3B 4D E4                        	CMP	ECX,DWORD [-28+EBP]
   212 000001F1 7C C9                           	JL	L57
   213 000001F3                                 L67:
   214 000001F3 43                              	INC	EBX
   215 000001F4 3B 5D E0                        	CMP	EBX,DWORD [-32+EBP]
   216 000001F7 7C B3                           	JL	L58
   217 000001F9                                 L30:
   218 000001F9 8B 75 08                        	MOV	ESI,DWORD [8+EBP]
   219 000001FC FF 45 F0                        	INC	DWORD [-16+EBP]
   220 000001FF 8B 5D F0                        	MOV	EBX,DWORD [-16+EBP]
   221 00000202 3B 5E 10                        	CMP	EBX,DWORD [16+ESI]
   222 00000205 0F 8E FFFFFF29                  	JLE	L59
   223 0000020B                                 L61:
   224 0000020B 83 C4 28                        	ADD	ESP,40
   225 0000020E 5B                              	POP	EBX
   226 0000020F 5E                              	POP	ESI
   227 00000210 5F                              	POP	EDI
   228 00000211 5D                              	POP	EBP
   229 00000212 C3                              	RET
   230 00000213                                 L72:
   231 00000213 89 CB                           	MOV	EBX,ECX
   232 00000215 3B 4D E0                        	CMP	ECX,DWORD [-32+EBP]
   233 00000218 7D DF                           	JGE	L30
   234 0000021A                                 L46:
   235 0000021A 8B 77 10                        	MOV	ESI,DWORD [16+EDI]
   236 0000021D 8B 4D E8                        	MOV	ECX,DWORD [-24+EBP]
   237 00000220 01 DE                           	ADD	ESI,EBX
   238 00000222 3B 4D E4                        	CMP	ECX,DWORD [-28+EBP]
   239 00000225 89 75 EC                        	MOV	DWORD [-20+EBP],ESI
   240 00000228 7D 24                           	JGE	L64
   241 0000022A                                 L45:
   242 0000022A 8B 47 0C                        	MOV	EAX,DWORD [12+EDI]
   243 0000022D 8B 55 08                        	MOV	EDX,DWORD [8+EBP]
   244 00000230 01 C8                           	ADD	EAX,ECX
   245 00000232 8B 75 D8                        	MOV	ESI,DWORD [-40+EBP]
   246 00000235 89 45 CC                        	MOV	DWORD [-52+EBP],EAX
   247 00000238 41                              	INC	ECX
   248 00000239 8B 45 EC                        	MOV	EAX,DWORD [-20+EBP]
   249 0000023C 0F AF 42 08                     	IMUL	EAX,DWORD [8+EDX]
   250 00000240 03 45 CC                        	ADD	EAX,DWORD [-52+EBP]
   251 00000243 8B 55 D4                        	MOV	EDX,DWORD [-44+EBP]
   252 00000246 3B 4D E4                        	CMP	ECX,DWORD [-28+EBP]
   253 00000249 89 14 86                        	MOV	DWORD [ESI+EAX*4],EDX
   254 0000024C 7C DC                           	JL	L45
   255 0000024E                                 L64:
   256 0000024E 43                              	INC	EBX
   257 0000024F 3B 5D E0                        	CMP	EBX,DWORD [-32+EBP]
   258 00000252 7C C6                           	JL	L46
   259 00000254 EB A3                           	JMP	L30
   260 00000256                                 L71:
   261 00000256 31 C9                           	XOR	ECX,ECX
   262 00000258 E9 FFFFFF2C                     	JMP	L33
   263 0000025D                                 L70:
   264 0000025D C7 45 E8 00000000               	MOV	DWORD [-24+EBP],0
   265 00000264 E9 FFFFFF18                     	JMP	L32
   266 00000269                                 L69:
   267 00000269 C7 45 10 00000000               	MOV	DWORD [16+EBP],0
   268 00000270 E9 FFFFFE91                     	JMP	L25
   269 00000275                                 L68:
   270 00000275 C7 45 0C 00000000               	MOV	DWORD [12+EBP],0
   271 0000027C E9 FFFFFE7B                     	JMP	L24
   272 00000281                                 	GLOBAL	_sheet_refreshsub
   273 00000281                                 _sheet_refreshsub:
   274 00000281 55                              	PUSH	EBP
   275 00000282 89 E5                           	MOV	EBP,ESP
   276 00000284 57                              	PUSH	EDI
   277 00000285 56                              	PUSH	ESI
   278 00000286 53                              	PUSH	EBX
   279 00000287 83 EC 2C                        	SUB	ESP,44
   280 0000028A 8B 45 08                        	MOV	EAX,DWORD [8+EBP]
   281 0000028D 8B 55 08                        	MOV	EDX,DWORD [8+EBP]
   282 00000290 83 7D 0C 00                     	CMP	DWORD [12+EBP],0
   283 00000294 8B 00                           	MOV	EAX,DWORD [EAX]
   284 00000296 8B 52 04                        	MOV	EDX,DWORD [4+EDX]
   285 00000299 89 45 DC                        	MOV	DWORD [-36+EBP],EAX
   286 0000029C 89 55 D8                        	MOV	DWORD [-40+EBP],EDX
   287 0000029F 0F 88 00000133                  	JS	L104
   288 000002A5                                 L74:
   289 000002A5 83 7D 10 00                     	CMP	DWORD [16+EBP],0
   290 000002A9 0F 88 0000011D                  	JS	L105
   291 000002AF                                 L75:
   292 000002AF 8B 75 08                        	MOV	ESI,DWORD [8+EBP]
   293 000002B2 8B 46 08                        	MOV	EAX,DWORD [8+ESI]
   294 000002B5 39 45 14                        	CMP	DWORD [20+EBP],EAX
   295 000002B8 7E 03                           	JLE	L76
   296 000002BA 89 45 14                        	MOV	DWORD [20+EBP],EAX
   297 000002BD                                 L76:
   298 000002BD 8B 7D 08                        	MOV	EDI,DWORD [8+EBP]
   299 000002C0 8B 47 0C                        	MOV	EAX,DWORD [12+EDI]
   300 000002C3 39 45 18                        	CMP	DWORD [24+EBP],EAX
   301 000002C6 7E 03                           	JLE	L77
   302 000002C8 89 45 18                        	MOV	DWORD [24+EBP],EAX
   303 000002CB                                 L77:
   304 000002CB 8B 45 1C                        	MOV	EAX,DWORD [28+EBP]
   305 000002CE 8B 55 20                        	MOV	EDX,DWORD [32+EBP]
   306 000002D1 89 45 F0                        	MOV	DWORD [-16+EBP],EAX
   307 000002D4 39 D0                           	CMP	EAX,EDX
   308 000002D6 0F 8F 000000BC                  	JG	L99
   309 000002DC                                 L97:
   310 000002DC 8B 7D 08                        	MOV	EDI,DWORD [8+EBP]
   311 000002DF 8B 75 F0                        	MOV	ESI,DWORD [-16+EBP]
   312 000002E2 8B 4D 10                        	MOV	ECX,DWORD [16+EBP]
   313 000002E5 8B 5C B7 14                     	MOV	EBX,DWORD [20+EDI+ESI*4]
   314 000002E9 8B 75 14                        	MOV	ESI,DWORD [20+EBP]
   315 000002EC 8B 03                           	MOV	EAX,DWORD [EBX]
   316 000002EE 8B 53 10                        	MOV	EDX,DWORD [16+EBX]
   317 000002F1 89 45 E0                        	MOV	DWORD [-32+EBP],EAX
   318 000002F4 29 D1                           	SUB	ECX,EDX
   319 000002F6 89 D8                           	MOV	EAX,EBX
   320 000002F8 29 F8                           	SUB	EAX,EDI
   321 000002FA 8B 7D 18                        	MOV	EDI,DWORD [24+EBP]
   322 000002FD 2D 00000414                     	SUB	EAX,1044
   323 00000302 29 D7                           	SUB	EDI,EDX
   324 00000304 C1 F8 03                        	SAR	EAX,3
   325 00000307 8B 55 0C                        	MOV	EDX,DWORD [12+EBP]
   326 0000030A 69 C0 CCCCCCCD                  	IMUL	EAX,EAX,-858993459
   327 00000310 89 45 D4                        	MOV	DWORD [-44+EBP],EAX
   328 00000313 89 7D C8                        	MOV	DWORD [-56+EBP],EDI
   329 00000316 8B 43 0C                        	MOV	EAX,DWORD [12+EBX]
   330 00000319 29 C6                           	SUB	ESI,EAX
   331 0000031B 29 C2                           	SUB	EDX,EAX
   332 0000031D 89 75 E4                        	MOV	DWORD [-28+EBP],ESI
   333 00000320 89 55 E8                        	MOV	DWORD [-24+EBP],EDX
   334 00000323 0F 88 00000097                  	JS	L106
   335 00000329                                 L82:
   336 00000329 85 C9                           	TEST	ECX,ECX
   337 0000032B 0F 88 00000088                  	JS	L107
   338 00000331                                 L83:
   339 00000331 8B 43 04                        	MOV	EAX,DWORD [4+EBX]
   340 00000334 39 45 E4                        	CMP	DWORD [-28+EBP],EAX
   341 00000337 7E 03                           	JLE	L84
   342 00000339 89 45 E4                        	MOV	DWORD [-28+EBP],EAX
   343 0000033C                                 L84:
   344 0000033C 8B 43 08                        	MOV	EAX,DWORD [8+EBX]
   345 0000033F 39 45 C8                        	CMP	DWORD [-56+EBP],EAX
   346 00000342 7E 03                           	JLE	L85
   347 00000344 89 45 C8                        	MOV	DWORD [-56+EBP],EAX
   348 00000347                                 L85:
   349 00000347 89 CE                           	MOV	ESI,ECX
   350 00000349 3B 4D C8                        	CMP	ECX,DWORD [-56+EBP]
   351 0000034C 7D 3B                           	JGE	L101
   352 0000034E                                 L96:
   353 0000034E 8B 7B 10                        	MOV	EDI,DWORD [16+EBX]
   354 00000351 8B 4D E8                        	MOV	ECX,DWORD [-24+EBP]
   355 00000354 01 F7                           	ADD	EDI,ESI
   356 00000356 3B 4D E4                        	CMP	ECX,DWORD [-28+EBP]
   357 00000359 89 7D EC                        	MOV	DWORD [-20+EBP],EDI
   358 0000035C 7D 25                           	JGE	L103
   359 0000035E                                 L95:
   360 0000035E 8B 55 08                        	MOV	EDX,DWORD [8+EBP]
   361 00000361 8B 7D EC                        	MOV	EDI,DWORD [-20+EBP]
   362 00000364 8B 43 0C                        	MOV	EAX,DWORD [12+EBX]
   363 00000367 0F AF 7A 08                     	IMUL	EDI,DWORD [8+EDX]
   364 0000036B 01 C8                           	ADD	EAX,ECX
   365 0000036D 8B 55 D8                        	MOV	EDX,DWORD [-40+EBP]
   366 00000370 01 F8                           	ADD	EAX,EDI
   367 00000372 8B 7D D4                        	MOV	EDI,DWORD [-44+EBP]
   368 00000375 89 45 CC                        	MOV	DWORD [-52+EBP],EAX
   369 00000378 39 3C 82                        	CMP	DWORD [EDX+EAX*4],EDI
   370 0000037B 74 23                           	JE	L108
   371 0000037D                                 L92:
   372 0000037D 41                              	INC	ECX
   373 0000037E 3B 4D E4                        	CMP	ECX,DWORD [-28+EBP]
   374 00000381 7C DB                           	JL	L95
   375 00000383                                 L103:
   376 00000383 46                              	INC	ESI
   377 00000384 3B 75 C8                        	CMP	ESI,DWORD [-56+EBP]
   378 00000387 7C C5                           	JL	L96
   379 00000389                                 L101:
   380 00000389 8B 75 20                        	MOV	ESI,DWORD [32+EBP]
   381 0000038C FF 45 F0                        	INC	DWORD [-16+EBP]
   382 0000038F 39 75 F0                        	CMP	DWORD [-16+EBP],ESI
   383 00000392 0F 8E FFFFFF44                  	JLE	L97
   384 00000398                                 L99:
   385 00000398 83 C4 2C                        	ADD	ESP,44
   386 0000039B 5B                              	POP	EBX
   387 0000039C 5E                              	POP	ESI
   388 0000039D 5F                              	POP	EDI
   389 0000039E 5D                              	POP	EBP
   390 0000039F C3                              	RET
   391 000003A0                                 L108:
   392 000003A0 89 F0                           	MOV	EAX,ESI
   393 000003A2 8B 55 E0                        	MOV	EDX,DWORD [-32+EBP]
   394 000003A5 0F AF 43 04                     	IMUL	EAX,DWORD [4+EBX]
   395 000003A9 01 C8                           	ADD	EAX,ECX
   396 000003AB 8B 7D CC                        	MOV	EDI,DWORD [-52+EBP]
   397 000003AE 8B 04 82                        	MOV	EAX,DWORD [EDX+EAX*4]
   398 000003B1 8B 55 DC                        	MOV	EDX,DWORD [-36+EBP]
   399 000003B4 89 04 BA                        	MOV	DWORD [EDX+EDI*4],EAX
   400 000003B7 EB C4                           	JMP	L92
   401 000003B9                                 L107:
   402 000003B9 31 C9                           	XOR	ECX,ECX
   403 000003BB E9 FFFFFF71                     	JMP	L83
   404 000003C0                                 L106:
   405 000003C0 C7 45 E8 00000000               	MOV	DWORD [-24+EBP],0
   406 000003C7 E9 FFFFFF5D                     	JMP	L82
   407 000003CC                                 L105:
   408 000003CC C7 45 10 00000000               	MOV	DWORD [16+EBP],0
   409 000003D3 E9 FFFFFED7                     	JMP	L75
   410 000003D8                                 L104:
   411 000003D8 C7 45 0C 00000000               	MOV	DWORD [12+EBP],0
   412 000003DF E9 FFFFFEC1                     	JMP	L74
   413 000003E4                                 	GLOBAL	_sheet_updown
   414 000003E4                                 _sheet_updown:
   415 000003E4 55                              	PUSH	EBP
   416 000003E5 89 E5                           	MOV	EBP,ESP
   417 000003E7 57                              	PUSH	EDI
   418 000003E8 56                              	PUSH	ESI
   419 000003E9 53                              	PUSH	EBX
   420 000003EA 51                              	PUSH	ECX
   421 000003EB 8B 7D 08                        	MOV	EDI,DWORD [8+EBP]
   422 000003EE 8B 5D 0C                        	MOV	EBX,DWORD [12+EBP]
   423 000003F1 8B 77 20                        	MOV	ESI,DWORD [32+EDI]
   424 000003F4 8B 47 18                        	MOV	EAX,DWORD [24+EDI]
   425 000003F7 89 45 F0                        	MOV	DWORD [-16+EBP],EAX
   426 000003FA 8B 46 10                        	MOV	EAX,DWORD [16+ESI]
   427 000003FD 40                              	INC	EAX
   428 000003FE 39 C3                           	CMP	EBX,EAX
   429 00000400 7E 02                           	JLE	L110
   430 00000402 89 C3                           	MOV	EBX,EAX
   431 00000404                                 L110:
   432 00000404 83 FB FF                        	CMP	EBX,-1
   433 00000407 7D 03                           	JGE	L111
   434 00000409 83 CB FF                        	OR	EBX,-1
   435 0000040C                                 L111:
   436 0000040C 89 5F 18                        	MOV	DWORD [24+EDI],EBX
   437 0000040F 39 5D F0                        	CMP	DWORD [-16+EBP],EBX
   438 00000412 0F 8E 000000A8                  	JLE	L112
   439 00000418 85 DB                           	TEST	EBX,EBX
   440 0000041A 78 5C                           	JS	L113
   441 0000041C 8B 4D F0                        	MOV	ECX,DWORD [-16+EBP]
   442 0000041F                                 L118:
   443 0000041F 8B 44 8E 10                     	MOV	EAX,DWORD [16+ESI+ECX*4]
   444 00000423 89 44 8E 14                     	MOV	DWORD [20+ESI+ECX*4],EAX
   445 00000427 89 48 18                        	MOV	DWORD [24+EAX],ECX
   446 0000042A 49                              	DEC	ECX
   447 0000042B 39 D9                           	CMP	ECX,EBX
   448 0000042D 7F F0                           	JG	L118
   449 0000042F 89 7C 9E 14                     	MOV	DWORD [20+ESI+EBX*4],EDI
   450 00000433 43                              	INC	EBX
   451 00000434 53                              	PUSH	EBX
   452 00000435 8B 4F 10                        	MOV	ECX,DWORD [16+EDI]
   453 00000438 89 C8                           	MOV	EAX,ECX
   454 0000043A 03 47 08                        	ADD	EAX,DWORD [8+EDI]
   455 0000043D 50                              	PUSH	EAX
   456 0000043E 8B 57 0C                        	MOV	EDX,DWORD [12+EDI]
   457 00000441 89 D0                           	MOV	EAX,EDX
   458 00000443 03 47 04                        	ADD	EAX,DWORD [4+EDI]
   459 00000446 50                              	PUSH	EAX
   460 00000447 51                              	PUSH	ECX
   461 00000448 52                              	PUSH	EDX
   462 00000449 56                              	PUSH	ESI
   463 0000044A E8 FFFFFC91                     	CALL	_sheet_refreshmap
   464 0000044F FF 75 F0                        	PUSH	DWORD [-16+EBP]
   465 00000452                                 L148:
   466 00000452 53                              	PUSH	EBX
   467 00000453                                 L147:
   468 00000453 8B 4F 10                        	MOV	ECX,DWORD [16+EDI]
   469 00000456 89 C8                           	MOV	EAX,ECX
   470 00000458 03 47 08                        	ADD	EAX,DWORD [8+EDI]
   471 0000045B 50                              	PUSH	EAX
   472 0000045C 8B 57 0C                        	MOV	EDX,DWORD [12+EDI]
   473 0000045F 89 D0                           	MOV	EAX,EDX
   474 00000461 03 47 04                        	ADD	EAX,DWORD [4+EDI]
   475 00000464 50                              	PUSH	EAX
   476 00000465 51                              	PUSH	ECX
   477 00000466 52                              	PUSH	EDX
   478 00000467 56                              	PUSH	ESI
   479 00000468 E8 FFFFFE14                     	CALL	_sheet_refreshsub
   480 0000046D 83 C4 34                        	ADD	ESP,52
   481 00000470                                 L109:
   482 00000470 8D 65 F4                        	LEA	ESP,DWORD [-12+EBP]
   483 00000473 5B                              	POP	EBX
   484 00000474 5E                              	POP	ESI
   485 00000475 5F                              	POP	EDI
   486 00000476 5D                              	POP	EBP
   487 00000477 C3                              	RET
   488 00000478                                 L113:
   489 00000478 8B 46 10                        	MOV	EAX,DWORD [16+ESI]
   490 0000047B 3B 45 F0                        	CMP	EAX,DWORD [-16+EBP]
   491 0000047E 7E 18                           	JLE	L120
   492 00000480 8B 4D F0                        	MOV	ECX,DWORD [-16+EBP]
   493 00000483 39 C1                           	CMP	ECX,EAX
   494 00000485 7D 11                           	JGE	L120
   495 00000487                                 L125:
   496 00000487 8B 44 8E 18                     	MOV	EAX,DWORD [24+ESI+ECX*4]
   497 0000048B 89 44 8E 14                     	MOV	DWORD [20+ESI+ECX*4],EAX
   498 0000048F 89 48 18                        	MOV	DWORD [24+EAX],ECX
   499 00000492 41                              	INC	ECX
   500 00000493 3B 4E 10                        	CMP	ECX,DWORD [16+ESI]
   501 00000496 7C EF                           	JL	L125
   502 00000498                                 L120:
   503 00000498 FF 4E 10                        	DEC	DWORD [16+ESI]
   504 0000049B 6A 00                           	PUSH	0
   505 0000049D 8B 4F 10                        	MOV	ECX,DWORD [16+EDI]
   506 000004A0 89 C8                           	MOV	EAX,ECX
   507 000004A2 03 47 08                        	ADD	EAX,DWORD [8+EDI]
   508 000004A5 50                              	PUSH	EAX
   509 000004A6 8B 57 0C                        	MOV	EDX,DWORD [12+EDI]
   510 000004A9 89 D0                           	MOV	EAX,EDX
   511 000004AB 03 47 04                        	ADD	EAX,DWORD [4+EDI]
   512 000004AE 50                              	PUSH	EAX
   513 000004AF 51                              	PUSH	ECX
   514 000004B0 52                              	PUSH	EDX
   515 000004B1 56                              	PUSH	ESI
   516 000004B2 E8 FFFFFC29                     	CALL	_sheet_refreshmap
   517 000004B7 8B 45 F0                        	MOV	EAX,DWORD [-16+EBP]
   518 000004BA 48                              	DEC	EAX
   519 000004BB 50                              	PUSH	EAX
   520 000004BC 6A 00                           	PUSH	0
   521 000004BE EB 93                           	JMP	L147
   522 000004C0                                 L112:
   523 000004C0 39 5D F0                        	CMP	DWORD [-16+EBP],EBX
   524 000004C3 7D AB                           	JGE	L109
   525 000004C5 83 7D F0 00                     	CMP	DWORD [-16+EBP],0
   526 000004C9 78 3C                           	JS	L128
   527 000004CB 8B 4D F0                        	MOV	ECX,DWORD [-16+EBP]
   528 000004CE 39 D9                           	CMP	ECX,EBX
   529 000004D0 7D 10                           	JGE	L144
   530 000004D2                                 L133:
   531 000004D2 8B 44 8E 18                     	MOV	EAX,DWORD [24+ESI+ECX*4]
   532 000004D6 89 44 8E 14                     	MOV	DWORD [20+ESI+ECX*4],EAX
   533 000004DA 89 48 18                        	MOV	DWORD [24+EAX],ECX
   534 000004DD 41                              	INC	ECX
   535 000004DE 39 D9                           	CMP	ECX,EBX
   536 000004E0 7C F0                           	JL	L133
   537 000004E2                                 L144:
   538 000004E2 89 7C 9E 14                     	MOV	DWORD [20+ESI+EBX*4],EDI
   539 000004E6                                 L134:
   540 000004E6 53                              	PUSH	EBX
   541 000004E7 8B 4F 10                        	MOV	ECX,DWORD [16+EDI]
   542 000004EA 89 C8                           	MOV	EAX,ECX
   543 000004EC 03 47 08                        	ADD	EAX,DWORD [8+EDI]
   544 000004EF 50                              	PUSH	EAX
   545 000004F0 8B 57 0C                        	MOV	EDX,DWORD [12+EDI]
   546 000004F3 89 D0                           	MOV	EAX,EDX
   547 000004F5 03 47 04                        	ADD	EAX,DWORD [4+EDI]
   548 000004F8 50                              	PUSH	EAX
   549 000004F9 51                              	PUSH	ECX
   550 000004FA 52                              	PUSH	EDX
   551 000004FB 56                              	PUSH	ESI
   552 000004FC E8 FFFFFBDF                     	CALL	_sheet_refreshmap
   553 00000501 53                              	PUSH	EBX
   554 00000502 E9 FFFFFF4B                     	JMP	L148
   555 00000507                                 L128:
   556 00000507 8B 4E 10                        	MOV	ECX,DWORD [16+ESI]
   557 0000050A 39 D9                           	CMP	ECX,EBX
   558 0000050C 7C 13                           	JL	L146
   559 0000050E                                 L139:
   560 0000050E 8B 54 8E 14                     	MOV	EDX,DWORD [20+ESI+ECX*4]
   561 00000512 8D 41 01                        	LEA	EAX,DWORD [1+ECX]
   562 00000515 89 54 8E 18                     	MOV	DWORD [24+ESI+ECX*4],EDX
   563 00000519 49                              	DEC	ECX
   564 0000051A 89 42 18                        	MOV	DWORD [24+EDX],EAX
   565 0000051D 39 D9                           	CMP	ECX,EBX
   566 0000051F 7D ED                           	JGE	L139
   567 00000521                                 L146:
   568 00000521 89 7C 9E 14                     	MOV	DWORD [20+ESI+EBX*4],EDI
   569 00000525 FF 46 10                        	INC	DWORD [16+ESI]
   570 00000528 EB BC                           	JMP	L134
   571 0000052A                                 	GLOBAL	_sheet_refresh
   572 0000052A                                 _sheet_refresh:
   573 0000052A 55                              	PUSH	EBP
   574 0000052B 89 E5                           	MOV	EBP,ESP
   575 0000052D 53                              	PUSH	EBX
   576 0000052E 8B 5D 08                        	MOV	EBX,DWORD [8+EBP]
   577 00000531 8B 43 18                        	MOV	EAX,DWORD [24+EBX]
   578 00000534 85 C0                           	TEST	EAX,EAX
   579 00000536 78 27                           	JS	L149
   580 00000538 50                              	PUSH	EAX
   581 00000539 50                              	PUSH	EAX
   582 0000053A 8B 4B 10                        	MOV	ECX,DWORD [16+EBX]
   583 0000053D 89 C8                           	MOV	EAX,ECX
   584 0000053F 03 4D 10                        	ADD	ECX,DWORD [16+EBP]
   585 00000542 03 45 18                        	ADD	EAX,DWORD [24+EBP]
   586 00000545 50                              	PUSH	EAX
   587 00000546 8B 53 0C                        	MOV	EDX,DWORD [12+EBX]
   588 00000549 89 D0                           	MOV	EAX,EDX
   589 0000054B 03 55 0C                        	ADD	EDX,DWORD [12+EBP]
   590 0000054E 03 45 14                        	ADD	EAX,DWORD [20+EBP]
   591 00000551 50                              	PUSH	EAX
   592 00000552 51                              	PUSH	ECX
   593 00000553 52                              	PUSH	EDX
   594 00000554 FF 73 20                        	PUSH	DWORD [32+EBX]
   595 00000557 E8 FFFFFD25                     	CALL	_sheet_refreshsub
   596 0000055C 83 C4 1C                        	ADD	ESP,28
   597 0000055F                                 L149:
   598 0000055F 8B 5D FC                        	MOV	EBX,DWORD [-4+EBP]
   599 00000562 C9                              	LEAVE
   600 00000563 C3                              	RET
   601 00000564                                 	GLOBAL	_sheet_slide
   602 00000564                                 _sheet_slide:
   603 00000564 55                              	PUSH	EBP
   604 00000565 89 E5                           	MOV	EBP,ESP
   605 00000567 57                              	PUSH	EDI
   606 00000568 56                              	PUSH	ESI
   607 00000569 53                              	PUSH	EBX
   608 0000056A 53                              	PUSH	EBX
   609 0000056B 8B 5D 08                        	MOV	EBX,DWORD [8+EBP]
   610 0000056E 8B 43 20                        	MOV	EAX,DWORD [32+EBX]
   611 00000571 8B 7B 0C                        	MOV	EDI,DWORD [12+EBX]
   612 00000574 89 45 F0                        	MOV	DWORD [-16+EBP],EAX
   613 00000577 8B 73 10                        	MOV	ESI,DWORD [16+EBX]
   614 0000057A 8B 45 0C                        	MOV	EAX,DWORD [12+EBP]
   615 0000057D 89 43 0C                        	MOV	DWORD [12+EBX],EAX
   616 00000580 8B 45 10                        	MOV	EAX,DWORD [16+EBP]
   617 00000583 89 43 10                        	MOV	DWORD [16+EBX],EAX
   618 00000586 83 7B 18 00                     	CMP	DWORD [24+EBX],0
   619 0000058A 78 7C                           	JS	L151
   620 0000058C 6A 00                           	PUSH	0
   621 0000058E 89 F0                           	MOV	EAX,ESI
   622 00000590 03 43 08                        	ADD	EAX,DWORD [8+EBX]
   623 00000593 50                              	PUSH	EAX
   624 00000594 89 F8                           	MOV	EAX,EDI
   625 00000596 03 43 04                        	ADD	EAX,DWORD [4+EBX]
   626 00000599 50                              	PUSH	EAX
   627 0000059A 56                              	PUSH	ESI
   628 0000059B 57                              	PUSH	EDI
   629 0000059C FF 75 F0                        	PUSH	DWORD [-16+EBP]
   630 0000059F E8 FFFFFB3C                     	CALL	_sheet_refreshmap
   631 000005A4 8B 45 10                        	MOV	EAX,DWORD [16+EBP]
   632 000005A7 FF 73 18                        	PUSH	DWORD [24+EBX]
   633 000005AA 03 43 08                        	ADD	EAX,DWORD [8+EBX]
   634 000005AD 50                              	PUSH	EAX
   635 000005AE 8B 45 0C                        	MOV	EAX,DWORD [12+EBP]
   636 000005B1 03 43 04                        	ADD	EAX,DWORD [4+EBX]
   637 000005B4 50                              	PUSH	EAX
   638 000005B5 FF 75 10                        	PUSH	DWORD [16+EBP]
   639 000005B8 FF 75 0C                        	PUSH	DWORD [12+EBP]
   640 000005BB FF 75 F0                        	PUSH	DWORD [-16+EBP]
   641 000005BE E8 FFFFFB1D                     	CALL	_sheet_refreshmap
   642 000005C3 8B 43 18                        	MOV	EAX,DWORD [24+EBX]
   643 000005C6 83 C4 30                        	ADD	ESP,48
   644 000005C9 48                              	DEC	EAX
   645 000005CA 50                              	PUSH	EAX
   646 000005CB 89 F0                           	MOV	EAX,ESI
   647 000005CD 6A 00                           	PUSH	0
   648 000005CF 03 43 08                        	ADD	EAX,DWORD [8+EBX]
   649 000005D2 50                              	PUSH	EAX
   650 000005D3 89 F8                           	MOV	EAX,EDI
   651 000005D5 03 43 04                        	ADD	EAX,DWORD [4+EBX]
   652 000005D8 50                              	PUSH	EAX
   653 000005D9 56                              	PUSH	ESI
   654 000005DA 57                              	PUSH	EDI
   655 000005DB FF 75 F0                        	PUSH	DWORD [-16+EBP]
   656 000005DE E8 FFFFFC9E                     	CALL	_sheet_refreshsub
   657 000005E3 8B 45 10                        	MOV	EAX,DWORD [16+EBP]
   658 000005E6 FF 73 18                        	PUSH	DWORD [24+EBX]
   659 000005E9 FF 73 18                        	PUSH	DWORD [24+EBX]
   660 000005EC 03 43 08                        	ADD	EAX,DWORD [8+EBX]
   661 000005EF 50                              	PUSH	EAX
   662 000005F0 8B 45 0C                        	MOV	EAX,DWORD [12+EBP]
   663 000005F3 03 43 04                        	ADD	EAX,DWORD [4+EBX]
   664 000005F6 50                              	PUSH	EAX
   665 000005F7 FF 75 10                        	PUSH	DWORD [16+EBP]
   666 000005FA FF 75 0C                        	PUSH	DWORD [12+EBP]
   667 000005FD FF 75 F0                        	PUSH	DWORD [-16+EBP]
   668 00000600 E8 FFFFFC7C                     	CALL	_sheet_refreshsub
   669 00000605 83 C4 38                        	ADD	ESP,56
   670 00000608                                 L151:
   671 00000608 8D 65 F4                        	LEA	ESP,DWORD [-12+EBP]
   672 0000060B 5B                              	POP	EBX
   673 0000060C 5E                              	POP	ESI
   674 0000060D 5F                              	POP	EDI
   675 0000060E 5D                              	POP	EBP
   676 0000060F C3                              	RET
   677 00000610                                 	GLOBAL	_sheet_free
   678 00000610                                 _sheet_free:
   679 00000610 55                              	PUSH	EBP
   680 00000611 89 E5                           	MOV	EBP,ESP
   681 00000613 53                              	PUSH	EBX
   682 00000614 8B 5D 08                        	MOV	EBX,DWORD [8+EBP]
   683 00000617 83 7B 18 00                     	CMP	DWORD [24+EBX],0
   684 0000061B 78 0A                           	JS	L154
   685 0000061D 6A FF                           	PUSH	-1
   686 0000061F 53                              	PUSH	EBX
   687 00000620 E8 FFFFFDBF                     	CALL	_sheet_updown
   688 00000625 58                              	POP	EAX
   689 00000626 5A                              	POP	EDX
   690 00000627                                 L154:
   691 00000627 C7 43 1C 00000000               	MOV	DWORD [28+EBX],0
   692 0000062E 8B 5D FC                        	MOV	EBX,DWORD [-4+EBP]
   693 00000631 C9                              	LEAVE
   694 00000632 C3                              	RET
