     1 00000000                                 [FORMAT "WCOFF"]
     2 00000000                                 [INSTRSET "i486p"]
     3 00000000                                 [OPTIMIZE 1]
     4 00000000                                 [OPTION 1]
     5 00000000                                 [BITS 32]
     6 00000000                                 	EXTERN	_boxfill8
     7 00000000                                 	EXTERN	_putfonts8_asc
     8 00000000                                 	EXTERN	_task_now
     9 00000000                                 	EXTERN	_sheet_refresh
    10 00000000                                 [FILE "window.c"]
    11                                          [SECTION .text]
    12 00000000                                 	GLOBAL	_make_window8
    13 00000000                                 _make_window8:
    14 00000000 55                              	PUSH	EBP
    15 00000001 89 E5                           	MOV	EBP,ESP
    16 00000003 57                              	PUSH	EDI
    17 00000004 56                              	PUSH	ESI
    18 00000005 53                              	PUSH	EBX
    19 00000006 50                              	PUSH	EAX
    20 00000007 8B 45 14                        	MOV	EAX,DWORD [20+EBP]
    21 0000000A 8B 75 0C                        	MOV	ESI,DWORD [12+EBP]
    22 0000000D 89 45 F0                        	MOV	DWORD [-16+EBP],EAX
    23 00000010 8B 7D 08                        	MOV	EDI,DWORD [8+EBP]
    24 00000013 8B 45 10                        	MOV	EAX,DWORD [16+EBP]
    25 00000016 48                              	DEC	EAX
    26 00000017 0F BE 5D 18                     	MOVSX	EBX,BYTE [24+EBP]
    27 0000001B 50                              	PUSH	EAX
    28 0000001C 8D 46 FF                        	LEA	EAX,DWORD [-1+ESI]
    29 0000001F 50                              	PUSH	EAX
    30 00000020 6A 00                           	PUSH	0
    31 00000022 6A 00                           	PUSH	0
    32 00000024 68 00FFFFFF                     	PUSH	16777215
    33 00000029 56                              	PUSH	ESI
    34 0000002A 57                              	PUSH	EDI
    35 0000002B E8 [00000000]                   	CALL	_boxfill8
    36 00000030 89 7D 08                        	MOV	DWORD [8+EBP],EDI
    37 00000033 8B 45 F0                        	MOV	EAX,DWORD [-16+EBP]
    38 00000036 89 5D 14                        	MOV	DWORD [20+EBP],EBX
    39 00000039 89 45 10                        	MOV	DWORD [16+EBP],EAX
    40 0000003C 89 75 0C                        	MOV	DWORD [12+EBP],ESI
    41 0000003F 83 C4 1C                        	ADD	ESP,28
    42 00000042 8D 65 F4                        	LEA	ESP,DWORD [-12+EBP]
    43 00000045 5B                              	POP	EBX
    44 00000046 5E                              	POP	ESI
    45 00000047 5F                              	POP	EDI
    46 00000048 5D                              	POP	EBP
    47 00000049 EB 00                           	JMP	_make_wtitle8
    48                                          [SECTION .data]
    49 00000000                                 _closebtn.0:
    50 00000000 51 51 51 51 51 51 51 51 51 51   	DB	"QQQQQQQQQQQQQQQQ"
       0000000A 51 51 51 51 51 51 
    51 00000010 51 51 51 51 51 51 51 51 51 51   	DB	"QQQQQQQQQQQQQQQQ"
       0000001A 51 51 51 51 51 51 
    52 00000020 51 51 51 51 51 51 51 51 51 51   	DB	"QQQQQQQQQQQQQQQQ"
       0000002A 51 51 51 51 51 51 
    53 00000030 51 51 51 51 51 51 51 51 51 51   	DB	"QQQQQQQQQQQQQQQQ"
       0000003A 51 51 51 51 51 51 
    54 00000040 51 51 51 51 51 40 51 51 51 51   	DB	"QQQQQ@QQQQ@QQQQQ"
       0000004A 40 51 51 51 51 51 
    55 00000050 51 51 51 51 51 51 40 51 51 40   	DB	"QQQQQQ@QQ@QQQQQQ"
       0000005A 51 51 51 51 51 51 
    56 00000060 51 51 51 51 51 51 51 40 40 51   	DB	"QQQQQQQ@@QQQQQQQ"
       0000006A 51 51 51 51 51 51 
    57 00000070 51 51 51 51 51 51 51 40 40 51   	DB	"QQQQQQQ@@QQQQQQQ"
       0000007A 51 51 51 51 51 51 
    58 00000080 51 51 51 51 51 51 40 51 51 40   	DB	"QQQQQQ@QQ@QQQQQQ"
       0000008A 51 51 51 51 51 51 
    59 00000090 51 51 51 51 51 40 51 51 51 51   	DB	"QQQQQ@QQQQ@QQQQQ"
       0000009A 40 51 51 51 51 51 
    60 000000A0 51 51 51 51 51 51 51 51 51 51   	DB	"QQQQQQQQQQQQQQQQ"
       000000AA 51 51 51 51 51 51 
    61 000000B0 51 51 51 51 51 51 51 51 51 51   	DB	"QQQQQQQQQQQQQQQQ"
       000000BA 51 51 51 51 51 51 
    62 000000C0 51 51 51 51 51 51 51 51 51 51   	DB	"QQQQQQQQQQQQQQQQ"
       000000CA 51 51 51 51 51 51 
    63 000000D0 51 51 51 51 51 51 51 51 51 51   	DB	"QQQQQQQQQQQQQQQQ"
       000000DA 51 51 51 51 51 51 
    64                                          [SECTION .text]
    65 0000004B                                 	GLOBAL	_make_wtitle8
    66 0000004B                                 _make_wtitle8:
    67 0000004B 55                              	PUSH	EBP
    68 0000004C 89 E5                           	MOV	EBP,ESP
    69 0000004E 57                              	PUSH	EDI
    70 0000004F 56                              	PUSH	ESI
    71 00000050 53                              	PUSH	EBX
    72 00000051 52                              	PUSH	EDX
    73 00000052 8B 7D 0C                        	MOV	EDI,DWORD [12+EBP]
    74 00000055 80 7D 14 00                     	CMP	BYTE [20+EBP],0
    75 00000059 0F 84 00000095                  	JE	L3
    76 0000005F 31 DB                           	XOR	EBX,EBX
    77 00000061                                 L4:
    78 00000061 6A 14                           	PUSH	20
    79 00000063 8D 47 FC                        	LEA	EAX,DWORD [-4+EDI]
    80 00000066 50                              	PUSH	EAX
    81 00000067 31 F6                           	XOR	ESI,ESI
    82 00000069 6A 03                           	PUSH	3
    83 0000006B 6A 03                           	PUSH	3
    84 0000006D 68 00FFFFFF                     	PUSH	16777215
    85 00000072 57                              	PUSH	EDI
    86 00000073 FF 75 08                        	PUSH	DWORD [8+EBP]
    87 00000076 E8 [00000000]                   	CALL	_boxfill8
    88 0000007B FF 75 10                        	PUSH	DWORD [16+EBP]
    89 0000007E 53                              	PUSH	EBX
    90 0000007F 6A 04                           	PUSH	4
    91 00000081 6A 18                           	PUSH	24
    92 00000083 57                              	PUSH	EDI
    93 00000084 FF 75 08                        	PUSH	DWORD [8+EBP]
    94 00000087 E8 [00000000]                   	CALL	_putfonts8_asc
    95 0000008C 83 C4 34                        	ADD	ESP,52
    96 0000008F 6B CF 05                        	IMUL	ECX,EDI,5
    97 00000092 C7 45 F0 00000000               	MOV	DWORD [-16+EBP],0
    98 00000099                                 L20:
    99 00000099 8D 14 39                        	LEA	EDX,DWORD [ECX+EDI*1]
   100 0000009C 8B 45 08                        	MOV	EAX,DWORD [8+EBP]
   101 0000009F 31 DB                           	XOR	EBX,EBX
   102 000000A1 8D 54 90 AC                     	LEA	EDX,DWORD [-84+EAX+EDX*4]
   103 000000A5                                 L19:
   104 000000A5 0F BE 84 33 [00000000]          	MOVSX	EAX,BYTE [_closebtn.0+EBX+ESI*1]
   105 000000AD 83 F8 40                        	CMP	EAX,64
   106 000000B0 74 3E                           	JE	L25
   107 000000B2 83 F8 24                        	CMP	EAX,36
   108 000000B5 74 32                           	JE	L26
   109 000000B7 83 F8 51                        	CMP	EAX,81
   110 000000BA 74 26                           	JE	L27
   111 000000BC B8 00C6C6C6                     	MOV	EAX,13027014
   112 000000C1                                 L14:
   113 000000C1 43                              	INC	EBX
   114 000000C2 89 02                           	MOV	DWORD [EDX],EAX
   115 000000C4 83 C2 04                        	ADD	EDX,4
   116 000000C7 83 FB 0F                        	CMP	EBX,15
   117 000000CA 7E D9                           	JLE	L19
   118 000000CC FF 45 F0                        	INC	DWORD [-16+EBP]
   119 000000CF 01 F9                           	ADD	ECX,EDI
   120 000000D1 83 C6 10                        	ADD	ESI,16
   121 000000D4 83 7D F0 0D                     	CMP	DWORD [-16+EBP],13
   122 000000D8 7E BF                           	JLE	L20
   123 000000DA 8D 65 F4                        	LEA	ESP,DWORD [-12+EBP]
   124 000000DD 5B                              	POP	EBX
   125 000000DE 5E                              	POP	ESI
   126 000000DF 5F                              	POP	EDI
   127 000000E0 5D                              	POP	EBP
   128 000000E1 C3                              	RET
   129 000000E2                                 L27:
   130 000000E2 B8 00FFFFFF                     	MOV	EAX,16777215
   131 000000E7 EB D8                           	JMP	L14
   132 000000E9                                 L26:
   133 000000E9 B8 00848484                     	MOV	EAX,8684676
   134 000000EE EB D1                           	JMP	L14
   135 000000F0                                 L25:
   136 000000F0 31 C0                           	XOR	EAX,EAX
   137 000000F2 EB CD                           	JMP	L14
   138 000000F4                                 L3:
   139 000000F4 BB 00C6C6C6                     	MOV	EBX,13027014
   140 000000F9 E9 FFFFFF63                     	JMP	L4
   141 000000FE                                 	GLOBAL	_putfonts8_asc_sht
   142 000000FE                                 _putfonts8_asc_sht:
   143 000000FE 55                              	PUSH	EBP
   144 000000FF 89 E5                           	MOV	EBP,ESP
   145 00000101 57                              	PUSH	EDI
   146 00000102 56                              	PUSH	ESI
   147 00000103 53                              	PUSH	EBX
   148 00000104 83 EC 18                        	SUB	ESP,24
   149 00000107 8B 45 14                        	MOV	EAX,DWORD [20+EBP]
   150 0000010A 8B 55 18                        	MOV	EDX,DWORD [24+EBP]
   151 0000010D 89 45 F0                        	MOV	DWORD [-16+EBP],EAX
   152 00000110 89 55 EC                        	MOV	DWORD [-20+EBP],EDX
   153 00000113 8B 45 1C                        	MOV	EAX,DWORD [28+EBP]
   154 00000116 8B 55 20                        	MOV	EDX,DWORD [32+EBP]
   155 00000119 89 55 E4                        	MOV	DWORD [-28+EBP],EDX
   156 0000011C 89 45 E8                        	MOV	DWORD [-24+EBP],EAX
   157 0000011F 8B 7D 08                        	MOV	EDI,DWORD [8+EBP]
   158 00000122 8B 5D 0C                        	MOV	EBX,DWORD [12+EBP]
   159 00000125 8B 75 10                        	MOV	ESI,DWORD [16+EBP]
   160 00000128 E8 [00000000]                   	CALL	_task_now
   161 0000012D 89 45 E0                        	MOV	DWORD [-32+EBP],EAX
   162 00000130 8D 46 0F                        	LEA	EAX,DWORD [15+ESI]
   163 00000133 50                              	PUSH	EAX
   164 00000134 8B 45 E4                        	MOV	EAX,DWORD [-28+EBP]
   165 00000137 8D 04 C3                        	LEA	EAX,DWORD [EBX+EAX*8]
   166 0000013A 89 45 DC                        	MOV	DWORD [-36+EBP],EAX
   167 0000013D 48                              	DEC	EAX
   168 0000013E 50                              	PUSH	EAX
   169 0000013F 56                              	PUSH	ESI
   170 00000140 53                              	PUSH	EBX
   171 00000141 FF 75 EC                        	PUSH	DWORD [-20+EBP]
   172 00000144 FF 77 04                        	PUSH	DWORD [4+EDI]
   173 00000147 FF 37                           	PUSH	DWORD [EDI]
   174 00000149 E8 [00000000]                   	CALL	_boxfill8
   175 0000014E 8B 55 E0                        	MOV	EDX,DWORD [-32+EBP]
   176 00000151 83 C4 1C                        	ADD	ESP,28
   177 00000154 80 BA 000000BC 00               	CMP	BYTE [188+EDX],0
   178 0000015B 74 09                           	JE	L29
   179 0000015D 80 BA 000000BD 00               	CMP	BYTE [189+EDX],0
   180 00000164 75 39                           	JNE	L32
   181 00000166                                 L29:
   182 00000166 FF 75 E8                        	PUSH	DWORD [-24+EBP]
   183 00000169 FF 75 F0                        	PUSH	DWORD [-16+EBP]
   184 0000016C 56                              	PUSH	ESI
   185 0000016D 53                              	PUSH	EBX
   186 0000016E FF 77 04                        	PUSH	DWORD [4+EDI]
   187 00000171 FF 37                           	PUSH	DWORD [EDI]
   188 00000173 E8 [00000000]                   	CALL	_putfonts8_asc
   189 00000178 89 5D 0C                        	MOV	DWORD [12+EBP],EBX
   190 0000017B 8B 55 E4                        	MOV	EDX,DWORD [-28+EBP]
   191 0000017E 8D 46 10                        	LEA	EAX,DWORD [16+ESI]
   192 00000181 89 45 18                        	MOV	DWORD [24+EBP],EAX
   193 00000184 83 C4 18                        	ADD	ESP,24
   194 00000187 8D 04 D3                        	LEA	EAX,DWORD [EBX+EDX*8]
   195 0000018A 89 75 10                        	MOV	DWORD [16+EBP],ESI
   196 0000018D 89 45 14                        	MOV	DWORD [20+EBP],EAX
   197 00000190                                 L31:
   198 00000190 89 7D 08                        	MOV	DWORD [8+EBP],EDI
   199 00000193 8D 65 F4                        	LEA	ESP,DWORD [-12+EBP]
   200 00000196 5B                              	POP	EBX
   201 00000197 5E                              	POP	ESI
   202 00000198 5F                              	POP	EDI
   203 00000199 5D                              	POP	EBP
   204 0000019A E9 [00000000]                   	JMP	_sheet_refresh
   205 0000019F                                 L32:
   206 0000019F FF 75 E8                        	PUSH	DWORD [-24+EBP]
   207 000001A2 FF 75 F0                        	PUSH	DWORD [-16+EBP]
   208 000001A5 56                              	PUSH	ESI
   209 000001A6 53                              	PUSH	EBX
   210 000001A7 FF 77 04                        	PUSH	DWORD [4+EDI]
   211 000001AA FF 37                           	PUSH	DWORD [EDI]
   212 000001AC E8 [00000000]                   	CALL	_putfonts8_asc
   213 000001B1 89 75 10                        	MOV	DWORD [16+EBP],ESI
   214 000001B4 8D 46 10                        	LEA	EAX,DWORD [16+ESI]
   215 000001B7 83 C4 18                        	ADD	ESP,24
   216 000001BA 89 45 18                        	MOV	DWORD [24+EBP],EAX
   217 000001BD 8B 45 DC                        	MOV	EAX,DWORD [-36+EBP]
   218 000001C0 89 45 14                        	MOV	DWORD [20+EBP],EAX
   219 000001C3 8D 43 F8                        	LEA	EAX,DWORD [-8+EBX]
   220 000001C6 89 45 0C                        	MOV	DWORD [12+EBP],EAX
   221 000001C9 EB C5                           	JMP	L31
   222 000001CB                                 	GLOBAL	_make_textbox8
   223 000001CB                                 _make_textbox8:
   224 000001CB 55                              	PUSH	EBP
   225 000001CC 89 E5                           	MOV	EBP,ESP
   226 000001CE 57                              	PUSH	EDI
   227 000001CF 56                              	PUSH	ESI
   228 000001D0 53                              	PUSH	EBX
   229 000001D1 83 EC 14                        	SUB	ESP,20
   230 000001D4 8B 45 0C                        	MOV	EAX,DWORD [12+EBP]
   231 000001D7 8B 75 10                        	MOV	ESI,DWORD [16+EBP]
   232 000001DA 03 45 14                        	ADD	EAX,DWORD [20+EBP]
   233 000001DD 83 EE 03                        	SUB	ESI,3
   234 000001E0 56                              	PUSH	ESI
   235 000001E1 89 45 F0                        	MOV	DWORD [-16+EBP],EAX
   236 000001E4 8B 45 10                        	MOV	EAX,DWORD [16+EBP]
   237 000001E7 03 45 18                        	ADD	EAX,DWORD [24+EBP]
   238 000001EA 89 45 EC                        	MOV	DWORD [-20+EBP],EAX
   239 000001ED 8B 45 F0                        	MOV	EAX,DWORD [-16+EBP]
   240 000001F0 40                              	INC	EAX
   241 000001F1 50                              	PUSH	EAX
   242 000001F2 89 45 E8                        	MOV	DWORD [-24+EBP],EAX
   243 000001F5 8B 45 0C                        	MOV	EAX,DWORD [12+EBP]
   244 000001F8 56                              	PUSH	ESI
   245 000001F9 83 E8 02                        	SUB	EAX,2
   246 000001FC 50                              	PUSH	EAX
   247 000001FD 89 45 E4                        	MOV	DWORD [-28+EBP],EAX
   248 00000200 8B 45 08                        	MOV	EAX,DWORD [8+EBP]
   249 00000203 68 00848484                     	PUSH	8684676
   250 00000208 FF 70 04                        	PUSH	DWORD [4+EAX]
   251 0000020B FF 30                           	PUSH	DWORD [EAX]
   252 0000020D E8 [00000000]                   	CALL	_boxfill8
   253 00000212 8B 7D 0C                        	MOV	EDI,DWORD [12+EBP]
   254 00000215 8B 45 EC                        	MOV	EAX,DWORD [-20+EBP]
   255 00000218 83 EF 03                        	SUB	EDI,3
   256 0000021B 40                              	INC	EAX
   257 0000021C 50                              	PUSH	EAX
   258 0000021D 89 45 E0                        	MOV	DWORD [-32+EBP],EAX
   259 00000220 57                              	PUSH	EDI
   260 00000221 8B 45 08                        	MOV	EAX,DWORD [8+EBP]
   261 00000224 56                              	PUSH	ESI
   262 00000225 57                              	PUSH	EDI
   263 00000226 68 00848484                     	PUSH	8684676
   264 0000022B FF 70 04                        	PUSH	DWORD [4+EAX]
   265 0000022E FF 30                           	PUSH	DWORD [EAX]
   266 00000230 E8 [00000000]                   	CALL	_boxfill8
   267 00000235 8B 45 08                        	MOV	EAX,DWORD [8+EBP]
   268 00000238 83 C4 38                        	ADD	ESP,56
   269 0000023B 8B 5D EC                        	MOV	EBX,DWORD [-20+EBP]
   270 0000023E 83 C3 02                        	ADD	EBX,2
   271 00000241 53                              	PUSH	EBX
   272 00000242 FF 75 E8                        	PUSH	DWORD [-24+EBP]
   273 00000245 53                              	PUSH	EBX
   274 00000246 57                              	PUSH	EDI
   275 00000247 68 00FFFFFF                     	PUSH	16777215
   276 0000024C FF 70 04                        	PUSH	DWORD [4+EAX]
   277 0000024F FF 30                           	PUSH	DWORD [EAX]
   278 00000251 E8 [00000000]                   	CALL	_boxfill8
   279 00000256 8B 45 F0                        	MOV	EAX,DWORD [-16+EBP]
   280 00000259 53                              	PUSH	EBX
   281 0000025A 83 C0 02                        	ADD	EAX,2
   282 0000025D 50                              	PUSH	EAX
   283 0000025E 56                              	PUSH	ESI
   284 0000025F 50                              	PUSH	EAX
   285 00000260 8B 45 08                        	MOV	EAX,DWORD [8+EBP]
   286 00000263 68 00FFFFFF                     	PUSH	16777215
   287 00000268 FF 70 04                        	PUSH	DWORD [4+EAX]
   288 0000026B FF 30                           	PUSH	DWORD [EAX]
   289 0000026D E8 [00000000]                   	CALL	_boxfill8
   290 00000272 8B 45 08                        	MOV	EAX,DWORD [8+EBP]
   291 00000275 83 C4 38                        	ADD	ESP,56
   292 00000278 8B 5D 10                        	MOV	EBX,DWORD [16+EBP]
   293 0000027B 83 EB 02                        	SUB	EBX,2
   294 0000027E 8B 7D 0C                        	MOV	EDI,DWORD [12+EBP]
   295 00000281 53                              	PUSH	EBX
   296 00000282 4F                              	DEC	EDI
   297 00000283 FF 75 F0                        	PUSH	DWORD [-16+EBP]
   298 00000286 53                              	PUSH	EBX
   299 00000287 57                              	PUSH	EDI
   300 00000288 6A 00                           	PUSH	0
   301 0000028A FF 70 04                        	PUSH	DWORD [4+EAX]
   302 0000028D FF 30                           	PUSH	DWORD [EAX]
   303 0000028F E8 [00000000]                   	CALL	_boxfill8
   304 00000294 8B 45 08                        	MOV	EAX,DWORD [8+EBP]
   305 00000297 FF 75 EC                        	PUSH	DWORD [-20+EBP]
   306 0000029A FF 75 E4                        	PUSH	DWORD [-28+EBP]
   307 0000029D 53                              	PUSH	EBX
   308 0000029E FF 75 E4                        	PUSH	DWORD [-28+EBP]
   309 000002A1 6A 00                           	PUSH	0
   310 000002A3 FF 70 04                        	PUSH	DWORD [4+EAX]
   311 000002A6 FF 30                           	PUSH	DWORD [EAX]
   312 000002A8 E8 [00000000]                   	CALL	_boxfill8
   313 000002AD 8B 45 08                        	MOV	EAX,DWORD [8+EBP]
   314 000002B0 83 C4 38                        	ADD	ESP,56
   315 000002B3 FF 75 E0                        	PUSH	DWORD [-32+EBP]
   316 000002B6 FF 75 F0                        	PUSH	DWORD [-16+EBP]
   317 000002B9 FF 75 E0                        	PUSH	DWORD [-32+EBP]
   318 000002BC FF 75 E4                        	PUSH	DWORD [-28+EBP]
   319 000002BF 68 00C6C6C6                     	PUSH	13027014
   320 000002C4 FF 70 04                        	PUSH	DWORD [4+EAX]
   321 000002C7 FF 30                           	PUSH	DWORD [EAX]
   322 000002C9 E8 [00000000]                   	CALL	_boxfill8
   323 000002CE 8B 45 08                        	MOV	EAX,DWORD [8+EBP]
   324 000002D1 FF 75 E0                        	PUSH	DWORD [-32+EBP]
   325 000002D4 FF 75 E8                        	PUSH	DWORD [-24+EBP]
   326 000002D7 53                              	PUSH	EBX
   327 000002D8 FF 75 E8                        	PUSH	DWORD [-24+EBP]
   328 000002DB 68 00C6C6C6                     	PUSH	13027014
   329 000002E0 FF 70 04                        	PUSH	DWORD [4+EAX]
   330 000002E3 FF 30                           	PUSH	DWORD [EAX]
   331 000002E5 E8 [00000000]                   	CALL	_boxfill8
   332 000002EA 8B 45 10                        	MOV	EAX,DWORD [16+EBP]
   333 000002ED 83 C4 38                        	ADD	ESP,56
   334 000002F0 48                              	DEC	EAX
   335 000002F1 FF 75 EC                        	PUSH	DWORD [-20+EBP]
   336 000002F4 FF 75 F0                        	PUSH	DWORD [-16+EBP]
   337 000002F7 50                              	PUSH	EAX
   338 000002F8 8B 45 08                        	MOV	EAX,DWORD [8+EBP]
   339 000002FB 57                              	PUSH	EDI
   340 000002FC FF 75 1C                        	PUSH	DWORD [28+EBP]
   341 000002FF FF 70 04                        	PUSH	DWORD [4+EAX]
   342 00000302 FF 30                           	PUSH	DWORD [EAX]
   343 00000304 E8 [00000000]                   	CALL	_boxfill8
   344 00000309 8D 65 F4                        	LEA	ESP,DWORD [-12+EBP]
   345 0000030C 5B                              	POP	EBX
   346 0000030D 5E                              	POP	ESI
   347 0000030E 5F                              	POP	EDI
   348 0000030F 5D                              	POP	EBP
   349 00000310 C3                              	RET
   350 00000311                                 	GLOBAL	_change_wtitle8
   351 00000311                                 _change_wtitle8:
   352 00000311 55                              	PUSH	EBP
   353 00000312 89 E5                           	MOV	EBP,ESP
   354 00000314 57                              	PUSH	EDI
   355 00000315 56                              	PUSH	ESI
   356 00000316 53                              	PUSH	EBX
   357 00000317 83 EC 18                        	SUB	ESP,24
   358 0000031A 8B 45 08                        	MOV	EAX,DWORD [8+EBP]
   359 0000031D 80 7D 0C 00                     	CMP	BYTE [12+EBP],0
   360 00000321 8B 10                           	MOV	EDX,DWORD [EAX]
   361 00000323 8B 48 04                        	MOV	ECX,DWORD [4+EAX]
   362 00000326 89 55 E0                        	MOV	DWORD [-32+EBP],EDX
   363 00000329 0F 84 00000080                  	JE	L35
   364 0000032F C7 45 E8 00000000               	MOV	DWORD [-24+EBP],0
   365 00000336 C7 45 E4 00C6C6C6               	MOV	DWORD [-28+EBP],13027014
   366 0000033D                                 L36:
   367 0000033D 6B F9 03                        	IMUL	EDI,ECX,3
   368 00000340 C7 45 EC 00000011               	MOV	DWORD [-20+EBP],17
   369 00000347 89 7D DC                        	MOV	DWORD [-36+EBP],EDI
   370 0000034A                                 L49:
   371 0000034A C7 45 F0 00000003               	MOV	DWORD [-16+EBP],3
   372 00000351 8D 41 FC                        	LEA	EAX,DWORD [-4+ECX]
   373 00000354 39 45 F0                        	CMP	DWORD [-16+EBP],EAX
   374 00000357 7F 28                           	JG	L53
   375 00000359 8B 45 E0                        	MOV	EAX,DWORD [-32+EBP]
   376 0000035C 8B 55 DC                        	MOV	EDX,DWORD [-36+EBP]
   377 0000035F 8D 74 B8 0C                     	LEA	ESI,DWORD [12+EAX+EDI*4]
   378 00000363 8D 5C 90 0C                     	LEA	EBX,DWORD [12+EAX+EDX*4]
   379 00000367                                 L48:
   380 00000367 8B 13                           	MOV	EDX,DWORD [EBX]
   381 00000369 3B 55 E4                        	CMP	EDX,DWORD [-28+EBP]
   382 0000036C 74 34                           	JE	L54
   383 0000036E                                 L46:
   384 0000036E FF 45 F0                        	INC	DWORD [-16+EBP]
   385 00000371 8D 41 FC                        	LEA	EAX,DWORD [-4+ECX]
   386 00000374 89 16                           	MOV	DWORD [ESI],EDX
   387 00000376 83 C3 04                        	ADD	EBX,4
   388 00000379 83 C6 04                        	ADD	ESI,4
   389 0000037C 39 45 F0                        	CMP	DWORD [-16+EBP],EAX
   390 0000037F 7E E6                           	JLE	L48
   391 00000381                                 L53:
   392 00000381 01 CF                           	ADD	EDI,ECX
   393 00000383 01 4D DC                        	ADD	DWORD [-36+EBP],ECX
   394 00000386 FF 4D EC                        	DEC	DWORD [-20+EBP]
   395 00000389 79 BF                           	JNS	L49
   396 0000038B 6A 15                           	PUSH	21
   397 0000038D 51                              	PUSH	ECX
   398 0000038E 6A 03                           	PUSH	3
   399 00000390 6A 03                           	PUSH	3
   400 00000392 FF 75 08                        	PUSH	DWORD [8+EBP]
   401 00000395 E8 [00000000]                   	CALL	_sheet_refresh
   402 0000039A 8D 65 F4                        	LEA	ESP,DWORD [-12+EBP]
   403 0000039D 5B                              	POP	EBX
   404 0000039E 5E                              	POP	ESI
   405 0000039F 5F                              	POP	EDI
   406 000003A0 5D                              	POP	EBP
   407 000003A1 C3                              	RET
   408 000003A2                                 L54:
   409 000003A2 8D 41 EA                        	LEA	EAX,DWORD [-22+ECX]
   410 000003A5 39 45 F0                        	CMP	DWORD [-16+EBP],EAX
   411 000003A8 7F C4                           	JG	L46
   412 000003AA 8B 55 E8                        	MOV	EDX,DWORD [-24+EBP]
   413 000003AD EB BF                           	JMP	L46
   414 000003AF                                 L35:
   415 000003AF C7 45 E8 00C6C6C6               	MOV	DWORD [-24+EBP],13027014
   416 000003B6 C7 45 E4 00000000               	MOV	DWORD [-28+EBP],0
   417 000003BD E9 FFFFFF7B                     	JMP	L36
