     1 00000000                                 [FORMAT "WCOFF"]
     2 00000000                                 [INSTRSET "i486p"]
     3 00000000                                 [OPTIMIZE 1]
     4 00000000                                 [OPTION 1]
     5 00000000                                 [BITS 32]
     6 00000000                                 	EXTERN	__alloca
     7 00000000                                 	EXTERN	_api_cmdline
     8 00000000                                 	EXTERN	_api_fopen
     9 00000000                                 	EXTERN	_api_fsize
    10 00000000                                 	EXTERN	_api_fread
    11 00000000                                 	EXTERN	_api_fclose
    12 00000000                                 	EXTERN	_info_BMP
    13 00000000                                 	EXTERN	_info_JPEG
    14 00000000                                 	EXTERN	_api_putstr0
    15 00000000                                 	EXTERN	_api_end
    16 00000000                                 	EXTERN	_api_openwin
    17 00000000                                 	EXTERN	_decode0_JPEG
    18 00000000                                 	EXTERN	_api_refreshwin
    19 00000000                                 	EXTERN	_api_getkey
    20 00000000                                 	EXTERN	_decode0_BMP
    21 00000000                                 [FILE "gview.c"]
    22                                          [SECTION .data]
    23 00000000                                 LC0:
    24 00000000 CE B4 D5 D2 B5 BD CE C4 BC FE   	DB	0xCE,0xB4,0xD5,0xD2,0xB5,0xBD,0xCE,0xC4,0xBC,0xFE,".",0x0A,0x00
       0000000A 2E 0A 00 
    25 0000000D                                 LC1:
    26 0000000D CE C4 BC FE B9 FD B4 F3 2E 0A   	DB	0xCE,0xC4,0xBC,0xFE,0xB9,0xFD,0xB4,0xF3,".",0x0A,0x00
       00000017 00 
    27 00000018                                 LC2:
    28 00000018 CE C4 BC FE C0 E0 D0 CD CE B4   	DB	0xCE,0xC4,0xBC,0xFE,0xC0,0xE0,0xD0,0xCD,0xCE,0xB4,0xD6,0xAA,0xA3,0xAC,0xB3,0xCC,0xD0,0xF2,0xB2,0xBB,0xC4,0xDC,0xBD,0xE2,0xCE,0xF6,".",0x0A,0x00
       00000022 D6 AA A3 AC B3 CC D0 F2 B2 BB 
       0000002C C4 DC BD E2 CE F6 2E 0A 00 
    29 00000035                                 LC3:
    30 00000035 CD BC C6 AC B9 FD B4 F3 2E 0A   	DB	0xCD,0xBC,0xC6,0xAC,0xB9,0xFD,0xB4,0xF3,".",0x0A,0x00
       0000003F 00 
    31 00000040                                 LC4:
    32 00000040 CD BC C6 AC D4 C4 B6 C1 C6 F7   	DB	0xCD,0xBC,0xC6,0xAC,0xD4,0xC4,0xB6,0xC1,0xC6,0xF7,0x00
       0000004A 00 
    33 0000004B                                 LC5:
    34 0000004B BD E2 C2 EB B4 ED CE F3 2E 0A   	DB	0xBD,0xE2,0xC2,0xEB,0xB4,0xED,0xCE,0xF3,".",0x0A,0x00
       00000055 00 
    35                                          [SECTION .text]
    36 00000000                                 	GLOBAL	_HariMain
    37 00000000                                 _HariMain:
    38 00000000 55                              	PUSH	EBP
    39 00000001 B8 00D5C6A0                     	MOV	EAX,14010016
    40 00000006 89 E5                           	MOV	EBP,ESP
    41 00000008 57                              	PUSH	EDI
    42 00000009 56                              	PUSH	ESI
    43 0000000A 53                              	PUSH	EBX
    44 0000000B 8D 9D FFEA3984                  	LEA	EBX,DWORD [-1427068+EBP]
    45 00000011 E8 [00000000]                   	CALL	__alloca
    46 00000016 6A 1E                           	PUSH	30
    47 00000018 53                              	PUSH	EBX
    48 00000019 E8 [00000000]                   	CALL	_api_cmdline
    49 0000001E 5E                              	POP	ESI
    50 0000001F 5F                              	POP	EDI
    51 00000020 80 BD FFEA3984 20               	CMP	BYTE [-1427068+EBP],32
    52 00000027 7E 06                           	JLE	L38
    53 00000029                                 L6:
    54 00000029 43                              	INC	EBX
    55 0000002A 80 3B 20                        	CMP	BYTE [EBX],32
    56 0000002D 7F FA                           	JG	L6
    57 0000002F                                 L38:
    58 0000002F 80 3B 20                        	CMP	BYTE [EBX],32
    59 00000032 0F 84 0000022D                  	JE	L11
    60 00000038                                 L40:
    61 00000038 53                              	PUSH	EBX
    62 00000039 E8 [00000000]                   	CALL	_api_fopen
    63 0000003E 5B                              	POP	EBX
    64 0000003F 89 C6                           	MOV	ESI,EAX
    65 00000041 85 C0                           	TEST	EAX,EAX
    66 00000043 75 0B                           	JNE	L12
    67 00000045 68 [00000000]                   	PUSH	LC0
    68 0000004A E8 00000221                     	CALL	_error
    69 0000004F 59                              	POP	ECX
    70 00000050                                 L12:
    71 00000050 6A 00                           	PUSH	0
    72 00000052 56                              	PUSH	ESI
    73 00000053 E8 [00000000]                   	CALL	_api_fsize
    74 00000058 89 C7                           	MOV	EDI,EAX
    75 0000005A 58                              	POP	EAX
    76 0000005B 5A                              	POP	EDX
    77 0000005C 81 FF 00080000                  	CMP	EDI,524288
    78 00000062 7E 0B                           	JLE	L13
    79 00000064 68 [0000000D]                   	PUSH	LC1
    80 00000069 E8 00000202                     	CALL	_error
    81 0000006E 58                              	POP	EAX
    82 0000006F                                 L13:
    83 0000006F 56                              	PUSH	ESI
    84 00000070 8D 9D FFF6FFF4                  	LEA	EBX,DWORD [-589836+EBP]
    85 00000076 57                              	PUSH	EDI
    86 00000077 53                              	PUSH	EBX
    87 00000078 E8 [00000000]                   	CALL	_api_fread
    88 0000007D 56                              	PUSH	ESI
    89 0000007E 8D B5 FFFEFFF4                  	LEA	ESI,DWORD [-65548+EBP]
    90 00000084 E8 [00000000]                   	CALL	_api_fclose
    91 00000089 53                              	PUSH	EBX
    92 0000008A 8D 85 FFEA3964                  	LEA	EAX,DWORD [-1427100+EBP]
    93 00000090 57                              	PUSH	EDI
    94 00000091 50                              	PUSH	EAX
    95 00000092 56                              	PUSH	ESI
    96 00000093 E8 [00000000]                   	CALL	_info_BMP
    97 00000098 83 C4 20                        	ADD	ESP,32
    98 0000009B 85 C0                           	TEST	EAX,EAX
    99 0000009D 75 26                           	JNE	L14
   100 0000009F 53                              	PUSH	EBX
   101 000000A0 8D 95 FFEA3964                  	LEA	EDX,DWORD [-1427100+EBP]
   102 000000A6 57                              	PUSH	EDI
   103 000000A7 52                              	PUSH	EDX
   104 000000A8 56                              	PUSH	ESI
   105 000000A9 E8 [00000000]                   	CALL	_info_JPEG
   106 000000AE 83 C4 10                        	ADD	ESP,16
   107 000000B1 85 C0                           	TEST	EAX,EAX
   108 000000B3 75 10                           	JNE	L14
   109 000000B5 68 [00000018]                   	PUSH	LC2
   110 000000BA E8 [00000000]                   	CALL	_api_putstr0
   111 000000BF E8 [00000000]                   	CALL	_api_end
   112 000000C4 5B                              	POP	EBX
   113 000000C5                                 L14:
   114 000000C5 81 BD FFEA396C 00000400         	CMP	DWORD [-1427092+EBP],1024
   115 000000CF 7F 0C                           	JG	L17
   116 000000D1 81 BD FFEA3970 00000300         	CMP	DWORD [-1427088+EBP],768
   117 000000DB 7E 0B                           	JLE	L16
   118 000000DD                                 L17:
   119 000000DD 68 [00000035]                   	PUSH	LC3
   120 000000E2 E8 00000189                     	CALL	_error
   121 000000E7 59                              	POP	ECX
   122 000000E8                                 L16:
   123 000000E8 8B 85 FFEA396C                  	MOV	EAX,DWORD [-1427092+EBP]
   124 000000EE 83 C0 10                        	ADD	EAX,16
   125 000000F1 89 85 FF2A395C                  	MOV	DWORD [-14010020+EBP],EAX
   126 000000F7 3D 00000087                     	CMP	EAX,135
   127 000000FC 7F 0A                           	JG	L18
   128 000000FE C7 85 FF2A395C 00000088         	MOV	DWORD [-14010020+EBP],136
   129 00000108                                 L18:
   130 00000108 68 [00000040]                   	PUSH	LC4
   131 0000010D 8B 85 FFEA3970                  	MOV	EAX,DWORD [-1427088+EBP]
   132 00000113 6A FF                           	PUSH	-1
   133 00000115 83 C0 25                        	ADD	EAX,37
   134 00000118 50                              	PUSH	EAX
   135 00000119 8D 85 FFEA39A4                  	LEA	EAX,DWORD [-1427036+EBP]
   136 0000011F FF B5 FF2A395C                  	PUSH	DWORD [-14010020+EBP]
   137 00000125 50                              	PUSH	EAX
   138 00000126 E8 [00000000]                   	CALL	_api_openwin
   139 0000012B 83 C4 14                        	ADD	ESP,20
   140 0000012E 83 BD FFEA3964 01               	CMP	DWORD [-1427100+EBP],1
   141 00000135 89 85 FF2A3960                  	MOV	DWORD [-14010016+EBP],EAX
   142 0000013B 0F 84 00000100                  	JE	L46
   143 00000141 6A 00                           	PUSH	0
   144 00000143 8D 85 FF2A3964                  	LEA	EAX,DWORD [-14010012+EBP]
   145 00000149 50                              	PUSH	EAX
   146 0000014A 8D 85 FFF6FFF4                  	LEA	EAX,DWORD [-589836+EBP]
   147 00000150 6A 04                           	PUSH	4
   148 00000152 50                              	PUSH	EAX
   149 00000153 8D 85 FFFEFFF4                  	LEA	EAX,DWORD [-65548+EBP]
   150 00000159 57                              	PUSH	EDI
   151 0000015A 50                              	PUSH	EAX
   152 0000015B E8 [00000000]                   	CALL	_decode0_JPEG
   153 00000160                                 L45:
   154 00000160 83 C4 18                        	ADD	ESP,24
   155 00000163 85 C0                           	TEST	EAX,EAX
   156 00000165 74 0B                           	JE	L21
   157 00000167 68 [0000004B]                   	PUSH	LC5
   158 0000016C E8 000000FF                     	CALL	_error
   159 00000171 5A                              	POP	EDX
   160 00000172                                 L21:
   161 00000172 31 F6                           	XOR	ESI,ESI
   162 00000174 3B B5 FFEA3970                  	CMP	ESI,DWORD [-1427088+EBP]
   163 0000017A 7D 71                           	JGE	L42
   164 0000017C 6B 95 FF2A395C 1D               	IMUL	EDX,DWORD [-14010020+EBP],29
   165 00000183 89 95 FF2A3954                  	MOV	DWORD [-14010028+EBP],EDX
   166 00000189                                 L31:
   167 00000189 8B 8D FFEA396C                  	MOV	ECX,DWORD [-1427092+EBP]
   168 0000018F 8B BD FF2A3954                  	MOV	EDI,DWORD [-14010028+EBP]
   169 00000195 8B 85 FF2A395C                  	MOV	EAX,DWORD [-14010020+EBP]
   170 0000019B BA 00000002                     	MOV	EDX,2
   171 000001A0 29 C8                           	SUB	EAX,ECX
   172 000001A2 8D 9C 2F FFEA39A4               	LEA	EBX,DWORD [-1427036+EDI+EBP*1]
   173 000001A9 89 D7                           	MOV	EDI,EDX
   174 000001AB 99                              	CDQ
   175 000001AC F7 FF                           	IDIV	EDI
   176 000001AE 01 C3                           	ADD	EBX,EAX
   177 000001B0 31 FF                           	XOR	EDI,EDI
   178 000001B2 89 F0                           	MOV	EAX,ESI
   179 000001B4 0F AF C1                        	IMUL	EAX,ECX
   180 000001B7 C1 E0 04                        	SAL	EAX,4
   181 000001BA 39 CF                           	CMP	EDI,ECX
   182 000001BC 8D 84 28 FF2A3964               	LEA	EAX,DWORD [-14010012+EAX+EBP*1]
   183 000001C3 7D 13                           	JGE	L44
   184 000001C5 89 C2                           	MOV	EDX,EAX
   185 000001C7                                 L30:
   186 000001C7 8A 02                           	MOV	AL,BYTE [EDX]
   187 000001C9 83 C2 10                        	ADD	EDX,16
   188 000001CC 88 04 1F                        	MOV	BYTE [EDI+EBX*1],AL
   189 000001CF 47                              	INC	EDI
   190 000001D0 3B BD FFEA396C                  	CMP	EDI,DWORD [-1427092+EBP]
   191 000001D6 7C EF                           	JL	L30
   192 000001D8                                 L44:
   193 000001D8 8B 85 FF2A395C                  	MOV	EAX,DWORD [-14010020+EBP]
   194 000001DE 46                              	INC	ESI
   195 000001DF 01 85 FF2A3954                  	ADD	DWORD [-14010028+EBP],EAX
   196 000001E5 3B B5 FFEA3970                  	CMP	ESI,DWORD [-1427088+EBP]
   197 000001EB 7C 9C                           	JL	L31
   198 000001ED                                 L42:
   199 000001ED 8B 8D FFEA396C                  	MOV	ECX,DWORD [-1427092+EBP]
   200 000001F3 8B 85 FFEA3970                  	MOV	EAX,DWORD [-1427088+EBP]
   201 000001F9 29 8D FF2A395C                  	SUB	DWORD [-14010020+EBP],ECX
   202 000001FF 83 C0 1D                        	ADD	EAX,29
   203 00000202 50                              	PUSH	EAX
   204 00000203 BB 00000002                     	MOV	EBX,2
   205 00000208 8B 85 FF2A395C                  	MOV	EAX,DWORD [-14010020+EBP]
   206 0000020E 99                              	CDQ
   207 0000020F F7 FB                           	IDIV	EBX
   208 00000211 8D 14 01                        	LEA	EDX,DWORD [ECX+EAX*1]
   209 00000214 52                              	PUSH	EDX
   210 00000215 6A 1D                           	PUSH	29
   211 00000217 50                              	PUSH	EAX
   212 00000218 FF B5 FF2A3960                  	PUSH	DWORD [-14010016+EBP]
   213 0000021E E8 [00000000]                   	CALL	_api_refreshwin
   214 00000223 83 C4 14                        	ADD	ESP,20
   215 00000226                                 L32:
   216 00000226 6A 01                           	PUSH	1
   217 00000228 E8 [00000000]                   	CALL	_api_getkey
   218 0000022D 89 C6                           	MOV	ESI,EAX
   219 0000022F 58                              	POP	EAX
   220 00000230 83 FE 51                        	CMP	ESI,81
   221 00000233 74 05                           	JE	L36
   222 00000235 83 FE 71                        	CMP	ESI,113
   223 00000238 75 EC                           	JNE	L32
   224 0000023A                                 L36:
   225 0000023A E8 [00000000]                   	CALL	_api_end
   226 0000023F EB E5                           	JMP	L32
   227 00000241                                 L46:
   228 00000241 6A 00                           	PUSH	0
   229 00000243 8D 85 FF2A3964                  	LEA	EAX,DWORD [-14010012+EBP]
   230 00000249 50                              	PUSH	EAX
   231 0000024A 8D 85 FFF6FFF4                  	LEA	EAX,DWORD [-589836+EBP]
   232 00000250 6A 04                           	PUSH	4
   233 00000252 50                              	PUSH	EAX
   234 00000253 8D 85 FFFEFFF4                  	LEA	EAX,DWORD [-65548+EBP]
   235 00000259 57                              	PUSH	EDI
   236 0000025A 50                              	PUSH	EAX
   237 0000025B E8 [00000000]                   	CALL	_decode0_BMP
   238 00000260 E9 FFFFFEFB                     	JMP	L45
   239 00000265                                 L11:
   240 00000265 43                              	INC	EBX
   241 00000266 80 3B 20                        	CMP	BYTE [EBX],32
   242 00000269 74 FA                           	JE	L11
   243 0000026B E9 FFFFFDC8                     	JMP	L40
   244 00000270                                 	GLOBAL	_error
   245 00000270                                 _error:
   246 00000270 55                              	PUSH	EBP
   247 00000271 89 E5                           	MOV	EBP,ESP
   248 00000273 FF 75 08                        	PUSH	DWORD [8+EBP]
   249 00000276 E8 [00000000]                   	CALL	_api_putstr0
   250 0000027B 58                              	POP	EAX
   251 0000027C C9                              	LEAVE
   252 0000027D E9 [00000000]                   	JMP	_api_end
