     1 00000000                                 [FORMAT "WCOFF"]
     2 00000000                                 [INSTRSET "i486p"]
     3 00000000                                 [OPTIMIZE 1]
     4 00000000                                 [OPTION 1]
     5 00000000                                 [BITS 32]
     6 00000000                                 	EXTERN	_vsprintf
     7 00000000                                 	EXTERN	_api_putstr0
     8 00000000                                 	EXTERN	_api_rtc
     9 00000000                                 	EXTERN	_api_end
    10 00000000                                 [FILE "date.c"]
    11                                          [SECTION .text]
    12 00000000                                 	GLOBAL	_printf
    13 00000000                                 _printf:
    14 00000000 55                              	PUSH	EBP
    15 00000001 89 E5                           	MOV	EBP,ESP
    16 00000003 56                              	PUSH	ESI
    17 00000004 53                              	PUSH	EBX
    18 00000005 81 EC 000003F0                  	SUB	ESP,1008
    19 0000000B 8D 45 0C                        	LEA	EAX,DWORD [12+EBP]
    20 0000000E 8D 9D FFFFFC08                  	LEA	EBX,DWORD [-1016+EBP]
    21 00000014 50                              	PUSH	EAX
    22 00000015 FF 75 08                        	PUSH	DWORD [8+EBP]
    23 00000018 53                              	PUSH	EBX
    24 00000019 E8 [00000000]                   	CALL	_vsprintf
    25 0000001E 53                              	PUSH	EBX
    26 0000001F 89 C6                           	MOV	ESI,EAX
    27 00000021 E8 [00000000]                   	CALL	_api_putstr0
    28 00000026 8D 65 F8                        	LEA	ESP,DWORD [-8+EBP]
    29 00000029 89 F0                           	MOV	EAX,ESI
    30 0000002B 5B                              	POP	EBX
    31 0000002C 5E                              	POP	ESI
    32 0000002D 5D                              	POP	EBP
    33 0000002E C3                              	RET
    34                                          [SECTION .data]
    35 00000000                                 LC0:
    36 00000000 D6 DC C8 D5 00                  	DB	0xD6,0xDC,0xC8,0xD5,0x00
    37 00000005                                 LC1:
    38 00000005 D6 DC D2 BB 00                  	DB	0xD6,0xDC,0xD2,0xBB,0x00
    39 0000000A                                 LC2:
    40 0000000A D6 DC B6 FE 00                  	DB	0xD6,0xDC,0xB6,0xFE,0x00
    41 0000000F                                 LC3:
    42 0000000F D6 DC C8 FD 00                  	DB	0xD6,0xDC,0xC8,0xFD,0x00
    43 00000014                                 LC4:
    44 00000014 D6 DC CB C4 00                  	DB	0xD6,0xDC,0xCB,0xC4,0x00
    45 00000019                                 LC5:
    46 00000019 D6 DC CE E5 00                  	DB	0xD6,0xDC,0xCE,0xE5,0x00
    47 0000001E                                 LC6:
    48 0000001E D6 DC C1 F9 00                  	DB	0xD6,0xDC,0xC1,0xF9,0x00
    49 00000023 00                              	ALIGNB	4
    50 00000024                                 LC7:
    51 00000024 [00000000]                      	DD	LC0
    52 00000028 [00000005]                      	DD	LC1
    53 0000002C [0000000A]                      	DD	LC2
    54 00000030 [0000000F]                      	DD	LC3
    55 00000034 [00000014]                      	DD	LC4
    56 00000038 [00000019]                      	DD	LC5
    57 0000003C [0000001E]                      	DD	LC6
    58 00000040                                 LC8:
    59 00000040 25 64 2D 25 64 2D 25 64 20 25   	DB	"%d-%d-%d %s %d:%02d:%02d",0x0A,0x00
       0000004A 73 20 25 64 3A 25 30 32 64 3A 
       00000054 25 30 32 64 0A 00 
    60                                          [SECTION .text]
    61 0000002F                                 	GLOBAL	_HariMain
    62 0000002F                                 _HariMain:
    63 0000002F 55                              	PUSH	EBP
    64 00000030 B9 00000007                     	MOV	ECX,7
    65 00000035 89 E5                           	MOV	EBP,ESP
    66 00000037 57                              	PUSH	EDI
    67 00000038 56                              	PUSH	ESI
    68 00000039 BE [00000024]                   	MOV	ESI,LC7
    69 0000003E FC                              	CLD
    70 0000003F 53                              	PUSH	EBX
    71 00000040 8D 7D D4                        	LEA	EDI,DWORD [-44+EBP]
    72 00000043 83 EC 30                        	SUB	ESP,48
    73 00000046 F3                              	REP
    74 00000047 A5                              	MOVSD
    75 00000048 6A 00                           	PUSH	0
    76 0000004A E8 [00000000]                   	CALL	_api_rtc
    77 0000004F 6A 02                           	PUSH	2
    78 00000051 89 45 D0                        	MOV	DWORD [-48+EBP],EAX
    79 00000054 E8 [00000000]                   	CALL	_api_rtc
    80 00000059 6A 04                           	PUSH	4
    81 0000005B 89 45 CC                        	MOV	DWORD [-52+EBP],EAX
    82 0000005E E8 [00000000]                   	CALL	_api_rtc
    83 00000063 6A 06                           	PUSH	6
    84 00000065 89 45 C8                        	MOV	DWORD [-56+EBP],EAX
    85 00000068 E8 [00000000]                   	CALL	_api_rtc
    86 0000006D 6A 07                           	PUSH	7
    87 0000006F 89 45 C4                        	MOV	DWORD [-60+EBP],EAX
    88 00000072 E8 [00000000]                   	CALL	_api_rtc
    89 00000077 6A 08                           	PUSH	8
    90 00000079 89 C7                           	MOV	EDI,EAX
    91 0000007B E8 [00000000]                   	CALL	_api_rtc
    92 00000080 6A 09                           	PUSH	9
    93 00000082 89 C6                           	MOV	ESI,EAX
    94 00000084 E8 [00000000]                   	CALL	_api_rtc
    95 00000089 6A 32                           	PUSH	50
    96 0000008B 89 C3                           	MOV	EBX,EAX
    97 0000008D E8 [00000000]                   	CALL	_api_rtc
    98 00000092 8B 55 C4                        	MOV	EDX,DWORD [-60+EBP]
    99 00000095 6B C0 64                        	IMUL	EAX,EAX,100
   100 00000098 83 C4 20                        	ADD	ESP,32
   101 0000009B 01 D8                           	ADD	EAX,EBX
   102 0000009D FF 75 D0                        	PUSH	DWORD [-48+EBP]
   103 000000A0 FF 75 CC                        	PUSH	DWORD [-52+EBP]
   104 000000A3 FF 75 C8                        	PUSH	DWORD [-56+EBP]
   105 000000A6 FF 74 95 D4                     	PUSH	DWORD [-44+EBP+EDX*4]
   106 000000AA 57                              	PUSH	EDI
   107 000000AB 56                              	PUSH	ESI
   108 000000AC 50                              	PUSH	EAX
   109 000000AD 68 [00000040]                   	PUSH	LC8
   110 000000B2 E8 FFFFFF49                     	CALL	_printf
   111 000000B7 83 C4 20                        	ADD	ESP,32
   112 000000BA E8 [00000000]                   	CALL	_api_end
   113 000000BF 8D 65 F4                        	LEA	ESP,DWORD [-12+EBP]
   114 000000C2 5B                              	POP	EBX
   115 000000C3 5E                              	POP	ESI
   116 000000C4 5F                              	POP	EDI
   117 000000C5 5D                              	POP	EBP
   118 000000C6 C3                              	RET
