     1 00000000                                 [FORMAT "WCOFF"]
     2 00000000                                 [INSTRSET "i486p"]
     3 00000000                                 [OPTIMIZE 1]
     4 00000000                                 [OPTION 1]
     5 00000000                                 [BITS 32]
     6 00000000                                 	EXTERN	_api_initmalloc
     7 00000000                                 	EXTERN	_api_malloc
     8 00000000                                 	EXTERN	_api_openwin
     9 00000000                                 	EXTERN	_api_boxfilwin
    10 00000000                                 	EXTERN	_api_putstrwin
    11 00000000                                 	EXTERN	_api_getkey
    12 00000000                                 	EXTERN	_api_closewin
    13 00000000                                 	EXTERN	_api_end
    14 00000000                                 [FILE "walk.c"]
    15                                          [SECTION .data]
    16 00000000                                 LC0:
    17 00000000 D7 DF 20 2D B2 E2 CA D4 D3 C3   	DB	0xD7,0xDF," -",0xB2,0xE2,0xCA,0xD4,0xD3,0xC3,0xB3,0xCC,0xD0,0xF2,0x00
       0000000A B3 CC D0 F2 00 
    18 0000000F                                 LC1:
    19 0000000F 2A 00                           	DB	"*",0x00
    20                                          [SECTION .text]
    21 00000000                                 	GLOBAL	_HariMain
    22 00000000                                 _HariMain:
    23 00000000 55                              	PUSH	EBP
    24 00000001 89 E5                           	MOV	EBP,ESP
    25 00000003 57                              	PUSH	EDI
    26 00000004 56                              	PUSH	ESI
    27 00000005 BF 0000004C                     	MOV	EDI,76
    28 0000000A 53                              	PUSH	EBX
    29 0000000B BE 00000038                     	MOV	ESI,56
    30 00000010 52                              	PUSH	EDX
    31 00000011 E8 [00000000]                   	CALL	_api_initmalloc
    32 00000016 68 00003E80                     	PUSH	16000
    33 0000001B E8 [00000000]                   	CALL	_api_malloc
    34 00000020 68 [00000000]                   	PUSH	LC0
    35 00000025 6A FF                           	PUSH	-1
    36 00000027 6A 64                           	PUSH	100
    37 00000029 68 000000A0                     	PUSH	160
    38 0000002E 50                              	PUSH	EAX
    39 0000002F E8 [00000000]                   	CALL	_api_openwin
    40 00000034 89 45 F0                        	MOV	DWORD [-16+EBP],EAX
    41 00000037 6A 00                           	PUSH	0
    42 00000039 6A 5F                           	PUSH	95
    43 0000003B 68 0000009B                     	PUSH	155
    44 00000040 6A 18                           	PUSH	24
    45 00000042 6A 04                           	PUSH	4
    46 00000044 50                              	PUSH	EAX
    47 00000045 E8 [00000000]                   	CALL	_api_boxfilwin
    48 0000004A 83 C4 30                        	ADD	ESP,48
    49 0000004D 68 [0000000F]                   	PUSH	LC1
    50 00000052 6A 01                           	PUSH	1
    51 00000054 68 00FFFF00                     	PUSH	16776960
    52 00000059 6A 38                           	PUSH	56
    53 0000005B 6A 4C                           	PUSH	76
    54 0000005D                                 L10:
    55 0000005D FF 75 F0                        	PUSH	DWORD [-16+EBP]
    56 00000060 E8 [00000000]                   	CALL	_api_putstrwin
    57 00000065 83 C4 18                        	ADD	ESP,24
    58 00000068 6A 01                           	PUSH	1
    59 0000006A E8 [00000000]                   	CALL	_api_getkey
    60 0000006F 68 [0000000F]                   	PUSH	LC1
    61 00000074 6A 01                           	PUSH	1
    62 00000076 89 C3                           	MOV	EBX,EAX
    63 00000078 6A 00                           	PUSH	0
    64 0000007A 56                              	PUSH	ESI
    65 0000007B 57                              	PUSH	EDI
    66 0000007C FF 75 F0                        	PUSH	DWORD [-16+EBP]
    67 0000007F E8 [00000000]                   	CALL	_api_putstrwin
    68 00000084 83 C4 1C                        	ADD	ESP,28
    69 00000087 83 FB 61                        	CMP	EBX,97
    70 0000008A 74 5A                           	JE	L11
    71 0000008C                                 L5:
    72 0000008C 83 FB 64                        	CMP	EBX,100
    73 0000008F 74 48                           	JE	L12
    74 00000091                                 L6:
    75 00000091 83 FB 77                        	CMP	EBX,119
    76 00000094 74 39                           	JE	L13
    77 00000096                                 L7:
    78 00000096 83 FB 73                        	CMP	EBX,115
    79 00000099 74 2A                           	JE	L14
    80 0000009B                                 L8:
    81 0000009B 83 FB 0A                        	CMP	EBX,10
    82 0000009E 74 10                           	JE	L3
    83 000000A0 68 [0000000F]                   	PUSH	LC1
    84 000000A5 6A 01                           	PUSH	1
    85 000000A7 68 00FFFF00                     	PUSH	16776960
    86 000000AC 56                              	PUSH	ESI
    87 000000AD 57                              	PUSH	EDI
    88 000000AE EB AD                           	JMP	L10
    89 000000B0                                 L3:
    90 000000B0 FF 75 F0                        	PUSH	DWORD [-16+EBP]
    91 000000B3 E8 [00000000]                   	CALL	_api_closewin
    92 000000B8 58                              	POP	EAX
    93 000000B9 8D 65 F4                        	LEA	ESP,DWORD [-12+EBP]
    94 000000BC 5B                              	POP	EBX
    95 000000BD 5E                              	POP	ESI
    96 000000BE 5F                              	POP	EDI
    97 000000BF 5D                              	POP	EBP
    98 000000C0 E9 [00000000]                   	JMP	_api_end
    99 000000C5                                 L14:
   100 000000C5 83 FE 4F                        	CMP	ESI,79
   101 000000C8 7F D1                           	JG	L8
   102 000000CA 83 C6 08                        	ADD	ESI,8
   103 000000CD EB CC                           	JMP	L8
   104 000000CF                                 L13:
   105 000000CF 83 FE 18                        	CMP	ESI,24
   106 000000D2 7E C2                           	JLE	L7
   107 000000D4 83 EE 08                        	SUB	ESI,8
   108 000000D7 EB BD                           	JMP	L7
   109 000000D9                                 L12:
   110 000000D9 81 FF 00000093                  	CMP	EDI,147
   111 000000DF 7F B0                           	JG	L6
   112 000000E1 83 C7 08                        	ADD	EDI,8
   113 000000E4 EB AB                           	JMP	L6
   114 000000E6                                 L11:
   115 000000E6 83 FF 04                        	CMP	EDI,4
   116 000000E9 7E A1                           	JLE	L5
   117 000000EB 83 EF 08                        	SUB	EDI,8
   118 000000EE EB 9C                           	JMP	L5
